src/components/monitoring/PerformanceDashboard.tsx(8,10): error TS2614: Module '"@/components/ui/Card"' has no exported member 'Card'. Did you mean to use 'import Card from "@/components/ui/Card"' instead?
src/components/monitoring/PerformanceDashboard.tsx(8,16): error TS2614: Module '"@/components/ui/Card"' has no exported member 'CardContent'. Did you mean to use 'import CardContent from "@/components/ui/Card"' instead?
src/components/monitoring/PerformanceDashboard.tsx(8,29): error TS2614: Module '"@/components/ui/Card"' has no exported member 'CardHeader'. Did you mean to use 'import CardHeader from "@/components/ui/Card"' instead?
src/components/monitoring/PerformanceDashboard.tsx(8,41): error TS2614: Module '"@/components/ui/Card"' has no exported member 'CardTitle'. Did you mean to use 'import CardTitle from "@/components/ui/Card"' instead?
src/components/monitoring/PerformanceMonitoringExample.tsx(318,56): error TS2339: Property 'getTrendData' does not exist on type 'PerformanceTrendAnalyzer'.
src/components/monitoring/PerformanceMonitoringIndex.ts(45,42): error TS2554: Expected 4 arguments, but got 2.
src/components/monitoring/PerformanceMonitoringIndex.ts(53,49): error TS2345: Argument of type '{ intervalMs: number; enableDetailedMetrics: boolean; }' is not assignable to parameter of type 'number'.
src/components/monitoring/PerformanceMonitoringIndex.ts(59,38): error TS2339: Property 'initialize' does not exist on type 'PerformanceTrendAnalyzer'.
src/components/monitoring/PerformanceMonitoringIndex.ts(65,34): error TS2339: Property 'initialize' does not exist on type 'PerformanceDataCache'.
src/components/monitoring/PerformanceMonitoringIndex.ts(83,54): error TS2339: Property 'isActive' does not exist on type 'TypeScriptPerformanceService'.
src/components/monitoring/PerformanceMonitoringIndex.ts(84,48): error TS2341: Property 'isTracking' is private and only accessible within class 'IDEPerformanceTracker'.
src/components/monitoring/PerformanceMonitoringIndex.ts(84,48): error TS2349: This expression is not callable.
  Type 'Boolean' has no call signatures.
src/components/monitoring/PerformanceMonitoringIndex.ts(85,46): error TS2339: Property 'isInitialized' does not exist on type 'PerformanceDataCache'.
src/components/monitoring/PerformanceMonitoringIndex.ts(86,47): error TS2339: Property 'isReady' does not exist on type 'PerformanceTrendAnalyzer'.
src/components/product/ProductPreviewWorkspace.tsx(291,24): error TS2339: Property 'productQuery' does not exist on type '{}'.
src/components/product/ProductPreviewWorkspace.tsx(292,31): error TS2339: Property 'productQuery' does not exist on type '{}'.
src/components/product/ProductPreviewWorkspace.tsx(294,24): error TS2339: Property 'personalization' does not exist on type '{}'.
src/components/product/ProductPreviewWorkspace.tsx(295,34): error TS2339: Property 'personalization' does not exist on type '{}'.
src/components/product/ProductPreviewWorkspace.tsx(297,24): error TS2339: Property 'sceneImage' does not exist on type '{}'.
src/components/product/ProductPreviewWorkspace.tsx(298,36): error TS2339: Property 'sceneImage' does not exist on type '{}'.
src/components/product/ProductPreviewWorkspace.tsx(300,24): error TS2339: Property 'productImage' does not exist on type '{}'.
src/components/product/ProductPreviewWorkspace.tsx(301,38): error TS2339: Property 'productImage' does not exist on type '{}'.
src/components/product/ProductPreviewWorkspace.tsx(303,17): error TS2339: Property 'boundingBox' does not exist on type '{}'.
src/components/product/ProductPreviewWorkspace.tsx(304,30): error TS2339: Property 'boundingBox' does not exist on type '{}'.
src/components/product/ProductPreviewWorkspace.tsx(306,40): error TS2339: Property 'generatedImage' does not exist on type '{}'.
src/components/product/ProductPreviewWorkspace.tsx(306,67): error TS2339: Property 'imageUrl' does not exist on type '{}'.
src/components/product/ProductPreviewWorkspace.tsx(450,21): error TS2322: Type '(event: React.ChangeEvent<HTMLInputElement>) => Promise<void>' is not assignable to type '(value: string, event: ChangeEvent<HTMLInputElement>) => void'.
  Types of parameters 'event' and 'value' are incompatible.
    Type 'string' is not assignable to type 'ChangeEvent<HTMLInputElement>'.
src/components/product/ProductPreviewWorkspace.tsx(526,19): error TS2322: Type '(event: React.ChangeEvent<HTMLInputElement>) => Promise<void>' is not assignable to type '(value: string, event: ChangeEvent<HTMLInputElement>) => void'.
  Types of parameters 'event' and 'value' are incompatible.
    Type 'string' is not assignable to type 'ChangeEvent<HTMLInputElement>'.
src/components/product/ProductPreviewWorkspace.tsx(551,19): error TS2322: Type '(event: React.ChangeEvent<HTMLInputElement>) => void' is not assignable to type '(value: string, event: ChangeEvent<HTMLInputElement>) => void'.
  Types of parameters 'event' and 'value' are incompatible.
    Type 'string' is not assignable to type 'ChangeEvent<HTMLInputElement>'.
src/components/ui/Button.tsx(179,8): error TS2322: Type '{ children: Element; disabled: boolean; 'aria-disabled': boolean; 'aria-busy': boolean; role: string | undefined; type: "button" | "submit" | "reset" | undefined; onClick: UnifiedEventHandler<MouseEvent<HTMLButtonElement, MouseEvent>, MouseEvent<...>> | undefined; ... 270 more ...; ref: ForwardedRef<...>; }' is not assignable to type 'ButtonHTMLAttributes<HTMLButtonElement>'.
  Types of property 'onClick' are incompatible.
    Type 'UnifiedEventHandler<MouseEvent<HTMLButtonElement, MouseEvent>, MouseEvent<HTMLButtonElement | HTMLDivElement, MouseEvent>> | undefined' is not assignable to type 'MouseEventHandler<HTMLButtonElement> | undefined'.
      Type 'UnifiedEventHandler<MouseEvent<HTMLButtonElement, MouseEvent>, MouseEvent<HTMLButtonElement | HTMLDivElement, MouseEvent>>' is not assignable to type 'MouseEventHandler<HTMLButtonElement>'.
        Target signature provides too few arguments. Expected 2 or more, but got 1.
src/components/ui/Button.tsx(182,28): error TS2322: Type 'ColorVariant | undefined' is not assignable to type '"primary" | "secondary" | "success" | "warning" | "info" | "brand" | "ghost" | "outline" | "destructive" | "link" | "glass" | null | undefined'.
  Type '"error"' is not assignable to type '"primary" | "secondary" | "success" | "warning" | "info" | "brand" | "ghost" | "outline" | "destructive" | "link" | "glass" | null | undefined'.
src/components/ui/Button.tsx(182,37): error TS2322: Type 'SizeVariant | undefined' is not assignable to type '"sm" | "md" | "lg" | "xl" | "icon" | "icon-sm" | "icon-lg" | null | undefined'.
  Type '"xs"' is not assignable to type '"sm" | "md" | "lg" | "xl" | "icon" | "icon-sm" | "icon-lg" | null | undefined'.
src/components/ui/Button.tsx(182,43): error TS2322: Type 'ShapeVariant | undefined' is not assignable to type '"rounded" | "square" | "pill" | "default" | null | undefined'.
  Type '"circle"' is not assignable to type '"rounded" | "square" | "pill" | "default" | null | undefined'.
src/components/ui/Card.tsx(41,8): error TS2322: Type '{ children: ReactNode; radius?: string | number | undefined; ref: ForwardedRef<HTMLHeadingElement>; className: string; }' is not assignable to type 'SVGProps<SVGSymbolElement>'.
  Types of property 'ref' are incompatible.
    Type 'ForwardedRef<HTMLHeadingElement>' is not assignable to type 'LegacyRef<SVGSymbolElement> | undefined'.
      Type '(instance: HTMLHeadingElement | null) => void' is not assignable to type 'LegacyRef<SVGSymbolElement> | undefined'.
        Type '(instance: HTMLHeadingElement | null) => void' is not assignable to type '(instance: SVGSymbolElement | null) => void'.
          Types of parameters 'instance' and 'instance' are incompatible.
            Type 'SVGSymbolElement | null' is not assignable to type 'HTMLHeadingElement | null'.
              Type 'SVGSymbolElement' is missing the following properties from type 'HTMLHeadingElement': align, accessKey, accessKeyLabel, autocapitalize, and 26 more.
src/components/ui/Card.tsx(42,9): error TS2590: Expression produces a union type that is too complex to represent.
src/components/ui/EventEnhancer.tsx(112,48): error TS2345: Argument of type 'Function' is not assignable to parameter of type '(data?: void | undefined, event?: SyntheticEvent<Element, Event> | undefined) => void'.
  Type 'Function' provides no match for the signature '(data?: void | undefined, event?: SyntheticEvent<Element, Event> | undefined): void'.
src/components/ui/EventEnhancer.tsx(163,34): error TS2345: Argument of type '(newValue: string, event: React.ChangeEvent<HTMLInputElement>) => void' is not assignable to parameter of type 'ChangeEventHandler<string> | undefined'.
  Type '(newValue: string, event: React.ChangeEvent<HTMLInputElement>) => void' is not assignable to type 'LegacyEventHandler<ChangeEvent<HTMLInputElement | HTMLSelectElement | HTMLTextAreaElement>>'.
    Target signature provides too few arguments. Expected 2 or more, but got 1.
src/components/ui/EventEnhancer.tsx(316,32): error TS2345: Argument of type '(newValue: string, event: React.ChangeEvent<HTMLInputElement>) => void' is not assignable to parameter of type 'ChangeEventHandler<string> | undefined'.
  Type '(newValue: string, event: React.ChangeEvent<HTMLInputElement>) => void' is not assignable to type 'LegacyEventHandler<ChangeEvent<HTMLInputElement | HTMLSelectElement | HTMLTextAreaElement>>'.
    Target signature provides too few arguments. Expected 2 or more, but got 1.
src/components/ui/index.ts(86,15): error TS2724: '"./IconButton"' has no exported member named 'IconButtonProps'. Did you mean 'IconButton'?
src/components/ui/index.ts(177,15): error TS2614: Module '"./Avatar"' has no exported member 'AvatarProps'. Did you mean to use 'import AvatarProps from "./Avatar"' instead?
src/components/ui/index.ts(183,15): error TS2305: Module '"./types.unified"' has no exported member 'ConfirmDialogProps'.
src/components/ui/index.ts(192,3): error TS18004: No value exists in scope for the shorthand property 'Card'. Either declare one or provide an initializer.
src/components/ui/index.ts(193,3): error TS18004: No value exists in scope for the shorthand property 'Button'. Either declare one or provide an initializer.
src/components/ui/index.ts(194,3): error TS18004: No value exists in scope for the shorthand property 'IconButton'. Either declare one or provide an initializer.
src/components/ui/index.ts(195,3): error TS18004: No value exists in scope for the shorthand property 'Input'. Either declare one or provide an initializer.
src/components/ui/index.ts(196,3): error TS18004: No value exists in scope for the shorthand property 'Modal'. Either declare one or provide an initializer.
src/components/ui/index.ts(197,3): error TS18004: No value exists in scope for the shorthand property 'Select'. Either declare one or provide an initializer.
src/components/ui/index.ts(198,3): error TS18004: No value exists in scope for the shorthand property 'Dropdown'. Either declare one or provide an initializer.
src/components/ui/index.ts(199,3): error TS18004: No value exists in scope for the shorthand property 'Tabs'. Either declare one or provide an initializer.
src/components/ui/index.ts(200,3): error TS18004: No value exists in scope for the shorthand property 'Switch'. Either declare one or provide an initializer.
src/components/ui/index.ts(201,3): error TS18004: No value exists in scope for the shorthand property 'Dialog'. Either declare one or provide an initializer.
src/components/ui/index.ts(202,3): error TS18004: No value exists in scope for the shorthand property 'Tooltip'. Either declare one or provide an initializer.
src/components/ui/index.ts(203,3): error TS18004: No value exists in scope for the shorthand property 'Label'. Either declare one or provide an initializer.
src/components/ui/index.ts(204,3): error TS18004: No value exists in scope for the shorthand property 'Badge'. Either declare one or provide an initializer.
src/components/ui/index.ts(205,3): error TS18004: No value exists in scope for the shorthand property 'Avatar'. Either declare one or provide an initializer.
src/components/ui/index.ts(206,3): error TS18004: No value exists in scope for the shorthand property 'Alert'. Either declare one or provide an initializer.
src/components/ui/index.ts(207,3): error TS18004: No value exists in scope for the shorthand property 'ConfirmDialog'. Either declare one or provide an initializer.
src/components/ui/index.ts(210,10): error TS2304: Cannot find name 'ToastProvider'.
src/components/ui/index.ts(211,3): error TS18004: No value exists in scope for the shorthand property 'Toaster'. Either declare one or provide an initializer.
src/components/ui/index.ts(212,3): error TS18004: No value exists in scope for the shorthand property 'useToast'. Either declare one or provide an initializer.
src/components/ui/index.ts(213,3): error TS18004: No value exists in scope for the shorthand property 'toast'. Either declare one or provide an initializer.
src/components/ui/index.ts(214,3): error TS18004: No value exists in scope for the shorthand property 'toastSuccess'. Either declare one or provide an initializer.
src/components/ui/index.ts(215,3): error TS18004: No value exists in scope for the shorthand property 'toastError'. Either declare one or provide an initializer.
src/components/ui/index.ts(216,3): error TS18004: No value exists in scope for the shorthand property 'toastWarning'. Either declare one or provide an initializer.
src/components/ui/index.ts(217,3): error TS18004: No value exists in scope for the shorthand property 'toastInfo'. Either declare one or provide an initializer.
src/components/ui/index.ts(225,15): error TS2307: Cannot find module '../utils/type-guards' or its corresponding type declarations.
src/components/ui/index.ts(228,15): error TS2307: Cannot find module '../utils/performanceOptimizer' or its corresponding type declarations.
src/components/ui/index.ts(246,3): error TS1184: Modifiers cannot appear here.
src/components/ui/Input.tsx(36,18): error TS2320: Interface 'InputProps' cannot simultaneously extend types 'VariantProps<(props?: (ConfigVariants<{ size: { sm: string; md: string; lg: string; xl: string; }; state: { default: string; success: string; warning: string; error: string; }; }> & ClassProp) | undefined) => string>' and 'Omit<InputProps, "size">'.
  Named property 'state' of types 'VariantProps<(props?: (ConfigVariants<{ size: { sm: string; md: string; lg: string; xl: string; }; state: { default: string; success: string; warning: string; error: string; }; }> & ClassProp) | undefined) => string>' and 'Omit<InputProps, "size">' are not identical.
src/components/ui/Input.tsx(324,12): error TS2322: Type '{ id: string; name: string; type: "number" | "search" | "time" | "text" | "date" | "password" | "email" | "tel" | "url" | "datetime-local" | "file"; value: string | number | readonly string[]; disabled: boolean; ... 288 more ...; "data-slot": string; }' is not assignable to type 'DetailedHTMLProps<InputHTMLAttributes<HTMLInputElement>, HTMLInputElement>'.
  Type '{ id: string; name: string; type: "number" | "search" | "time" | "text" | "date" | "password" | "email" | "tel" | "url" | "datetime-local" | "file"; value: string | number | readonly string[]; disabled: boolean; ... 288 more ...; "data-slot": string; }' is not assignable to type 'InputHTMLAttributes<HTMLInputElement>'.
    Types of property '"aria-invalid"' are incompatible.
      Type 'string' is not assignable to type 'boolean | "true" | "false" | "grammar" | "spelling" | undefined'.
src/components/ui/InputAdapter.tsx(33,14): error TS2352: Conversion of type '(value: string, event: ChangeEvent<HTMLInputElement>) => void | ((event: ChangeEvent<HTMLInputElement>) => void)' to type '(event: ChangeEvent<HTMLInputElement>) => void' may be a mistake because neither type sufficiently overlaps with the other. If this was intentional, convert the expression to 'unknown' first.
  Target signature provides too few arguments. Expected 2 or more, but got 1.
src/components/ui/LazyComponent.tsx(209,10): error TS2352: Conversion of type 'MemoExoticComponent<(props: P) => Element>' to type 'ComponentType<P>' may be a mistake because neither type sufficiently overlaps with the other. If this was intentional, convert the expression to 'unknown' first.
  Type 'MemoExoticComponent<(props: P) => Element>' is not comparable to type 'FunctionComponent<P>'.
    Types of parameters 'props' and 'props' are incompatible.
      Type 'P' is not comparable to type 'PropsWithRef<P>'.
        Type 'object' is not comparable to type 'PropsWithRef<P>'.
src/components/ui/Modal.tsx(538,15): error TS2304: Cannot find name 'attachSubComponents'.
src/components/ui/Select.tsx(191,7): error TS2339: Property 'onClick' does not exist on type 'SelectTriggerProps'.
src/components/ui/Select.tsx(407,7): error TS2339: Property 'defaultValue' does not exist on type 'SelectProps'.
src/components/ui/Select.tsx(527,32): error TS1361: 'createSubComponent' cannot be used as a value because it was imported using 'import type'.
src/components/ui/Select.tsx(528,30): error TS1361: 'createSubComponent' cannot be used as a value because it was imported using 'import type'.
src/components/ui/Select.tsx(529,32): error TS1361: 'createSubComponent' cannot be used as a value because it was imported using 'import type'.
src/components/ui/Select.tsx(530,29): error TS1361: 'createSubComponent' cannot be used as a value because it was imported using 'import type'.
src/components/ui/Select.tsx(533,16): error TS1361: 'attachSubComponents' cannot be used as a value because it was imported using 'import type'.
src/components/ui/Tabs.tsx(228,8): error TS2322: Type '{ children: (string | number | ReactElement<any, string | JSXElementConstructor<any>> | Iterable<ReactNode>)[] | null | undefined; ... 4 more ...; "aria-orientation": "horizontal" | ... 2 more ... | undefined; }' is not assignable to type 'DetailedHTMLProps<HTMLAttributes<HTMLDivElement>, HTMLDivElement>'.
  Type '{ children: (string | number | ReactElement<any, string | JSXElementConstructor<any>> | Iterable<ReactNode>)[] | null | undefined; ... 4 more ...; "aria-orientation": "horizontal" | ... 2 more ... | undefined; }' is not assignable to type 'HTMLAttributes<HTMLDivElement>'.
    Types of property '"aria-orientation"' are incompatible.
      Type '"horizontal" | "vertical" | null | undefined' is not assignable to type '"horizontal" | "vertical" | undefined'.
        Type 'null' is not assignable to type '"horizontal" | "vertical" | undefined'.
src/components/ui/Tabs.tsx(270,7): error TS2339: Property 'onClick' does not exist on type 'TabsTriggerProps'.
src/components/ui/Tabs.tsx(296,45): error TS2322: Type 'string' is not assignable to type '"default" | "underline" | "pills" | "enclosed" | null | undefined'.
src/components/ui/Tabs.tsx(388,7): error TS2339: Property 'orientation' does not exist on type 'TabsProps'.
src/components/ui/Tabs.tsx(425,29): error TS2322: Type '{ value: string; onValueChange: (newValue: string) => void; orientation: any; variant: "default" | "underline" | "pills" | "enclosed" | null; activationMode: "automatic" | "manual"; loop: boolean; }' is not assignable to type 'TabsContextType'.
  Types of property 'variant' are incompatible.
    Type 'string | null' is not assignable to type 'string'.
      Type 'null' is not assignable to type 'string'.
src/components/ui/Toast.tsx(68,18): error TS2430: Interface 'import("F:/ss/aa/sssss/llmchat/frontend/src/components/ui/Toast").ToastItem' incorrectly extends interface 'import("F:/ss/aa/sssss/llmchat/frontend/src/components/ui/ui.types").ToastItem'.
  Types of property 'closable' are incompatible.
    Type 'boolean | undefined' is not assignable to type 'boolean'.
      Type 'undefined' is not assignable to type 'boolean'.
src/components/ui/Toast.tsx(146,38): error TS2322: Type 'import("F:/ss/aa/sssss/llmchat/frontend/src/components/ui/ui.types").ToastItem[]' is not assignable to type 'import("F:/ss/aa/sssss/llmchat/frontend/src/components/ui/Toast").ToastItem[]'.
  Property 'createdAt' is missing in type 'import("F:/ss/aa/sssss/llmchat/frontend/src/components/ui/ui.types").ToastItem' but required in type 'import("F:/ss/aa/sssss/llmchat/frontend/src/components/ui/Toast").ToastItem'.
src/components/ui/Toast.tsx(146,67): error TS2339: Property 'position' does not exist on type 'ToastItem'.
src/components/ui/Toast.tsx(173,15): error TS2345: Argument of type 'import("F:/ss/aa/sssss/llmchat/frontend/src/components/ui/Toast").ToastItem' is not assignable to parameter of type 'import("F:/ss/aa/sssss/llmchat/frontend/src/components/ui/ui.types").ToastItem'.
  Types of property 'closable' are incompatible.
    Type 'boolean | undefined' is not assignable to type 'boolean'.
      Type 'undefined' is not assignable to type 'boolean'.
src/components/ui/Toast.tsx(307,48): error TS2322: Type 'string | undefined' is not assignable to type '"top-right" | "top-left" | "bottom-right" | "bottom-left" | "top-center" | "bottom-center" | null | undefined'.
  Type 'string' is not assignable to type '"top-right" | "top-left" | "bottom-right" | "bottom-left" | "top-center" | "bottom-center" | null | undefined'.
src/components/ui/Toast.tsx(413,26): error TS2339: Property 'Toast' does not exist on type 'FC<ToastProviderProps>'.
src/components/ui/Toast.tsx(426,15): error TS2339: Property 'Toast' does not exist on type 'FC<ToastProviderProps>'.
src/components/ui/Toast.tsx(430,39): error TS2339: Property 'getState' does not exist on type '() => { toast: (options: string | ToastOptions) => string | (() => void); dismiss: (id: string) => void; success: (options: string | Omit<ToastOptions, "type">) => string | (() => void); error: (options: string | Omit<...>) => string | (() => void); warning: (options: string | Omit<...>) => string | (() => void); in...'.
src/components/ui/Toast.tsx(436,39): error TS2339: Property 'getState' does not exist on type '() => { toast: (options: string | ToastOptions) => string | (() => void); dismiss: (id: string) => void; success: (options: string | Omit<ToastOptions, "type">) => string | (() => void); error: (options: string | Omit<...>) => string | (() => void); warning: (options: string | Omit<...>) => string | (() => void); in...'.
src/components/ui/Toast.tsx(441,39): error TS2339: Property 'getState' does not exist on type '() => { toast: (options: string | ToastOptions) => string | (() => void); dismiss: (id: string) => void; success: (options: string | Omit<ToastOptions, "type">) => string | (() => void); error: (options: string | Omit<...>) => string | (() => void); warning: (options: string | Omit<...>) => string | (() => void); in...'.
src/components/ui/Toast.tsx(446,39): error TS2339: Property 'getState' does not exist on type '() => { toast: (options: string | ToastOptions) => string | (() => void); dismiss: (id: string) => void; success: (options: string | Omit<ToastOptions, "type">) => string | (() => void); error: (options: string | Omit<...>) => string | (() => void); warning: (options: string | Omit<...>) => string | (() => void); in...'.
src/components/ui/Toast.tsx(451,39): error TS2339: Property 'getState' does not exist on type '() => { toast: (options: string | ToastOptions) => string | (() => void); dismiss: (id: string) => void; success: (options: string | Omit<ToastOptions, "type">) => string | (() => void); error: (options: string | Omit<...>) => string | (() => void); warning: (options: string | Omit<...>) => string | (() => void); in...'.
src/components/ui/types.core.ts(207,18): error TS2320: Interface 'ButtonProps' cannot simultaneously extend types 'Omit<ButtonHTMLAttributes<HTMLButtonElement>, "size" | "variant">' and 'BaseButtonProps'.
  Named property 'onBlur' of types 'Omit<ButtonHTMLAttributes<HTMLButtonElement>, "size" | "variant">' and 'BaseButtonProps' are not identical.
src/components/ui/types.core.ts(256,18): error TS2320: Interface 'InputProps' cannot simultaneously extend types 'Omit<InputHTMLAttributes<HTMLInputElement>, "size" | "state">' and 'BaseInputProps'.
  Named property 'defaultValue' of types 'Omit<InputHTMLAttributes<HTMLInputElement>, "size" | "state">' and 'BaseInputProps' are not identical.
src/components/ui/types.core.ts(283,18): error TS2320: Interface 'CardProps' cannot simultaneously extend types 'Omit<HTMLAttributes<HTMLDivElement>, "title">' and 'BaseCardProps'.
  Named property 'onBlur' of types 'Omit<HTMLAttributes<HTMLDivElement>, "title">' and 'BaseCardProps' are not identical.
src/components/ui/types.core.ts(308,18): error TS2320: Interface 'TabsProps' cannot simultaneously extend types 'Omit<HTMLAttributes<HTMLDivElement>, "orientation">' and 'BaseTabsProps'.
  Named property 'defaultValue' of types 'Omit<HTMLAttributes<HTMLDivElement>, "orientation">' and 'BaseTabsProps' are not identical.
src/components/ui/types.core.ts(379,18): error TS2320: Interface 'ModalProps' cannot simultaneously extend types 'Omit<HTMLAttributes<HTMLDivElement>, "size">' and 'BaseModalProps'.
  Named property 'onBlur' of types 'Omit<HTMLAttributes<HTMLDivElement>, "size">' and 'BaseModalProps' are not identical.
src/components/ui/types.core.ts(412,18): error TS2320: Interface 'SelectProps' cannot simultaneously extend types 'Omit<SelectHTMLAttributes<HTMLSelectElement>, "size" | "variant">' and 'BaseSelectProps'.
  Named property 'defaultValue' of types 'Omit<SelectHTMLAttributes<HTMLSelectElement>, "size" | "variant">' and 'BaseSelectProps' are not identical.
src/components/ui/types.ts(113,17): error TS2323: Cannot redeclare exported variable 'createTypeGuard'.
src/components/ui/types.ts(120,17): error TS2323: Cannot redeclare exported variable 'createUnionTypeGuard'.
src/components/ui/types.ts(129,17): error TS2323: Cannot redeclare exported variable 'createEnumTypeGuard'.
src/components/ui/types.ts(142,17): error TS2323: Cannot redeclare exported variable 'checkComponentProps'.
src/components/ui/types.ts(150,17): error TS2323: Cannot redeclare exported variable 'getComponentPropsType'.
src/components/ui/types.ts(155,17): error TS2323: Cannot redeclare exported variable 'createPropsValidator'.
src/components/ui/types.ts(169,27): error TS2536: Type 'keyof T' cannot be used to index type 'Record<string, any>'.
src/components/ui/types.ts(170,16): error TS2536: Type 'keyof T' cannot be used to index type 'Record<string, any>'.
src/components/ui/types.ts(311,13): error TS2304: Cannot find name 'ColorVariant'.
src/components/ui/types.ts(317,13): error TS2304: Cannot find name 'ColorVariant'.
src/components/ui/types.ts(323,13): error TS2304: Cannot find name 'ColorVariant'.
src/components/ui/types.ts(329,13): error TS2304: Cannot find name 'ColorVariant'.
src/components/ui/types.ts(335,13): error TS2304: Cannot find name 'ColorVariant'.
src/components/ui/types.ts(341,13): error TS2304: Cannot find name 'ColorVariant'.
src/components/ui/types.ts(352,3): error TS2305: Module '"./types.core"' has no exported member 'createTypeGuard'.
src/components/ui/types.ts(352,3): error TS2323: Cannot redeclare exported variable 'createTypeGuard'.
src/components/ui/types.ts(353,3): error TS2305: Module '"./types.core"' has no exported member 'createUnionTypeGuard'.
src/components/ui/types.ts(353,3): error TS2323: Cannot redeclare exported variable 'createUnionTypeGuard'.
src/components/ui/types.ts(354,3): error TS2305: Module '"./types.core"' has no exported member 'createEnumTypeGuard'.
src/components/ui/types.ts(354,3): error TS2323: Cannot redeclare exported variable 'createEnumTypeGuard'.
src/components/ui/types.ts(355,3): error TS2323: Cannot redeclare exported variable 'checkComponentProps'.
src/components/ui/types.ts(355,3): error TS2724: '"./types.core"' has no exported member named 'checkComponentProps'. Did you mean 'BaseComponentProps'?
src/components/ui/types.ts(356,3): error TS2305: Module '"./types.core"' has no exported member 'getComponentPropsType'.
src/components/ui/types.ts(356,3): error TS2323: Cannot redeclare exported variable 'getComponentPropsType'.
src/components/ui/types.ts(357,3): error TS2305: Module '"./types.core"' has no exported member 'createPropsValidator'.
src/components/ui/types.ts(357,3): error TS2323: Cannot redeclare exported variable 'createPropsValidator'.
src/components/ui/types.unified.ts(141,5): error TS2862: Type 'ComponentWithSubComponents<TMainProps, TSubComponents>' is generic and can only be indexed for reading.
src/components/ui/types.unified.ts(181,18): error TS2320: Interface 'ButtonProps' cannot simultaneously extend types 'Omit<ButtonHTMLAttributes<HTMLButtonElement>, "size">' and 'AccessibilityProps'.
  Named property 'role' of types 'Omit<ButtonHTMLAttributes<HTMLButtonElement>, "size">' and 'AccessibilityProps' are not identical.
src/components/ui/types.unified.ts(209,18): error TS2320: Interface 'InputProps' cannot simultaneously extend types 'Omit<InputHTMLAttributes<HTMLInputElement>, "size">' and 'AccessibilityProps'.
  Named property 'role' of types 'Omit<InputHTMLAttributes<HTMLInputElement>, "size">' and 'AccessibilityProps' are not identical.
src/components/ui/types.unified.ts(434,85): error TS2344: Type 'T["ref"]' does not satisfy the constraint 'ElementType<any, keyof IntrinsicElements>'.
  Type 'T["ref"]' is not assignable to type 'FunctionComponent<any>'.
src/components/ui/types.unified.ts(434,85): error TS2536: Type '"ref"' cannot be used to index type 'T'.
src/components/ui/ui.types.ts(112,5): error TS2862: Type 'ComponentWithSubComponents<TMainProps, TSubComponents>' is generic and can only be indexed for reading.
src/components/ui/ui.types.ts(156,18): error TS2320: Interface 'ButtonProps' cannot simultaneously extend types 'Omit<ButtonHTMLAttributes<HTMLButtonElement>, "size">' and 'AccessibilityProps'.
  Named property 'role' of types 'Omit<ButtonHTMLAttributes<HTMLButtonElement>, "size">' and 'AccessibilityProps' are not identical.
src/components/ui/ui.types.ts(184,18): error TS2320: Interface 'InputProps' cannot simultaneously extend types 'Omit<InputHTMLAttributes<HTMLInputElement>, "size">' and 'AccessibilityProps'.
  Named property 'role' of types 'Omit<InputHTMLAttributes<HTMLInputElement>, "size">' and 'AccessibilityProps' are not identical.
src/components/ui/VirtualScroll.tsx(12,92): error TS2345: Argument of type '<T = unknown>({ items, itemKey, itemHeight, height, className, style, renderItem, onScroll, onEndReached, endReachedThreshold, overscan, estimatedItemHeight, emptyComponent, loadingComponent, loading, hasMore }: { items: any; itemKey: any; itemHeight: any; height?: number | undefined; className: any; style: any; ren...' is not assignable to parameter of type 'ForwardRefRenderFunction<HTMLDivElement, VirtualScrollProps<unknown>>'.
  Types of parameters '__0' and 'props' are incompatible.
    Type 'VirtualScrollProps<unknown>' is not assignable to type '{ items: any; itemKey: any; itemHeight: any; height?: number | undefined; className: any; style: any; renderItem: any; onScroll: any; onEndReached: any; endReachedThreshold?: number | undefined; ... 5 more ...; hasMore?: boolean | undefined; }'.
      Property 'itemKey' is optional in type 'VirtualScrollProps<unknown>' but required in type '{ items: any; itemKey: any; itemHeight: any; height?: number | undefined; className: any; style: any; renderItem: any; onScroll: any; onEndReached: any; endReachedThreshold?: number | undefined; ... 5 more ...; hasMore?: boolean | undefined; }'.
src/components/ui/VirtualScroll.tsx(13,3): error TS7031: Binding element 'items' implicitly has an 'any' type.
src/components/ui/VirtualScroll.tsx(14,3): error TS7031: Binding element 'itemKey' implicitly has an 'any' type.
src/components/ui/VirtualScroll.tsx(15,3): error TS7031: Binding element 'itemHeight' implicitly has an 'any' type.
src/components/ui/VirtualScroll.tsx(17,3): error TS7031: Binding element 'className' implicitly has an 'any' type.
src/components/ui/VirtualScroll.tsx(18,3): error TS7031: Binding element 'style' implicitly has an 'any' type.
src/components/ui/VirtualScroll.tsx(19,3): error TS7031: Binding element 'renderItem' implicitly has an 'any' type.
src/components/ui/VirtualScroll.tsx(20,3): error TS7031: Binding element 'onScroll' implicitly has an 'any' type.
src/components/ui/VirtualScroll.tsx(21,3): error TS7031: Binding element 'onEndReached' implicitly has an 'any' type.
src/components/ui/VirtualScroll.tsx(25,3): error TS7031: Binding element 'emptyComponent' implicitly has an 'any' type.
src/components/ui/VirtualScroll.tsx(26,3): error TS7031: Binding element 'loadingComponent' implicitly has an 'any' type.
src/components/ui/VirtualScroll.tsx(29,4): error TS7006: Parameter 'ref' implicitly has an 'any' type.
src/components/ui/VirtualScroll.tsx(49,5): error TS2339: Property 'scrollToOffset' does not exist on type 'VirtualScrollResult'.
src/components/ui/VirtualScroll.tsx(51,5): error TS2353: Object literal may only specify known properties, and 'items' does not exist in type 'VirtualScrollOptions'.
src/components/ui/VirtualScroll.tsx(118,30): error TS2339: Property 'top' does not exist on type '{ index: number; start: number; size: number; key: string; }'.
src/components/ui/VirtualScroll.tsx(121,33): error TS2339: Property 'height' does not exist on type '{ index: number; start: number; size: number; key: string; }'.
src/components/visualization/VisualizationDashboard.tsx(12,10): error TS2614: Module '"@/components/ui/Tabs"' has no exported member 'Tabs'. Did you mean to use 'import Tabs from "@/components/ui/Tabs"' instead?
src/components/visualization/VisualizationDashboard.tsx(14,10): error TS2614: Module '"@/components/ui/Select"' has no exported member 'Select'. Did you mean to use 'import Select from "@/components/ui/Select"' instead?
src/components/visualization/VisualizationDashboard.tsx(14,18): error TS2614: Module '"@/components/ui/Select"' has no exported member 'SelectContent'. Did you mean to use 'import SelectContent from "@/components/ui/Select"' instead?
src/components/visualization/VisualizationDashboard.tsx(14,33): error TS2614: Module '"@/components/ui/Select"' has no exported member 'SelectItem'. Did you mean to use 'import SelectItem from "@/components/ui/Select"' instead?
src/components/visualization/VisualizationDashboard.tsx(14,45): error TS2614: Module '"@/components/ui/Select"' has no exported member 'SelectTrigger'. Did you mean to use 'import SelectTrigger from "@/components/ui/Select"' instead?
src/components/visualization/VisualizationDashboard.tsx(14,60): error TS2614: Module '"@/components/ui/Select"' has no exported member 'SelectValue'. Did you mean to use 'import SelectValue from "@/components/ui/Select"' instead?
src/components/visualization/VisualizationDashboard.tsx(315,77): error TS2339: Property 'target' does not exist on type 'string'.
src/components/visualization/VisualizationDashboard.tsx(326,75): error TS2339: Property 'target' does not exist on type 'string'.
src/components/visualization/VisualizationDashboard.tsx(341,77): error TS2345: Argument of type '([key, value]: [string, boolean]) => JSX.Element' is not assignable to parameter of type '(value: [string, unknown], index: number, array: [string, unknown][]) => Element'.
  Types of parameters '__0' and 'value' are incompatible.
    Type '[string, unknown]' is not assignable to type '[string, boolean]'.
      Type at position 1 in source is not compatible with type at position 1 in target.
        Type 'unknown' is not assignable to type 'boolean'.
src/components/visualization/VisualizationDashboard.tsx(551,94): error TS2322: Type 'number' is not assignable to type 'string'.
src/components/visualization/VisualizationDashboard.tsx(551,105): error TS2322: Type 'number' is not assignable to type 'string'.
src/components/visualization/VisualizationDashboard.tsx(552,92): error TS2322: Type 'number' is not assignable to type 'string'.
src/components/visualization/VisualizationDashboard.tsx(552,103): error TS2322: Type 'number' is not assignable to type 'string'.
src/components/visualization/VisualizationDashboard.tsx(577,83): error TS2322: Type 'number' is not assignable to type 'string'.
src/components/visualization/VisualizationDashboard.tsx(577,94): error TS2322: Type 'number' is not assignable to type 'string'.
src/components/visualization/VisualizationDashboard.tsx(578,94): error TS2322: Type 'number' is not assignable to type 'string'.
src/components/visualization/VisualizationDashboard.tsx(578,105): error TS2322: Type 'number' is not assignable to type 'string'.
src/examples/TypeSafeComponentExample.tsx(133,14): error TS2323: Cannot redeclare exported variable 'Button'.
src/examples/TypeSafeComponentExample.tsx(161,35): error TS2345: Argument of type 'FlexibleEventHandler<void, MouseEvent<HTMLButtonElement, MouseEvent>> | undefined' is not assignable to parameter of type 'FlexibleEventHandler<void, MouseEvent<Element, MouseEvent>> | undefined'.
  Type 'UnifiedEventHandler<void, MouseEvent<HTMLButtonElement, MouseEvent>>' is not assignable to type 'FlexibleEventHandler<void, MouseEvent<Element, MouseEvent>> | undefined'.
    Type 'UnifiedEventHandler<void, MouseEvent<HTMLButtonElement, MouseEvent>>' is not assignable to type 'UnifiedEventHandler<void, MouseEvent<Element, MouseEvent>>'.
      Type 'MouseEvent<Element, MouseEvent>' is not assignable to type 'MouseEvent<HTMLButtonElement, MouseEvent>'.
        Type 'Element' is missing the following properties from type 'HTMLButtonElement': disabled, form, formAction, formEnctype, and 146 more.
src/examples/TypeSafeComponentExample.tsx(166,35): error TS2345: Argument of type 'FlexibleEventHandler<void, FocusEvent<HTMLButtonElement, Element>> | undefined' is not assignable to parameter of type 'FlexibleEventHandler<void, FocusEvent<Element, Element>> | undefined'.
  Type 'UnifiedEventHandler<void, FocusEvent<HTMLButtonElement, Element>>' is not assignable to type 'FlexibleEventHandler<void, FocusEvent<Element, Element>> | undefined'.
    Type 'UnifiedEventHandler<void, FocusEvent<HTMLButtonElement, Element>>' is not assignable to type 'UnifiedEventHandler<void, FocusEvent<Element, Element>>'.
      Type 'FocusEvent<Element, Element>' is not assignable to type 'FocusEvent<HTMLButtonElement, Element>'.
        Type 'Element' is missing the following properties from type 'HTMLButtonElement': disabled, form, formAction, formEnctype, and 146 more.
src/examples/TypeSafeComponentExample.tsx(171,34): error TS2345: Argument of type 'FlexibleEventHandler<void, FocusEvent<HTMLButtonElement, Element>> | undefined' is not assignable to parameter of type 'FlexibleEventHandler<void, FocusEvent<Element, Element>> | undefined'.
  Type 'UnifiedEventHandler<void, FocusEvent<HTMLButtonElement, Element>>' is not assignable to type 'FlexibleEventHandler<void, FocusEvent<Element, Element>> | undefined'.
    Type 'UnifiedEventHandler<void, FocusEvent<HTMLButtonElement, Element>>' is not assignable to type 'UnifiedEventHandler<void, FocusEvent<Element, Element>>'.
      Type 'FocusEvent<Element, Element>' is not assignable to type 'FocusEvent<HTMLButtonElement, Element>'.
        Type 'Element' is missing the following properties from type 'HTMLButtonElement': disabled, form, formAction, formEnctype, and 146 more.
src/examples/TypeSafeComponentExample.tsx(224,9): error TS2322: Type 'UnifiedEventHandler<void, MouseEvent<Element, MouseEvent>> | undefined' is not assignable to type 'MouseEventHandler<HTMLButtonElement> | undefined'.
  Type 'UnifiedEventHandler<void, MouseEvent<Element, MouseEvent>>' is not assignable to type 'MouseEventHandler<HTMLButtonElement>'.
    Target signature provides too few arguments. Expected 2 or more, but got 1.
src/examples/TypeSafeComponentExample.tsx(225,9): error TS2322: Type 'UnifiedEventHandler<void, FocusEvent<Element, Element>> | undefined' is not assignable to type 'FocusEventHandler<HTMLButtonElement> | undefined'.
  Type 'UnifiedEventHandler<void, FocusEvent<Element, Element>>' is not assignable to type 'FocusEventHandler<HTMLButtonElement>'.
    Target signature provides too few arguments. Expected 2 or more, but got 1.
src/examples/TypeSafeComponentExample.tsx(226,9): error TS2322: Type 'UnifiedEventHandler<void, FocusEvent<Element, Element>> | undefined' is not assignable to type 'FocusEventHandler<HTMLButtonElement> | undefined'.
  Type 'UnifiedEventHandler<void, FocusEvent<Element, Element>>' is not assignable to type 'FocusEventHandler<HTMLButtonElement>'.
    Target signature provides too few arguments. Expected 2 or more, but got 1.
src/examples/TypeSafeComponentExample.tsx(274,6): error TS2339: Property 'className' does not exist on type 'CardHeaderProps'.
src/examples/TypeSafeComponentExample.tsx(294,6): error TS2339: Property 'className' does not exist on type 'CardContentProps'.
src/examples/TypeSafeComponentExample.tsx(294,33): error TS2339: Property 'children' does not exist on type 'CardContentProps'.
src/examples/TypeSafeComponentExample.tsx(323,6): error TS2339: Property 'className' does not exist on type 'CardFooterProps'.
src/examples/TypeSafeComponentExample.tsx(342,7): error TS2339: Property 'className' does not exist on type 'CardProps'.
src/examples/TypeSafeComponentExample.tsx(343,7): error TS2339: Property 'children' does not exist on type 'CardProps'.
src/examples/TypeSafeComponentExample.tsx(355,35): error TS2345: Argument of type 'FlexibleEventHandler<void, MouseEvent<HTMLDivElement, MouseEvent>> | undefined' is not assignable to parameter of type 'FlexibleEventHandler<void, MouseEvent<Element, MouseEvent>> | undefined'.
  Type 'UnifiedEventHandler<void, MouseEvent<HTMLDivElement, MouseEvent>>' is not assignable to type 'FlexibleEventHandler<void, MouseEvent<Element, MouseEvent>> | undefined'.
    Type 'UnifiedEventHandler<void, MouseEvent<HTMLDivElement, MouseEvent>>' is not assignable to type 'UnifiedEventHandler<void, MouseEvent<Element, MouseEvent>>'.
      Type 'MouseEvent<Element, MouseEvent>' is not assignable to type 'MouseEvent<HTMLDivElement, MouseEvent>'.
        Type 'Element' is missing the following properties from type 'HTMLDivElement': align, accessKey, accessKeyLabel, autocapitalize, and 128 more.
src/examples/TypeSafeComponentExample.tsx(370,9): error TS2322: Type 'UnifiedEventHandler<void, MouseEvent<Element, MouseEvent>> | undefined' is not assignable to type 'MouseEventHandler<HTMLDivElement> | undefined'.
  Type 'UnifiedEventHandler<void, MouseEvent<Element, MouseEvent>>' is not assignable to type 'MouseEventHandler<HTMLDivElement>'.
    Target signature provides too few arguments. Expected 2 or more, but got 1.
src/examples/TypeSafeComponentExample.tsx(389,14): error TS2323: Cannot redeclare exported variable 'Card'.
src/examples/TypeSafeComponentExample.tsx(414,17): error TS2323: Cannot redeclare exported variable 'AsyncDataComponent'.
src/examples/TypeSafeComponentExample.tsx(486,38): error TS2304: Cannot find name 'ChangeEvent'.
src/examples/TypeSafeComponentExample.tsx(493,17): error TS2323: Cannot redeclare exported variable 'FormField'.
src/examples/TypeSafeComponentExample.tsx(524,58): error TS2304: Cannot find name 'ChangeEvent'.
src/examples/TypeSafeComponentExample.tsx(600,14): error TS2323: Cannot redeclare exported variable 'PolymorphicComponent'.
src/examples/TypeSafeComponentExample.tsx(600,37): error TS2304: Cannot find name 'createPolymorphicComponent'.
src/examples/TypeSafeComponentExample.tsx(607,17): error TS2323: Cannot redeclare exported variable 'ComponentUsageExample'.
src/examples/TypeSafeComponentExample.tsx(665,10): error TS2322: Type '{ children: Element[]; clickable: true; onClick: () => void; }' is not assignable to type 'IntrinsicAttributes & CardProps'.
  Property 'children' does not exist on type 'IntrinsicAttributes & CardProps'.
src/examples/TypeSafeComponentExample.tsx(671,12): error TS2559: Type '{ children: Element; }' has no properties in common with type 'IntrinsicAttributes & CardContentProps'.
src/examples/TypeSafeComponentExample.tsx(695,24): error TS7006: Parameter 'value' implicitly has an 'any' type.
src/examples/TypeSafeComponentExample.tsx(707,24): error TS7006: Parameter 'value' implicitly has an 'any' type.
src/examples/TypeSafeComponentExample.tsx(708,13): error TS2322: Type '{ name: string; label: string; value: string; onChange: (value: any) => void; type: string; required: true; validator: (value: string) => "邮箱不能为空" | "邮箱格式不正确" | null; }' is not assignable to type 'IntrinsicAttributes & FormFieldProps<string>'.
  Property 'type' does not exist on type 'IntrinsicAttributes & FormFieldProps<string>'.
src/examples/TypeSafeComponentExample.tsx(729,11): error TS2322: Type 'Error | null' is not assignable to type 'Error | undefined'.
  Type 'null' is not assignable to type 'Error | undefined'.
src/examples/TypeSafeComponentExample.tsx(793,3): error TS2484: Export declaration conflicts with exported declaration of 'ButtonProps'.
src/examples/TypeSafeComponentExample.tsx(800,3): error TS2323: Cannot redeclare exported variable 'Button'.
src/examples/TypeSafeComponentExample.tsx(800,3): error TS2484: Export declaration conflicts with exported declaration of 'Button'.
src/examples/TypeSafeComponentExample.tsx(801,3): error TS2323: Cannot redeclare exported variable 'Card'.
src/examples/TypeSafeComponentExample.tsx(801,3): error TS2484: Export declaration conflicts with exported declaration of 'Card'.
src/examples/TypeSafeComponentExample.tsx(802,3): error TS2323: Cannot redeclare exported variable 'FormField'.
src/examples/TypeSafeComponentExample.tsx(802,3): error TS2484: Export declaration conflicts with exported declaration of 'FormField'.
src/examples/TypeSafeComponentExample.tsx(803,3): error TS2323: Cannot redeclare exported variable 'AsyncDataComponent'.
src/examples/TypeSafeComponentExample.tsx(803,3): error TS2484: Export declaration conflicts with exported declaration of 'AsyncDataComponent'.
src/examples/TypeSafeComponentExample.tsx(804,3): error TS2323: Cannot redeclare exported variable 'PolymorphicComponent'.
src/examples/TypeSafeComponentExample.tsx(804,3): error TS2484: Export declaration conflicts with exported declaration of 'PolymorphicComponent'.
src/examples/TypeSafeComponentExample.tsx(805,3): error TS2323: Cannot redeclare exported variable 'ComponentUsageExample'.
src/examples/TypeSafeComponentExample.tsx(805,3): error TS2484: Export declaration conflicts with exported declaration of 'ComponentUsageExample'.
src/hooks/hook-type-integration.ts(144,14): error TS2323: Cannot redeclare exported variable 'HookTypeIntegrationManager'.
src/hooks/hook-type-integration.ts(458,59): error TS2339: Property 'memory' does not exist on type 'Performance'.
src/hooks/hook-type-integration.ts(459,26): error TS2339: Property 'memory' does not exist on type 'Performance'.
src/hooks/hook-type-integration.ts(593,14): error TS2323: Cannot redeclare exported variable 'getPredefinedHookTypeMappings'.
src/hooks/hook-type-integration.ts(664,14): error TS2323: Cannot redeclare exported variable 'getHookTypeIntegrationManager'.
src/hooks/hook-type-integration.ts(671,14): error TS2323: Cannot redeclare exported variable 'quickIntegrateHook'.
src/hooks/hook-type-integration.ts(683,14): error TS2323: Cannot redeclare exported variable 'batchIntegrateHooks'.
src/hooks/hook-type-integration.ts(701,64): error TS2345: Argument of type 'Partial<HookTypeIntegrationConfig> | undefined' is not assignable to parameter of type '{ validateIntegration?: boolean | undefined; strictMode?: boolean | undefined; preserveLegacy?: boolean | undefined; } | undefined'.
  Type 'Partial<HookTypeIntegrationConfig>' has no properties in common with type '{ validateIntegration?: boolean | undefined; strictMode?: boolean | undefined; preserveLegacy?: boolean | undefined; }'.
src/hooks/hook-type-integration.ts(726,3): error TS2323: Cannot redeclare exported variable 'HookTypeIntegrationManager'.
src/hooks/hook-type-integration.ts(726,3): error TS2484: Export declaration conflicts with exported declaration of 'HookTypeIntegrationManager'.
src/hooks/hook-type-integration.ts(727,3): error TS2323: Cannot redeclare exported variable 'getPredefinedHookTypeMappings'.
src/hooks/hook-type-integration.ts(727,3): error TS2484: Export declaration conflicts with exported declaration of 'getPredefinedHookTypeMappings'.
src/hooks/hook-type-integration.ts(728,3): error TS2323: Cannot redeclare exported variable 'getHookTypeIntegrationManager'.
src/hooks/hook-type-integration.ts(728,3): error TS2484: Export declaration conflicts with exported declaration of 'getHookTypeIntegrationManager'.
src/hooks/hook-type-integration.ts(729,3): error TS2323: Cannot redeclare exported variable 'quickIntegrateHook'.
src/hooks/hook-type-integration.ts(729,3): error TS2484: Export declaration conflicts with exported declaration of 'quickIntegrateHook'.
src/hooks/hook-type-integration.ts(730,3): error TS2323: Cannot redeclare exported variable 'batchIntegrateHooks'.
src/hooks/hook-type-integration.ts(730,3): error TS2484: Export declaration conflicts with exported declaration of 'batchIntegrateHooks'.
src/hooks/types.hooks.ts(7,35): error TS2305: Module '"@/types"' has no exported member 'Session'.
src/hooks/types.hooks.ts(443,3): error TS2484: Export declaration conflicts with exported declaration of 'UseVirtualScrollOptions'.
src/hooks/types.hooks.ts(444,3): error TS2484: Export declaration conflicts with exported declaration of 'VirtualScrollResult'.
src/hooks/types.hooks.ts(447,3): error TS2484: Export declaration conflicts with exported declaration of 'UseThemeResult'.
src/hooks/types.hooks.ts(450,3): error TS2484: Export declaration conflicts with exported declaration of 'KeyboardShortcut'.
src/hooks/types.hooks.ts(451,3): error TS2484: Export declaration conflicts with exported declaration of 'UseKeyboardManagerOptions'.
src/hooks/types.hooks.ts(452,3): error TS2484: Export declaration conflicts with exported declaration of 'UseKeyboardManagerResult'.
src/hooks/types.hooks.ts(455,3): error TS2484: Export declaration conflicts with exported declaration of 'UseChatOptions'.
src/hooks/types.hooks.ts(456,3): error TS2484: Export declaration conflicts with exported declaration of 'UseChatResult'.
src/hooks/types.hooks.ts(459,3): error TS2484: Export declaration conflicts with exported declaration of 'UseInputOptions'.
src/hooks/types.hooks.ts(460,3): error TS2484: Export declaration conflicts with exported declaration of 'UseInputResult'.
src/hooks/types.hooks.ts(463,3): error TS2484: Export declaration conflicts with exported declaration of 'UseDebounceOptions'.
src/hooks/types.hooks.ts(464,3): error TS2484: Export declaration conflicts with exported declaration of 'UseDebounceResult'.
src/hooks/types.hooks.ts(467,3): error TS2484: Export declaration conflicts with exported declaration of 'UseThrottleOptions'.
src/hooks/types.hooks.ts(468,3): error TS2484: Export declaration conflicts with exported declaration of 'UseThrottleResult'.
src/hooks/types.hooks.ts(471,3): error TS2484: Export declaration conflicts with exported declaration of 'UseLocalStorageOptions'.
src/hooks/types.hooks.ts(472,3): error TS2484: Export declaration conflicts with exported declaration of 'UseLocalStorageResult'.
src/hooks/types.hooks.ts(475,3): error TS2484: Export declaration conflicts with exported declaration of 'UseAsyncOptions'.
src/hooks/types.hooks.ts(476,3): error TS2484: Export declaration conflicts with exported declaration of 'UseAsyncResult'.
src/hooks/types.hooks.ts(479,3): error TS2484: Export declaration conflicts with exported declaration of 'UseWindowSizeOptions'.
src/hooks/types.hooks.ts(480,3): error TS2484: Export declaration conflicts with exported declaration of 'UseWindowSizeResult'.
src/hooks/types.hooks.ts(483,3): error TS2484: Export declaration conflicts with exported declaration of 'UseMediaQueryOptions'.
src/hooks/types.hooks.ts(486,3): error TS2484: Export declaration conflicts with exported declaration of 'UseDragOptions'.
src/hooks/types.hooks.ts(487,3): error TS2484: Export declaration conflicts with exported declaration of 'UseDragResult'.
src/hooks/types.hooks.ts(490,3): error TS2484: Export declaration conflicts with exported declaration of 'UseClipboardOptions'.
src/hooks/types.hooks.ts(491,3): error TS2484: Export declaration conflicts with exported declaration of 'UseClipboardResult'.
src/hooks/useAgentAutoFetch.ts(2,52): error TS2724: '"@/services/agentsApi"' has no exported member named 'FetchAgentInfoParams'. Did you mean 'fetchAgentInfo'?
src/hooks/useAgentAutoFetch.ts(15,20): error TS2339: Property 'data' does not exist on type 'AgentInfo'.
src/hooks/useAgentAutoFetch.ts(16,25): error TS2339: Property 'data' does not exist on type 'AgentInfo'.
src/lib/fastgpt.ts(76,54): error TS2345: Argument of type '{}' is not assignable to parameter of type 'string | number | Date | undefined'.
src/services/adminApi.ts(5,3): error TS2459: Module '"./types/api-common"' declares 'ApiResult' locally, but it is not exported.
src/services/adminApi.ts(193,41): error TS2552: Cannot find name 'QueryParams'. Did you mean 'LogQueryParams'?
src/services/adminApi.ts(280,24): error TS1361: 'ApiErrorFactory' cannot be used as a value because it was imported using 'import type'.
src/services/adminApi.ts(281,7): error TS1361: 'ApiErrorHandler' cannot be used as a value because it was imported using 'import type'.
src/services/adminApi.ts(310,24): error TS1361: 'ApiErrorFactory' cannot be used as a value because it was imported using 'import type'.
src/services/adminApi.ts(311,7): error TS1361: 'ApiErrorHandler' cannot be used as a value because it was imported using 'import type'.
src/services/adminApi.ts(355,24): error TS1361: 'ApiErrorFactory' cannot be used as a value because it was imported using 'import type'.
src/services/adminApi.ts(356,7): error TS1361: 'ApiErrorHandler' cannot be used as a value because it was imported using 'import type'.
src/services/adminApi.ts(359,9): error TS2322: Type '{ params: GetLogsParams | undefined; }' is not assignable to type 'JsonValue | undefined'.
  Types of property 'params' are incompatible.
    Type 'GetLogsParams | undefined' is not assignable to type 'JsonValue | undefined'.
      Type 'GetLogsParams' is not assignable to type 'JsonValue | undefined'.
        Type 'GetLogsParams' is missing the following properties from type 'JsonValue[]': length, pop, push, concat, and 29 more.
src/services/adminApi.ts(389,24): error TS1361: 'ApiErrorFactory' cannot be used as a value because it was imported using 'import type'.
src/services/adminApi.ts(390,7): error TS1361: 'ApiErrorHandler' cannot be used as a value because it was imported using 'import type'.
src/services/adminApi.ts(393,9): error TS2322: Type '{ params: GetLogsParams | undefined; }' is not assignable to type 'JsonValue | undefined'.
  Types of property 'params' are incompatible.
    Type 'GetLogsParams | undefined' is not assignable to type 'JsonValue | undefined'.
      Type 'GetLogsParams' is not assignable to type 'JsonValue | undefined'.
        Type 'GetLogsParams' is missing the following properties from type 'JsonValue[]': length, pop, push, concat, and 29 more.
src/services/adminApi.ts(429,24): error TS1361: 'ApiErrorFactory' cannot be used as a value because it was imported using 'import type'.
src/services/adminApi.ts(430,7): error TS1361: 'ApiErrorHandler' cannot be used as a value because it was imported using 'import type'.
src/services/adminApi.ts(433,9): error TS2322: Type '{ params: GetLogsParams | undefined; }' is not assignable to type 'JsonValue | undefined'.
  Types of property 'params' are incompatible.
    Type 'GetLogsParams | undefined' is not assignable to type 'JsonValue | undefined'.
      Type 'GetLogsParams' is not assignable to type 'JsonValue | undefined'.
        Type 'GetLogsParams' is missing the following properties from type 'JsonValue[]': length, pop, push, concat, and 29 more.
src/services/adminApi.ts(470,24): error TS1361: 'ApiErrorFactory' cannot be used as a value because it was imported using 'import type'.
src/services/adminApi.ts(471,7): error TS1361: 'ApiErrorHandler' cannot be used as a value because it was imported using 'import type'.
src/services/adminApi.ts(474,9): error TS2322: Type '{ params: UserManagementParams | undefined; }' is not assignable to type 'JsonValue | undefined'.
  Types of property 'params' are incompatible.
    Type 'UserManagementParams | undefined' is not assignable to type 'JsonValue | undefined'.
      Type 'UserManagementParams' is not assignable to type 'JsonValue | undefined'.
        Type 'UserManagementParams' is missing the following properties from type 'JsonValue[]': length, pop, push, concat, and 29 more.
src/services/adminApi.ts(501,24): error TS1361: 'ApiErrorFactory' cannot be used as a value because it was imported using 'import type'.
src/services/adminApi.ts(502,7): error TS1361: 'ApiErrorHandler' cannot be used as a value because it was imported using 'import type'.
src/services/adminApi.ts(521,15): error TS1361: 'ApiErrorFactory' cannot be used as a value because it was imported using 'import type'.
src/services/adminApi.ts(528,15): error TS1361: 'ApiErrorFactory' cannot be used as a value because it was imported using 'import type'.
src/services/adminApi.ts(546,24): error TS1361: 'ApiErrorFactory' cannot be used as a value because it was imported using 'import type'.
src/services/adminApi.ts(547,7): error TS1361: 'ApiErrorHandler' cannot be used as a value because it was imported using 'import type'.
src/services/adminApi.ts(582,24): error TS1361: 'ApiErrorFactory' cannot be used as a value because it was imported using 'import type'.
src/services/adminApi.ts(583,7): error TS1361: 'ApiErrorHandler' cannot be used as a value because it was imported using 'import type'.
src/services/adminApi.ts(613,36): error TS2339: Property 'requestId' does not exist on type '{ ok: boolean; newPassword: string; }'.
src/services/adminApi.ts(618,24): error TS1361: 'ApiErrorFactory' cannot be used as a value because it was imported using 'import type'.
src/services/adminApi.ts(619,7): error TS1361: 'ApiErrorHandler' cannot be used as a value because it was imported using 'import type'.
src/services/adminApi.ts(646,24): error TS1361: 'ApiErrorFactory' cannot be used as a value because it was imported using 'import type'.
src/services/adminApi.ts(647,7): error TS1361: 'ApiErrorHandler' cannot be used as a value because it was imported using 'import type'.
src/services/adminApi.ts(667,25): error TS2339: Property 'page' does not exist on type 'AuditLogParams'.
src/services/adminApi.ts(668,29): error TS2339: Property 'pageSize' does not exist on type 'AuditLogParams'.
src/services/adminApi.ts(675,27): error TS2339: Property 'sortBy' does not exist on type 'AuditLogParams'.
src/services/adminApi.ts(676,30): error TS2339: Property 'sortOrder' does not exist on type 'AuditLogParams'.
src/services/adminApi.ts(690,24): error TS1361: 'ApiErrorFactory' cannot be used as a value because it was imported using 'import type'.
src/services/adminApi.ts(691,7): error TS1361: 'ApiErrorHandler' cannot be used as a value because it was imported using 'import type'.
src/services/adminApi.ts(694,9): error TS2322: Type '{ params: AuditLogParams | undefined; }' is not assignable to type 'JsonValue | undefined'.
  Types of property 'params' are incompatible.
    Type 'AuditLogParams | undefined' is not assignable to type 'JsonValue | undefined'.
      Type 'AuditLogParams' is not assignable to type 'JsonValue | undefined'.
        Type 'AuditLogParams' is not assignable to type '{ readonly [key: string]: JsonValue; }'.
          Index signature for type 'string' is missing in type 'AuditLogParams'.
src/services/adminApi.ts(723,24): error TS1361: 'ApiErrorFactory' cannot be used as a value because it was imported using 'import type'.
src/services/adminApi.ts(724,7): error TS1361: 'ApiErrorHandler' cannot be used as a value because it was imported using 'import type'.
src/services/adminApi.ts(727,9): error TS2322: Type '{ category: string | undefined; }' is not assignable to type 'JsonValue | undefined'.
  Type '{ category: string | undefined; }' is not assignable to type 'undefined'.
src/services/adminApi.ts(756,24): error TS1361: 'ApiErrorFactory' cannot be used as a value because it was imported using 'import type'.
src/services/adminApi.ts(757,7): error TS1361: 'ApiErrorHandler' cannot be used as a value because it was imported using 'import type'.
src/services/adminApi.ts(787,24): error TS1361: 'ApiErrorFactory' cannot be used as a value because it was imported using 'import type'.
src/services/adminApi.ts(788,7): error TS1361: 'ApiErrorHandler' cannot be used as a value because it was imported using 'import type'.
src/services/adminApi.ts(820,24): error TS1361: 'ApiErrorFactory' cannot be used as a value because it was imported using 'import type'.
src/services/adminApi.ts(821,7): error TS1361: 'ApiErrorHandler' cannot be used as a value because it was imported using 'import type'.
src/services/adminApi.ts(824,9): error TS2322: Type '{ type: "full" | "incremental"; description: string | undefined; }' is not assignable to type 'JsonValue | undefined'.
  Type '{ type: "full" | "incremental"; description: string | undefined; }' is not assignable to type 'undefined'.
src/services/adminApi.ts(851,24): error TS1361: 'ApiErrorFactory' cannot be used as a value because it was imported using 'import type'.
src/services/adminApi.ts(852,7): error TS1361: 'ApiErrorHandler' cannot be used as a value because it was imported using 'import type'.
src/services/adminApi.ts(881,24): error TS1361: 'ApiErrorFactory' cannot be used as a value because it was imported using 'import type'.
src/services/adminApi.ts(882,7): error TS1361: 'ApiErrorHandler' cannot be used as a value because it was imported using 'import type'.
src/services/adminApi.ts(963,5): error TS2353: Object literal may only specify known properties, and 'confirmPassword' does not exist in type 'CreateUserPayload'.
src/services/adminApi.ts(981,51): error TS2345: Argument of type '{ id: number; role?: string | undefined; status?: string | undefined; }' is not assignable to parameter of type '{ id: number; role?: UserRole | undefined; status?: string | undefined; email?: string | undefined; }'.
  Types of property 'role' are incompatible.
    Type 'string | undefined' is not assignable to type 'UserRole | undefined'.
      Type 'string' is not assignable to type 'UserRole | undefined'.
src/services/agentsApi.ts(7,3): error TS2459: Module '"./types/api-common"' declares 'ApiResult' locally, but it is not exported.
src/services/agentsApi.ts(152,24): error TS1361: 'ApiErrorFactory' cannot be used as a value because it was imported using 'import type'.
src/services/agentsApi.ts(153,7): error TS1361: 'ApiErrorHandler' cannot be used as a value because it was imported using 'import type'.
src/services/agentsApi.ts(156,9): error TS2322: Type '{ params: AgentListParams | undefined; }' is not assignable to type 'JsonValue | undefined'.
  Types of property 'params' are incompatible.
    Type 'AgentListParams | undefined' is not assignable to type 'JsonValue | undefined'.
      Type 'AgentListParams' is not assignable to type 'JsonValue | undefined'.
        Type 'AgentListParams' is missing the following properties from type 'JsonValue[]': length, pop, push, concat, and 29 more.
src/services/agentsApi.ts(183,24): error TS1361: 'ApiErrorFactory' cannot be used as a value because it was imported using 'import type'.
src/services/agentsApi.ts(184,7): error TS1361: 'ApiErrorHandler' cannot be used as a value because it was imported using 'import type'.
src/services/agentsApi.ts(217,24): error TS1361: 'ApiErrorFactory' cannot be used as a value because it was imported using 'import type'.
src/services/agentsApi.ts(218,7): error TS1361: 'ApiErrorHandler' cannot be used as a value because it was imported using 'import type'.
src/services/agentsApi.ts(247,24): error TS1361: 'ApiErrorFactory' cannot be used as a value because it was imported using 'import type'.
src/services/agentsApi.ts(248,7): error TS1361: 'ApiErrorHandler' cannot be used as a value because it was imported using 'import type'.
src/services/agentsApi.ts(278,24): error TS1361: 'ApiErrorFactory' cannot be used as a value because it was imported using 'import type'.
src/services/agentsApi.ts(279,7): error TS1361: 'ApiErrorHandler' cannot be used as a value because it was imported using 'import type'.
src/services/agentsApi.ts(306,24): error TS1361: 'ApiErrorFactory' cannot be used as a value because it was imported using 'import type'.
src/services/agentsApi.ts(307,7): error TS1361: 'ApiErrorHandler' cannot be used as a value because it was imported using 'import type'.
src/services/agentsApi.ts(344,24): error TS1361: 'ApiErrorFactory' cannot be used as a value because it was imported using 'import type'.
src/services/agentsApi.ts(345,7): error TS1361: 'ApiErrorHandler' cannot be used as a value because it was imported using 'import type'.
src/services/agentsApi.ts(377,24): error TS1361: 'ApiErrorFactory' cannot be used as a value because it was imported using 'import type'.
src/services/agentsApi.ts(378,7): error TS1361: 'ApiErrorHandler' cannot be used as a value because it was imported using 'import type'.
src/services/agentsApi.ts(413,24): error TS1361: 'ApiErrorFactory' cannot be used as a value because it was imported using 'import type'.
src/services/agentsApi.ts(414,7): error TS1361: 'ApiErrorHandler' cannot be used as a value because it was imported using 'import type'.
src/services/agentsApi.ts(450,24): error TS1361: 'ApiErrorFactory' cannot be used as a value because it was imported using 'import type'.
src/services/agentsApi.ts(451,7): error TS1361: 'ApiErrorHandler' cannot be used as a value because it was imported using 'import type'.
src/services/api-type-integration.ts(118,14): error TS2323: Cannot redeclare exported variable 'ApiTypeValidatorWrapper'.
src/services/api-type-integration.ts(243,9): error TS2322: Type 'unknown' is not assignable to type 'TResponse'.
  'TResponse' could be instantiated with an arbitrary type which could be unrelated to 'unknown'.
src/services/api-type-integration.ts(343,14): error TS2323: Cannot redeclare exported variable 'getPredefinedApiValidationConfigs'.
src/services/api-type-integration.ts(406,14): error TS2323: Cannot redeclare exported variable 'ApiServiceIntegrationTool'.
src/services/api-type-integration.ts(478,14): error TS2554: Expected 1 arguments, but got 0.
src/services/api-type-integration.ts(479,36): error TS2304: Cannot find name 'apiService'.
src/services/api-type-integration.ts(557,14): error TS2323: Cannot redeclare exported variable 'getApiServiceIntegrationTool'.
src/services/api-type-integration.ts(564,14): error TS2323: Cannot redeclare exported variable 'quickIntegrateApiService'.
src/services/api-type-integration.ts(586,3): error TS2323: Cannot redeclare exported variable 'ApiTypeValidatorWrapper'.
src/services/api-type-integration.ts(586,3): error TS2484: Export declaration conflicts with exported declaration of 'ApiTypeValidatorWrapper'.
src/services/api-type-integration.ts(587,3): error TS2323: Cannot redeclare exported variable 'ApiServiceIntegrationTool'.
src/services/api-type-integration.ts(587,3): error TS2484: Export declaration conflicts with exported declaration of 'ApiServiceIntegrationTool'.
src/services/api-type-integration.ts(588,3): error TS2323: Cannot redeclare exported variable 'getPredefinedApiValidationConfigs'.
src/services/api-type-integration.ts(588,3): error TS2484: Export declaration conflicts with exported declaration of 'getPredefinedApiValidationConfigs'.
src/services/api-type-integration.ts(589,3): error TS2323: Cannot redeclare exported variable 'getApiServiceIntegrationTool'.
src/services/api-type-integration.ts(589,3): error TS2484: Export declaration conflicts with exported declaration of 'getApiServiceIntegrationTool'.
src/services/api-type-integration.ts(590,3): error TS2323: Cannot redeclare exported variable 'quickIntegrateApiService'.
src/services/api-type-integration.ts(590,3): error TS2484: Export declaration conflicts with exported declaration of 'quickIntegrateApiService'.
src/services/authApi.ts(6,3): error TS2459: Module '"./types/api-common"' declares 'ApiResult' locally, but it is not exported.
src/services/authApi.ts(135,15): error TS1361: 'ApiErrorFactory' cannot be used as a value because it was imported using 'import type'.
src/services/authApi.ts(148,24): error TS1361: 'ApiErrorFactory' cannot be used as a value because it was imported using 'import type'.
src/services/authApi.ts(158,9): error TS1361: 'ApiErrorHandler' cannot be used as a value because it was imported using 'import type'.
src/services/authApi.ts(170,7): error TS1361: 'ApiErrorHandler' cannot be used as a value because it was imported using 'import type'.
src/services/authApi.ts(203,24): error TS1361: 'ApiErrorFactory' cannot be used as a value because it was imported using 'import type'.
src/services/authApi.ts(204,7): error TS1361: 'ApiErrorHandler' cannot be used as a value because it was imported using 'import type'.
src/services/authApi.ts(231,24): error TS1361: 'ApiErrorFactory' cannot be used as a value because it was imported using 'import type'.
src/services/authApi.ts(234,7): error TS1361: 'ApiErrorHandler' cannot be used as a value because it was imported using 'import type'.
src/services/authApi.ts(269,24): error TS1361: 'ApiErrorFactory' cannot be used as a value because it was imported using 'import type'.
src/services/authApi.ts(270,7): error TS1361: 'ApiErrorHandler' cannot be used as a value because it was imported using 'import type'.
src/services/authApi.ts(302,24): error TS1361: 'ApiErrorFactory' cannot be used as a value because it was imported using 'import type'.
src/services/authApi.ts(303,7): error TS1361: 'ApiErrorHandler' cannot be used as a value because it was imported using 'import type'.
src/services/authApi.ts(323,15): error TS1361: 'ApiErrorFactory' cannot be used as a value because it was imported using 'import type'.
src/services/authApi.ts(330,15): error TS1361: 'ApiErrorFactory' cannot be used as a value because it was imported using 'import type'.
src/services/authApi.ts(354,24): error TS1361: 'ApiErrorFactory' cannot be used as a value because it was imported using 'import type'.
src/services/authApi.ts(355,7): error TS1361: 'ApiErrorHandler' cannot be used as a value because it was imported using 'import type'.
src/services/authApi.ts(387,24): error TS1361: 'ApiErrorFactory' cannot be used as a value because it was imported using 'import type'.
src/services/authApi.ts(390,11): error TS1361: 'ApiErrorHandler' cannot be used as a value because it was imported using 'import type'.
src/services/authApi.ts(391,15): error TS2322: Type '{ requiresReauth: true; code: "NETWORK_ERROR"; status?: number | undefined; statusText?: string | undefined; url?: string | undefined; timeout?: boolean | undefined; message: string; details?: JsonValue | undefined; timestamp: string; requestId?: string | undefined; stack?: string | undefined; } | ... 7 more ... | {...' is not assignable to type 'AuthenticationError'.
  Type '{ requiresReauth: true; code: "NETWORK_ERROR"; status?: number; statusText?: string; url?: string; timeout?: boolean; message: string; details?: JsonValue; timestamp: string; requestId?: string; stack?: string; }' is not assignable to type 'AuthenticationError'.
    Types of property 'code' are incompatible.
      Type '"NETWORK_ERROR"' is not assignable to type '"AUTH_ERROR" | "TOKEN_EXPIRED" | "INVALID_TOKEN" | "UNAUTHORIZED"'.
src/services/authApi.ts(402,7): error TS1361: 'ApiErrorHandler' cannot be used as a value because it was imported using 'import type'.
src/services/authApi.ts(434,24): error TS1361: 'ApiErrorFactory' cannot be used as a value because it was imported using 'import type'.
src/services/authApi.ts(435,7): error TS1361: 'ApiErrorHandler' cannot be used as a value because it was imported using 'import type'.
src/services/authApi.ts(468,24): error TS1361: 'ApiErrorFactory' cannot be used as a value because it was imported using 'import type'.
src/services/authApi.ts(469,7): error TS1361: 'ApiErrorHandler' cannot be used as a value because it was imported using 'import type'.
src/services/authApi.ts(501,24): error TS1361: 'ApiErrorFactory' cannot be used as a value because it was imported using 'import type'.
src/services/authApi.ts(502,7): error TS1361: 'ApiErrorHandler' cannot be used as a value because it was imported using 'import type'.
src/services/authApi.ts(533,24): error TS1361: 'ApiErrorFactory' cannot be used as a value because it was imported using 'import type'.
src/services/authApi.ts(534,7): error TS1361: 'ApiErrorHandler' cannot be used as a value because it was imported using 'import type'.
src/services/authApi.ts(560,24): error TS1361: 'ApiErrorFactory' cannot be used as a value because it was imported using 'import type'.
src/services/authApi.ts(561,7): error TS1361: 'ApiErrorHandler' cannot be used as a value because it was imported using 'import type'.
src/services/authApi.ts(594,24): error TS1361: 'ApiErrorFactory' cannot be used as a value because it was imported using 'import type'.
src/services/authApi.ts(595,7): error TS1361: 'ApiErrorHandler' cannot be used as a value because it was imported using 'import type'.
src/services/index.ts(55,3): error TS2459: Module '"./api"' declares 'OriginalChatMessage' locally, but it is not exported.
src/services/index.ts(56,3): error TS2305: Module '"./api"' has no exported member 'ChatMessage'.
src/services/index.ts(57,3): error TS2459: Module '"./api"' declares 'ChatOptions' locally, but it is not exported.
src/services/index.ts(58,3): error TS2459: Module '"./api"' declares 'ChatResponse' locally, but it is not exported.
src/services/index.ts(59,3): error TS2459: Module '"./api"' declares 'ChatAttachmentMetadata' locally, but it is not exported.
src/services/index.ts(60,3): error TS2305: Module '"./api"' has no exported member 'VoiceNoteMetadata'.
src/services/index.ts(61,3): error TS2459: Module '"./api"' declares 'ProductPreviewRequest' locally, but it is not exported.
src/services/index.ts(62,3): error TS2459: Module '"./api"' declares 'ProductPreviewResponse' locally, but it is not exported.
src/services/index.ts(71,3): error TS2459: Module '"./types/api-common"' declares 'ApiResult' locally, but it is not exported.
src/services/index.ts(114,3): error TS1205: Re-exporting a type when 'isolatedModules' is enabled requires using 'export type'.
src/services/index.ts(115,3): error TS1205: Re-exporting a type when 'isolatedModules' is enabled requires using 'export type'.
src/services/index.ts(191,28): error TS2304: Cannot find name 'AgentsApiService'.
src/services/index.ts(196,26): error TS2304: Cannot find name 'AuthApiService'.
src/services/index.ts(201,27): error TS2304: Cannot find name 'AdminApiService'.
src/services/index.ts(206,28): error TS2304: Cannot find name 'ApiErrorFactory'.
src/services/index.ts(211,34): error TS2304: Cannot find name 'ApiErrorHandler'.
src/services/index.ts(216,33): error TS2304: Cannot find name 'RuntimeTypeChecker'.
src/services/index.ts(221,32): error TS2304: Cannot find name 'CommonValidators'.
src/services/index.ts(229,13): error TS2304: Cannot find name 'AgentsApiService'.
src/services/index.ts(230,11): error TS2304: Cannot find name 'AuthApiService'.
src/services/index.ts(231,12): error TS2304: Cannot find name 'AdminApiService'.
src/services/index.ts(232,13): error TS2304: Cannot find name 'ApiErrorFactory'.
src/services/index.ts(233,19): error TS2304: Cannot find name 'ApiErrorHandler'.
src/services/index.ts(234,18): error TS2304: Cannot find name 'RuntimeTypeChecker'.
src/services/index.ts(235,17): error TS2304: Cannot find name 'CommonValidators'.
src/services/PerformanceBenchmarkService.ts(301,43): error TS2345: Argument of type 'string | undefined' is not assignable to parameter of type 'string'.
  Type 'undefined' is not assignable to type 'string'.
src/services/PerformanceBenchmarkService.ts(565,39): error TS18004: No value exists in scope for the shorthand property 'initial'. Either declare one or provide an initializer.
src/services/PerformanceBenchmarkService.ts(624,21): error TS2339: Property 'memory' does not exist on type 'Performance'.
src/services/PerformanceBenchmarkService.ts(626,26): error TS2339: Property 'memory' does not exist on type 'Performance'.
src/services/PerformanceBenchmarkService.ts(627,32): error TS2339: Property 'memory' does not exist on type 'Performance'.
src/services/PerformanceBenchmarkService.ts(628,31): error TS2339: Property 'memory' does not exist on type 'Performance'.
src/services/PerformanceBenchmarkService.ts(630,35): error TS2339: Property 'memory' does not exist on type 'Performance'.
src/services/PerformanceDataCache.ts(108,15): error TS18046: 'entry' is of type 'unknown'.
src/services/PerformanceDataCache.ts(109,33): error TS2345: Argument of type 'unknown' is not assignable to parameter of type 'CacheEntry<any>'.
src/services/PerformanceDataCache.ts(382,7): error TS2531: Object is possibly 'null'.
src/services/PerformanceDataCache.ts(383,7): error TS2531: Object is possibly 'null'.
src/services/PerformanceDataCache.ts(414,7): error TS2531: Object is possibly 'null'.
src/services/PerformanceDataCache.ts(415,7): error TS2531: Object is possibly 'null'.
src/services/PerformanceDataCache.ts(513,9): error TS7053: Element implicitly has an 'any' type because expression of type 'string' can't be used to index type '{}'.
  No index signature with a parameter of type 'string' was found on type '{}'.
src/services/PerformanceDataCache.ts(544,15): error TS18046: 'entry' is of type 'unknown'.
src/services/PerformanceDataCache.ts(545,33): error TS2345: Argument of type 'unknown' is not assignable to parameter of type 'CacheEntry<any>'.
src/services/PerformanceTrendAnalyzer.ts(164,7): error TS2322: Type 'TrendDataPoint[]' is not assignable to type '{ timestamp: number; value: number; severity: "high" | "low" | "medium"; description: string; }[]'.
  Type 'TrendDataPoint' is missing the following properties from type '{ timestamp: number; value: number; severity: "high" | "low" | "medium"; description: string; }': severity, description
src/services/PerformanceTrendAnalyzer.ts(198,49): error TS2345: Argument of type 'TrendDataPoint[]' is not assignable to parameter of type 'TrendDataPoint'.
  Type 'TrendDataPoint[]' is missing the following properties from type 'TrendDataPoint': timestamp, value
src/services/PerformanceTrendAnalyzer.ts(199,53): error TS2345: Argument of type 'TrendDataPoint[]' is not assignable to parameter of type 'TrendDataPoint'.
  Type 'TrendDataPoint[]' is missing the following properties from type 'TrendDataPoint': timestamp, value
src/services/PerformanceTrendAnalyzer.ts(200,47): error TS2345: Argument of type 'TrendDataPoint[]' is not assignable to parameter of type 'TrendDataPoint'.
  Type 'TrendDataPoint[]' is missing the following properties from type 'TrendDataPoint': timestamp, value
src/services/PerformanceTrendAnalyzer.ts(369,55): error TS2345: Argument of type 'TrendDataPoint' is not assignable to parameter of type 'TrendDataPoint[]'.
  Type 'TrendDataPoint' is missing the following properties from type 'TrendDataPoint[]': length, pop, push, concat, and 29 more.
src/services/PerformanceTrendAnalyzer.ts(377,38): error TS2339: Property 'length' does not exist on type 'TrendDataPoint'.
src/services/PerformanceTrendAnalyzer.ts(394,48): error TS2345: Argument of type 'TrendDataPoint' is not assignable to parameter of type 'TrendDataPoint[]'.
  Type 'TrendDataPoint' is missing the following properties from type 'TrendDataPoint[]': length, pop, push, concat, and 29 more.
src/services/PerformanceTrendAnalyzer.ts(399,55): error TS2345: Argument of type 'TrendDataPoint' is not assignable to parameter of type 'TrendDataPoint[]'.
  Type 'TrendDataPoint' is missing the following properties from type 'TrendDataPoint[]': length, pop, push, concat, and 29 more.
src/services/PerformanceTrendAnalyzer.ts(406,59): error TS2345: Argument of type 'TrendDataPoint' is not assignable to parameter of type 'TrendDataPoint[]'.
  Type 'TrendDataPoint' is missing the following properties from type 'TrendDataPoint[]': length, pop, push, concat, and 29 more.
src/services/PerformanceTrendAnalyzer.ts(410,38): error TS2339: Property 'length' does not exist on type 'TrendDataPoint'.
src/services/PerformanceTrendAnalyzer.ts(457,31): error TS2339: Property 'map' does not exist on type 'TrendDataPoint'.
src/services/PerformanceTrendAnalyzer.ts(457,35): error TS7006: Parameter 'point' implicitly has an 'any' type.
src/services/PerformanceTrendAnalyzer.ts(473,47): error TS7006: Parameter 'a' implicitly has an 'any' type.
src/services/PerformanceTrendAnalyzer.ts(473,50): error TS7006: Parameter 'b' implicitly has an 'any' type.
src/services/sync/SyncManager.ts(658,5): error TS2322: Type '{}' is not assignable to type 'number'.
src/services/types/api-common.ts(369,58): error TS2344: Type 'T' does not satisfy the constraint 'JsonValue'.
  Type 'T' is not assignable to type '{ readonly [key: string]: JsonValue; }'.
src/services/types/api-common.ts(376,63): error TS2344: Type 'PaginatedResponse<T>' does not satisfy the constraint 'JsonValue'.
  Type 'PaginatedResponse<T>' is not assignable to type '{ readonly [key: string]: JsonValue; }'.
    Index signature for type 'string' is missing in type 'PaginatedResponse<T>'.
src/services/types/api-errors.ts(435,22): error TS2339: Property 'retryable' does not exist on type 'NetworkError | ServerError | TimeoutError'.
  Property 'retryable' does not exist on type 'NetworkError'.
src/services/types/api-errors.ts(447,5): error TS2322: Type 'boolean | undefined' is not assignable to type 'boolean'.
  Type 'undefined' is not assignable to type 'boolean'.
src/services/utils/type-validator.ts(321,30): error TS2536: Type 'keyof T' cannot be used to index type 'Record<string, unknown>'.
src/store/index.ts(28,3): error TS2305: Module '"./types"' has no exported member 'BaseStoreState'.
src/store/index.ts(29,3): error TS2305: Module '"./types"' has no exported member 'BaseStoreActions'.
src/store/index.ts(30,3): error TS2305: Module '"./types"' has no exported member 'BaseStore'.
src/store/index.ts(31,3): error TS2305: Module '"./types"' has no exported member 'SetState'.
src/store/index.ts(32,3): error TS2724: '"./types"' has no exported member named 'GetState'. Did you mean 'AgentState'?
src/store/index.ts(33,3): error TS2305: Module '"./types"' has no exported member 'StoreCreator'.
src/store/index.ts(34,3): error TS2305: Module '"./types"' has no exported member 'PersistConfig'.
src/store/index.ts(35,3): error TS2305: Module '"./types"' has no exported member 'PersistedStore'.
src/store/index.ts(36,3): error TS2305: Module '"./types"' has no exported member 'StoreError'.
src/store/index.ts(37,3): error TS2305: Module '"./types"' has no exported member 'StoreStatus'.
src/store/index.ts(38,3): error TS2305: Module '"./types"' has no exported member 'ExtractState'.
src/store/index.ts(39,3): error TS2305: Module '"./types"' has no exported member 'ExtractActions'.
src/store/index.ts(40,3): error TS2305: Module '"./types"' has no exported member 'CreateStoreType'.
src/store/index.ts(41,3): error TS2305: Module '"./types"' has no exported member 'CreatePersistedStoreType'.
src/store/index.ts(42,3): error TS2305: Module '"./types"' has no exported member 'StoreFactoryConfig'.
src/store/index.ts(43,3): error TS2305: Module '"./types"' has no exported member 'StoreFactory'.
src/store/index.ts(44,3): error TS2305: Module '"./types"' has no exported member 'AsyncState'.
src/store/index.ts(45,3): error TS2305: Module '"./types"' has no exported member 'AsyncActions'.
src/store/index.ts(46,3): error TS2305: Module '"./types"' has no exported member 'AsyncStore'.
src/store/index.ts(47,3): error TS2305: Module '"./types"' has no exported member 'StoreMiddleware'.
src/store/index.ts(48,3): error TS2305: Module '"./types"' has no exported member 'DevtoolsOptions'.
src/store/index.ts(49,3): error TS2305: Module '"./types"' has no exported member 'DEFAULT_PERSIST_CONFIG'.
src/store/index.ts(50,3): error TS2305: Module '"./types"' has no exported member 'DEFAULT_DEVTOOLS_CONFIG'.
src/store/index.ts(57,10): error TS2305: Module '"./types"' has no exported member 'isStore'.
src/store/index.ts(57,19): error TS2305: Module '"./types"' has no exported member 'isPersistedStore'.
src/test/types/QualityGateSystem.ts(234,36): error TS18046: 'error' is of type 'unknown'.
src/test/types/QualityGateSystem.ts(239,36): error TS18046: 'error' is of type 'unknown'.
src/test/types/QualityGateSystem.ts(297,29): error TS18046: 'error' is of type 'unknown'.
src/test/types/QualityGateSystem.ts(297,45): error TS18046: 'error' is of type 'unknown'.
src/test/types/QualityGateSystem.ts(387,21): error TS2339: Property 'enabled' does not exist on type 'QualityStandard'.
src/test/types/QualityGateSystem.ts(727,17): error TS2339: Property 'compilationErrors' does not exist on type 'Promise<QualityMetrics>'.
src/test/types/QualityGateSystem.ts(728,24): error TS2339: Property 'compilationErrors' does not exist on type 'Promise<QualityMetrics>'.
src/test/types/QualityGateSystem.ts(731,17): error TS2339: Property 'anyTypeUsage' does not exist on type 'Promise<QualityMetrics>'.
src/test/types/QualityGateSystem.ts(732,24): error TS2339: Property 'anyTypeUsage' does not exist on type 'Promise<QualityMetrics>'.
src/test/types/QualityGateSystem.ts(752,9): error TS2353: Object literal may only specify known properties, and 'enabled' does not exist in type 'QualityStandard'.
src/test/types/QualityGateSystem.ts(763,9): error TS2353: Object literal may only specify known properties, and 'enabled' does not exist in type 'QualityStandard'.
src/test/types/QualityGateSystem.ts(774,9): error TS2353: Object literal may only specify known properties, and 'enabled' does not exist in type 'QualityStandard'.
src/test/types/QualityGateSystem.ts(785,9): error TS2353: Object literal may only specify known properties, and 'enabled' does not exist in type 'QualityStandard'.
src/test/types/QualityGateSystem.ts(796,9): error TS2353: Object literal may only specify known properties, and 'enabled' does not exist in type 'QualityStandard'.
src/test/types/TypeRegressionGuard.ts(9,29): error TS7016: Could not find a declaration file for module 'folder-hash'. 'F:/ss/aa/sssss/llmchat/node_modules/.pnpm/folder-hash@4.1.1/node_modules/folder-hash/index.js' implicitly has an 'any' type.
  Try `npm i --save-dev @types/folder-hash` if it exists or add a new declaration (.d.ts) file containing `declare module 'folder-hash';`
src/test/types/TypeSafetyDashboard.tsx(273,13): error TS7030: Not all code paths return a value.
src/test/types/TypeSafetyDashboard.tsx(562,17): error TS2322: Type 'ViolationData[]' is not assignable to type 'ChartDataInput[]'.
  Type 'ViolationData' is not assignable to type 'ChartDataInput'.
    Index signature for type 'string' is missing in type 'ViolationData'.
src/types/event-handlers.ts(276,15): error TS2345: Argument of type 'T' is not assignable to parameter of type 'T & ChangeEvent<HTMLInputElement | HTMLSelectElement | HTMLTextAreaElement>'.
  Type 'T' is not assignable to type 'ChangeEvent<HTMLInputElement | HTMLSelectElement | HTMLTextAreaElement>'.
src/types/event-handlers.ts(293,15): error TS2345: Argument of type 'T' is not assignable to parameter of type 'T & ChangeEvent<HTMLInputElement | HTMLSelectElement | HTMLTextAreaElement>'.
  Type 'T' is not assignable to type 'ChangeEvent<HTMLInputElement | HTMLSelectElement | HTMLTextAreaElement>'.
src/types/event-handlers.ts(304,3): error TS2322: Type '(value: string, event: ChangeEvent<HTMLInputElement | HTMLTextAreaElement>) => void' is not assignable to type 'ChangeEventHandler<string>'.
  Type '(value: string, event: ChangeEvent<HTMLInputElement | HTMLTextAreaElement>) => void' is not assignable to type 'LegacyEventHandler<ChangeEvent<HTMLInputElement | HTMLSelectElement | HTMLTextAreaElement>>'.
    Target signature provides too few arguments. Expected 2 or more, but got 1.
src/types/event-handlers.ts(305,13): error TS2345: Argument of type 'string' is not assignable to parameter of type 'string & ChangeEvent<HTMLInputElement | HTMLSelectElement | HTMLTextAreaElement>'.
  Type 'string' is not assignable to type 'ChangeEvent<HTMLInputElement | HTMLSelectElement | HTMLTextAreaElement>'.
src/types/event-handlers.ts(313,3): error TS2322: Type '(value: string, event: ChangeEvent<HTMLInputElement>) => void' is not assignable to type 'ChangeEventHandler<string>'.
  Type '(value: string, event: ChangeEvent<HTMLInputElement>) => void' is not assignable to type 'LegacyEventHandler<ChangeEvent<HTMLInputElement | HTMLSelectElement | HTMLTextAreaElement>>'.
    Target signature provides too few arguments. Expected 2 or more, but got 1.
src/types/event-handlers.ts(316,15): error TS2345: Argument of type 'number' is not assignable to parameter of type 'number & ChangeEvent<HTMLInputElement | HTMLSelectElement | HTMLTextAreaElement>'.
  Type 'number' is not assignable to type 'ChangeEvent<HTMLInputElement | HTMLSelectElement | HTMLTextAreaElement>'.
src/types/event-handlers.ts(327,3): error TS2322: Type '(value: string, event: ChangeEvent<HTMLInputElement>) => void' is not assignable to type 'ChangeEventHandler<string>'.
  Type '(value: string, event: ChangeEvent<HTMLInputElement>) => void' is not assignable to type 'LegacyEventHandler<ChangeEvent<HTMLInputElement | HTMLSelectElement | HTMLTextAreaElement>>'.
    Target signature provides too few arguments. Expected 2 or more, but got 1.
src/types/event-handlers.ts(329,15): error TS2345: Argument of type 'string' is not assignable to parameter of type 'string & ChangeEvent<HTMLInputElement | HTMLSelectElement | HTMLTextAreaElement>'.
  Type 'string' is not assignable to type 'ChangeEvent<HTMLInputElement | HTMLSelectElement | HTMLTextAreaElement>'.
src/types/integration-strategy.ts(66,5): error TS2322: Type 'string' is not assignable to type 'ValidationTest'.
src/types/integration-strategy.ts(67,5): error TS2322: Type 'string' is not assignable to type 'ValidationTest'.
src/types/integration-strategy.ts(68,5): error TS2322: Type 'string' is not assignable to type 'ValidationTest'.
src/types/integration-strategy.ts(91,5): error TS2322: Type 'string' is not assignable to type 'ValidationTest'.
src/types/integration-strategy.ts(92,5): error TS2322: Type 'string' is not assignable to type 'ValidationTest'.
src/types/integration-strategy.ts(93,5): error TS2322: Type 'string' is not assignable to type 'ValidationTest'.
src/types/integration-strategy.ts(117,5): error TS2322: Type 'string' is not assignable to type 'ValidationTest'.
src/types/integration-strategy.ts(118,5): error TS2322: Type 'string' is not assignable to type 'ValidationTest'.
src/types/integration-strategy.ts(119,5): error TS2322: Type 'string' is not assignable to type 'ValidationTest'.
src/types/integration-strategy.ts(120,5): error TS2322: Type 'string' is not assignable to type 'ValidationTest'.
src/types/integration-strategy.ts(147,5): error TS2322: Type 'string' is not assignable to type 'ValidationTest'.
src/types/integration-strategy.ts(148,5): error TS2322: Type 'string' is not assignable to type 'ValidationTest'.
src/types/integration-strategy.ts(149,5): error TS2322: Type 'string' is not assignable to type 'ValidationTest'.
src/types/integration-strategy.ts(150,5): error TS2322: Type 'string' is not assignable to type 'ValidationTest'.
src/types/integration-strategy.ts(176,5): error TS2322: Type 'string' is not assignable to type 'ValidationTest'.
src/types/integration-strategy.ts(177,5): error TS2322: Type 'string' is not assignable to type 'ValidationTest'.
src/types/integration-strategy.ts(178,5): error TS2322: Type 'string' is not assignable to type 'ValidationTest'.
src/types/integration-strategy.ts(179,5): error TS2322: Type 'string' is not assignable to type 'ValidationTest'.
src/types/integration-strategy.ts(203,5): error TS2322: Type 'string' is not assignable to type 'ValidationTest'.
src/types/integration-strategy.ts(204,5): error TS2322: Type 'string' is not assignable to type 'ValidationTest'.
src/types/integration-strategy.ts(205,5): error TS2322: Type 'string' is not assignable to type 'ValidationTest'.
src/types/integration-strategy.ts(206,5): error TS2322: Type 'string' is not assignable to type 'ValidationTest'.
src/types/integration-strategy.ts(225,5): error TS2322: Type 'string' is not assignable to type 'ValidationTest'.
src/types/integration-strategy.ts(226,5): error TS2322: Type 'string' is not assignable to type 'ValidationTest'.
src/types/integration-strategy.ts(227,5): error TS2322: Type 'string' is not assignable to type 'ValidationTest'.
src/types/integration-strategy.ts(228,5): error TS2322: Type 'string' is not assignable to type 'ValidationTest'.
src/types/integration-strategy.ts(377,3): error TS1205: Re-exporting a type when 'isolatedModules' is enabled requires using 'export type'.
src/types/integration-strategy.ts(377,3): error TS2484: Export declaration conflicts with exported declaration of 'TypeIntegrationStrategy'.
src/types/integration-strategy.ts(378,3): error TS1205: Re-exporting a type when 'isolatedModules' is enabled requires using 'export type'.
src/types/integration-strategy.ts(378,3): error TS2484: Export declaration conflicts with exported declaration of 'ValidationTest'.
src/types/integration-strategy.ts(379,3): error TS1205: Re-exporting a type when 'isolatedModules' is enabled requires using 'export type'.
src/types/integration-strategy.ts(379,3): error TS2484: Export declaration conflicts with exported declaration of 'MigrationTool'.
src/types/ui-enhanced-props.ts(41,18): error TS2430: Interface 'EnhancedButtonProps' incorrectly extends interface 'Omit<ButtonHTMLAttributes<HTMLButtonElement>, "size">'.
  Types of property 'onClick' are incompatible.
    Type 'ClickEventHandler<void> | undefined' is not assignable to type 'MouseEventHandler<HTMLButtonElement> | undefined'.
      Type 'UnifiedEventHandler<void, MouseEvent<HTMLButtonElement | HTMLDivElement, MouseEvent>>' is not assignable to type 'MouseEventHandler<HTMLButtonElement>'.
        Target signature provides too few arguments. Expected 2 or more, but got 1.
src/types/ui-enhanced-props.ts(57,18): error TS2430: Interface 'EnhancedInputProps' incorrectly extends interface 'Omit<InputHTMLAttributes<HTMLInputElement>, "size">'.
  Types of property 'onFocus' are incompatible.
    Type 'FocusEventHandler<string> | undefined' is not assignable to type 'FocusEventHandler<HTMLInputElement> | undefined'.
      Type 'SimplifiedEventHandler<string>' is not assignable to type 'FocusEventHandler<HTMLInputElement>'.
        Types of parameters 'data' and 'event' are incompatible.
          Type 'FocusEvent<HTMLInputElement, Element>' is not assignable to type 'string'.
src/types/ui-enhanced-props.ts(75,18): error TS2430: Interface 'EnhancedFormProps' incorrectly extends interface 'FormHTMLAttributes<HTMLFormElement>'.
  Types of property 'onSubmit' are incompatible.
    Type 'FormSubmitHandler<void> | undefined' is not assignable to type 'FormEventHandler<HTMLFormElement> | undefined'.
      Type 'SimplifiedEventHandler<void>' is not assignable to type 'FormEventHandler<HTMLFormElement>'.
        Types of parameters 'data' and 'event' are incompatible.
          Type 'FormEvent<HTMLFormElement>' is not assignable to type 'void'.
src/types/ui-enhanced-props.ts(110,44): error TS1016: A required parameter cannot follow an optional parameter.
src/types/ui-props.ts(136,17): error TS2323: Cannot redeclare exported variable 'createSubComponent'.
src/types/ui-props.ts(146,17): error TS2323: Cannot redeclare exported variable 'attachSubComponents'.
src/types/ui-props.ts(156,5): error TS2862: Type 'ComponentWithSubComponents<TMainProps, TSubComponents>' is generic and can only be indexed for reading.
src/types/ui-props.ts(309,3): error TS2484: Export declaration conflicts with exported declaration of 'BaseUIProps'.
src/types/ui-props.ts(310,3): error TS2484: Export declaration conflicts with exported declaration of 'BaseButtonProps'.
src/types/ui-props.ts(311,3): error TS2484: Export declaration conflicts with exported declaration of 'BaseInputProps'.
src/types/ui-props.ts(312,3): error TS2484: Export declaration conflicts with exported declaration of 'BaseCardProps'.
src/types/ui-props.ts(315,3): error TS2484: Export declaration conflicts with exported declaration of 'SubComponentProps'.
src/types/ui-props.ts(316,3): error TS2484: Export declaration conflicts with exported declaration of 'ComponentWithSubComponents'.
src/types/ui-props.ts(317,3): error TS2484: Export declaration conflicts with exported declaration of 'SubComponentFactory'.
src/types/ui-props.ts(320,3): error TS2484: Export declaration conflicts with exported declaration of 'CardHeaderProps'.
src/types/ui-props.ts(321,3): error TS2484: Export declaration conflicts with exported declaration of 'CardTitleProps'.
src/types/ui-props.ts(322,3): error TS2484: Export declaration conflicts with exported declaration of 'CardContentProps'.
src/types/ui-props.ts(323,3): error TS2484: Export declaration conflicts with exported declaration of 'CardFooterProps'.
src/types/ui-props.ts(324,3): error TS2484: Export declaration conflicts with exported declaration of 'CardComponent'.
src/types/ui-props.ts(327,3): error TS2484: Export declaration conflicts with exported declaration of 'SelectTriggerProps'.
src/types/ui-props.ts(328,3): error TS2484: Export declaration conflicts with exported declaration of 'SelectValueProps'.
src/types/ui-props.ts(329,3): error TS2484: Export declaration conflicts with exported declaration of 'SelectContentProps'.
src/types/ui-props.ts(330,3): error TS2484: Export declaration conflicts with exported declaration of 'SelectItemProps'.
src/types/ui-props.ts(331,3): error TS2484: Export declaration conflicts with exported declaration of 'SelectComponent'.
src/types/ui-props.ts(334,3): error TS2484: Export declaration conflicts with exported declaration of 'TabsListProps'.
src/types/ui-props.ts(335,3): error TS2484: Export declaration conflicts with exported declaration of 'TabsTriggerProps'.
src/types/ui-props.ts(336,3): error TS2484: Export declaration conflicts with exported declaration of 'TabsContentProps'.
src/types/ui-props.ts(337,3): error TS2484: Export declaration conflicts with exported declaration of 'TabsComponent'.
src/types/ui-props.ts(340,3): error TS2484: Export declaration conflicts with exported declaration of 'ToastType'.
src/types/ui-props.ts(341,3): error TS2484: Export declaration conflicts with exported declaration of 'ToastOptions'.
src/types/ui-props.ts(342,3): error TS2484: Export declaration conflicts with exported declaration of 'ToastState'.
src/types/ui-props.ts(343,3): error TS2484: Export declaration conflicts with exported declaration of 'ToastComponent'.
src/types/ui-props.ts(347,10): error TS2323: Cannot redeclare exported variable 'createSubComponent'.
src/types/ui-props.ts(347,10): error TS2484: Export declaration conflicts with exported declaration of 'createSubComponent'.
src/types/ui-props.ts(347,30): error TS2323: Cannot redeclare exported variable 'attachSubComponents'.
src/types/ui-props.ts(347,30): error TS2484: Export declaration conflicts with exported declaration of 'attachSubComponents'.
src/utils/advanced-type-guards.ts(642,3): error TS2484: Export declaration conflicts with exported declaration of 'ValidationResult'.
src/utils/advanced-type-guards.ts(643,3): error TS2484: Export declaration conflicts with exported declaration of 'TypeValidator'.
src/utils/advanced-type-guards.ts(644,3): error TS2484: Export declaration conflicts with exported declaration of 'SyncValidator'.
src/utils/advanced-type-guards.ts(645,3): error TS2484: Export declaration conflicts with exported declaration of 'AsyncValidator'.
src/utils/advanced-type-guards.ts(646,3): error TS2484: Export declaration conflicts with exported declaration of 'PropertyValidation'.
src/utils/advanced-type-guards.ts(647,3): error TS2484: Export declaration conflicts with exported declaration of 'ObjectValidationConfig'.
src/utils/api-type-validators.ts(24,3): error TS2322: Type 'RuntimeTypeValidator<{ code: string; message: string; data: T; timestamp: number; }>' is not assignable to type 'RuntimeTypeValidator<ApiResponse<T>>'.
  Type '{ code: string; message: string; data: T; timestamp: number; }' is not assignable to type 'ApiResponse<T>'.
    Types of property 'timestamp' are incompatible.
      Type 'number' is not assignable to type 'string'.
src/utils/api-type-validators.ts(90,14): error TS2323: Cannot redeclare exported variable 'agentValidator'.
src/utils/api-type-validators.ts(106,14): error TS2323: Cannot redeclare exported variable 'agentConfigValidator'.
src/utils/api-type-validators.ts(144,14): error TS2323: Cannot redeclare exported variable 'agentsListResponseValidator'.
src/utils/api-type-validators.ts(151,14): error TS2323: Cannot redeclare exported variable 'agentDetailResponseValidator'.
src/utils/api-type-validators.ts(205,14): error TS2323: Cannot redeclare exported variable 'chatMessageValidator'.
src/utils/api-type-validators.ts(221,14): error TS2323: Cannot redeclare exported variable 'chatSessionValidator'.
src/utils/api-type-validators.ts(307,14): error TS2323: Cannot redeclare exported variable 'chatApiResponseValidator'.
src/utils/api-type-validators.ts(314,14): error TS2323: Cannot redeclare exported variable 'chatHistoryResponseValidator'.
src/utils/api-type-validators.ts(321,14): error TS2323: Cannot redeclare exported variable 'chatSessionResponseValidator'.
src/utils/api-type-validators.ts(346,14): error TS2323: Cannot redeclare exported variable 'userPreferencesValidator'.
src/utils/api-type-validators.ts(361,14): error TS2323: Cannot redeclare exported variable 'userPreferencesResponseValidator'.
src/utils/api-type-validators.ts(391,14): error TS2323: Cannot redeclare exported variable 'statsResponseValidator'.
src/utils/api-type-validators.ts(398,14): error TS2323: Cannot redeclare exported variable 'auditLogsResponseValidator'.
src/utils/api-type-validators.ts(431,14): error TS2323: Cannot redeclare exported variable 'healthCheckResponseValidator'.
src/utils/api-type-validators.ts(438,14): error TS2323: Cannot redeclare exported variable 'agentHealthStatusResponseValidator'.
src/utils/api-type-validators.ts(449,14): error TS2323: Cannot redeclare exported variable 'ApiResponseValidator'.
src/utils/api-type-validators.ts(464,31): error TS2322: Type 'ApiResponse<T>' is not assignable to type 'T'.
  'T' could be instantiated with an arbitrary type which could be unrelated to 'ApiResponse<T>'.
src/utils/api-type-validators.ts(500,14): error TS2323: Cannot redeclare exported variable 'createApiClientWrapper'.
src/utils/api-type-validators.ts(535,3): error TS2323: Cannot redeclare exported variable 'agentValidator'.
src/utils/api-type-validators.ts(535,3): error TS2484: Export declaration conflicts with exported declaration of 'agentValidator'.
src/utils/api-type-validators.ts(536,3): error TS2323: Cannot redeclare exported variable 'agentConfigValidator'.
src/utils/api-type-validators.ts(536,3): error TS2484: Export declaration conflicts with exported declaration of 'agentConfigValidator'.
src/utils/api-type-validators.ts(537,3): error TS2323: Cannot redeclare exported variable 'chatMessageValidator'.
src/utils/api-type-validators.ts(537,3): error TS2484: Export declaration conflicts with exported declaration of 'chatMessageValidator'.
src/utils/api-type-validators.ts(538,3): error TS2323: Cannot redeclare exported variable 'chatSessionValidator'.
src/utils/api-type-validators.ts(538,3): error TS2484: Export declaration conflicts with exported declaration of 'chatSessionValidator'.
src/utils/api-type-validators.ts(539,3): error TS2323: Cannot redeclare exported variable 'userPreferencesValidator'.
src/utils/api-type-validators.ts(539,3): error TS2484: Export declaration conflicts with exported declaration of 'userPreferencesValidator'.
src/utils/api-type-validators.ts(542,3): error TS2323: Cannot redeclare exported variable 'agentsListResponseValidator'.
src/utils/api-type-validators.ts(542,3): error TS2484: Export declaration conflicts with exported declaration of 'agentsListResponseValidator'.
src/utils/api-type-validators.ts(543,3): error TS2323: Cannot redeclare exported variable 'agentDetailResponseValidator'.
src/utils/api-type-validators.ts(543,3): error TS2484: Export declaration conflicts with exported declaration of 'agentDetailResponseValidator'.
src/utils/api-type-validators.ts(544,3): error TS2323: Cannot redeclare exported variable 'chatApiResponseValidator'.
src/utils/api-type-validators.ts(544,3): error TS2484: Export declaration conflicts with exported declaration of 'chatApiResponseValidator'.
src/utils/api-type-validators.ts(545,3): error TS2323: Cannot redeclare exported variable 'chatHistoryResponseValidator'.
src/utils/api-type-validators.ts(545,3): error TS2484: Export declaration conflicts with exported declaration of 'chatHistoryResponseValidator'.
src/utils/api-type-validators.ts(546,3): error TS2323: Cannot redeclare exported variable 'chatSessionResponseValidator'.
src/utils/api-type-validators.ts(546,3): error TS2484: Export declaration conflicts with exported declaration of 'chatSessionResponseValidator'.
src/utils/api-type-validators.ts(547,3): error TS2323: Cannot redeclare exported variable 'userPreferencesResponseValidator'.
src/utils/api-type-validators.ts(547,3): error TS2484: Export declaration conflicts with exported declaration of 'userPreferencesResponseValidator'.
src/utils/api-type-validators.ts(548,3): error TS2323: Cannot redeclare exported variable 'statsResponseValidator'.
src/utils/api-type-validators.ts(548,3): error TS2484: Export declaration conflicts with exported declaration of 'statsResponseValidator'.
src/utils/api-type-validators.ts(549,3): error TS2323: Cannot redeclare exported variable 'auditLogsResponseValidator'.
src/utils/api-type-validators.ts(549,3): error TS2484: Export declaration conflicts with exported declaration of 'auditLogsResponseValidator'.
src/utils/api-type-validators.ts(550,3): error TS2323: Cannot redeclare exported variable 'healthCheckResponseValidator'.
src/utils/api-type-validators.ts(550,3): error TS2484: Export declaration conflicts with exported declaration of 'healthCheckResponseValidator'.
src/utils/api-type-validators.ts(551,3): error TS2323: Cannot redeclare exported variable 'agentHealthStatusResponseValidator'.
src/utils/api-type-validators.ts(551,3): error TS2484: Export declaration conflicts with exported declaration of 'agentHealthStatusResponseValidator'.
src/utils/api-type-validators.ts(554,3): error TS2323: Cannot redeclare exported variable 'ApiResponseValidator'.
src/utils/api-type-validators.ts(554,3): error TS2484: Export declaration conflicts with exported declaration of 'ApiResponseValidator'.
src/utils/api-type-validators.ts(555,3): error TS2323: Cannot redeclare exported variable 'createApiClientWrapper'.
src/utils/api-type-validators.ts(555,3): error TS2484: Export declaration conflicts with exported declaration of 'createApiClientWrapper'.
src/utils/componentRegistry.ts(153,51): error TS2345: Argument of type '(() => Promise<typeof import("F:/ss/aa/sssss/llmchat/frontend/src/components/ui/ImageGallery")>) | (() => Promise<typeof import("F:/ss/aa/sssss/llmchat/frontend/src/components/ui/VirtualScroll")>)' is not assignable to parameter of type '() => Promise<{ default: ComponentType<any>; }>'.
  Type '() => Promise<typeof import("F:/ss/aa/sssss/llmchat/frontend/src/components/ui/VirtualScroll")>' is not assignable to type '() => Promise<{ default: ComponentType<any>; }>'.
    Type 'Promise<typeof import("F:/ss/aa/sssss/llmchat/frontend/src/components/ui/VirtualScroll")>' is not assignable to type 'Promise<{ default: ComponentType<any>; }>'.
      Property 'default' is missing in type 'typeof import("F:/ss/aa/sssss/llmchat/frontend/src/components/ui/VirtualScroll")' but required in type '{ default: ComponentType<any>; }'.
src/utils/componentTypeUtils.ts(34,27): error TS1338: 'infer' declarations are only permitted in the 'extends' clause of a conditional type.
src/utils/componentTypeUtils.ts(35,9): error TS2304: Cannot find name 'R'.
src/utils/componentTypeUtils.ts(112,14): error TS2323: Cannot redeclare exported variable 'EventHandlers'.
src/utils/componentTypeUtils.ts(155,39): error TS2344: Type 'keyof D' does not satisfy the constraint 'keyof T'.
  Type 'string | number | symbol' is not assignable to type 'keyof T'.
    Type 'string' is not assignable to type 'keyof T'.
src/utils/componentTypeUtils.ts(227,5): error TS2862: Type 'ComponentWithSubComponents<TMainProps, TSubComponents>' is generic and can only be indexed for reading.
src/utils/componentTypeUtils.ts(254,44): error TS2345: Argument of type '(props: P, ref: Ref<T>) => ReactElement<any, string | JSXElementConstructor<any>> | null' is not assignable to parameter of type 'ForwardRefRenderFunction<T, PropsWithoutRef<P>>'.
  Types of parameters 'props' and 'props' are incompatible.
    Type 'PropsWithoutRef<P>' is not assignable to type 'P'.
      'P' could be instantiated with an arbitrary type which could be unrelated to 'PropsWithoutRef<P>'.
src/utils/componentTypeUtils.ts(256,3): error TS2322: Type 'ForwardRefExoticComponent<PropsWithoutRef<P> & RefAttributes<T>>' is not assignable to type 'ForwardRefComponent<T, P>'.
  Types of property 'defaultProps' are incompatible.
    Type 'Partial<PropsWithoutRef<P> & RefAttributes<T>> | undefined' is not assignable to type 'Partial<P & RefAttributes<T>> | undefined'.
      Type 'Partial<PropsWithoutRef<P> & RefAttributes<T>>' is not assignable to type 'Partial<P & RefAttributes<T>>'.
        Type 'keyof P | keyof RefAttributes<T>' is not assignable to type 'keyof RefAttributes<T> | keyof PropsWithoutRef<P>'.
          Type 'keyof P' is not assignable to type 'keyof RefAttributes<T> | keyof PropsWithoutRef<P>'.
            Type 'string | number | symbol' is not assignable to type 'keyof RefAttributes<T> | keyof PropsWithoutRef<P>'.
              Type 'string' is not assignable to type 'keyof RefAttributes<T> | keyof PropsWithoutRef<P>'.
src/utils/componentTypeUtils.ts(281,17): error TS2323: Cannot redeclare exported variable 'isValidReactNode'.
src/utils/componentTypeUtils.ts(296,17): error TS2323: Cannot redeclare exported variable 'isValidClassName'.
src/utils/componentTypeUtils.ts(303,17): error TS2323: Cannot redeclare exported variable 'isValidEventHandler'.
src/utils/componentTypeUtils.ts(312,17): error TS2323: Cannot redeclare exported variable 'hasRequiredProps'.
src/utils/componentTypeUtils.ts(437,14): error TS2323: Cannot redeclare exported variable 'ComponentDebugger'.
src/utils/componentTypeUtils.ts(478,38): error TS2345: Argument of type 'Record<string, { from: any; to: any; }> | undefined' is not assignable to parameter of type 'Partial<T> | undefined'.
  Type 'Record<string, { from: any; to: any; }>' is not assignable to type 'Partial<T>'.
src/utils/componentTypeUtils.ts(495,3): error TS1205: Re-exporting a type when 'isolatedModules' is enabled requires using 'export type'.
src/utils/componentTypeUtils.ts(495,3): error TS2484: Export declaration conflicts with exported declaration of 'ComponentPropsType'.
src/utils/componentTypeUtils.ts(496,3): error TS1205: Re-exporting a type when 'isolatedModules' is enabled requires using 'export type'.
src/utils/componentTypeUtils.ts(496,3): error TS2484: Export declaration conflicts with exported declaration of 'ComponentRefType'.
src/utils/componentTypeUtils.ts(497,3): error TS1205: Re-exporting a type when 'isolatedModules' is enabled requires using 'export type'.
src/utils/componentTypeUtils.ts(497,3): error TS2484: Export declaration conflicts with exported declaration of 'StrictProps'.
src/utils/componentTypeUtils.ts(498,3): error TS1205: Re-exporting a type when 'isolatedModules' is enabled requires using 'export type'.
src/utils/componentTypeUtils.ts(498,3): error TS2484: Export declaration conflicts with exported declaration of 'ConditionalRequired'.
src/utils/componentTypeUtils.ts(501,3): error TS1205: Re-exporting a type when 'isolatedModules' is enabled requires using 'export type'.
src/utils/componentTypeUtils.ts(501,3): error TS2484: Export declaration conflicts with exported declaration of 'UnifiedEventHandler'.
src/utils/componentTypeUtils.ts(502,3): error TS1205: Re-exporting a type when 'isolatedModules' is enabled requires using 'export type'.
src/utils/componentTypeUtils.ts(502,3): error TS2484: Export declaration conflicts with exported declaration of 'SimplifiedEventHandler'.
src/utils/componentTypeUtils.ts(503,3): error TS1205: Re-exporting a type when 'isolatedModules' is enabled requires using 'export type'.
src/utils/componentTypeUtils.ts(503,3): error TS2484: Export declaration conflicts with exported declaration of 'LegacyEventHandler'.
src/utils/componentTypeUtils.ts(504,3): error TS1205: Re-exporting a type when 'isolatedModules' is enabled requires using 'export type'.
src/utils/componentTypeUtils.ts(504,3): error TS2484: Export declaration conflicts with exported declaration of 'FlexibleEventHandler'.
src/utils/componentTypeUtils.ts(505,3): error TS2323: Cannot redeclare exported variable 'EventHandlers'.
src/utils/componentTypeUtils.ts(505,3): error TS2484: Export declaration conflicts with exported declaration of 'EventHandlers'.
src/utils/componentTypeUtils.ts(508,3): error TS1205: Re-exporting a type when 'isolatedModules' is enabled requires using 'export type'.
src/utils/componentTypeUtils.ts(508,3): error TS2484: Export declaration conflicts with exported declaration of 'PropsWithoutConflicts'.
src/utils/componentTypeUtils.ts(509,3): error TS1205: Re-exporting a type when 'isolatedModules' is enabled requires using 'export type'.
src/utils/componentTypeUtils.ts(509,3): error TS2484: Export declaration conflicts with exported declaration of 'MergeProps'.
src/utils/componentTypeUtils.ts(510,3): error TS1205: Re-exporting a type when 'isolatedModules' is enabled requires using 'export type'.
src/utils/componentTypeUtils.ts(510,3): error TS2484: Export declaration conflicts with exported declaration of 'WithDefaults'.
src/utils/componentTypeUtils.ts(511,3): error TS1205: Re-exporting a type when 'isolatedModules' is enabled requires using 'export type'.
src/utils/componentTypeUtils.ts(511,3): error TS2484: Export declaration conflicts with exported declaration of 'ValidatedProps'.
src/utils/componentTypeUtils.ts(512,3): error TS1205: Re-exporting a type when 'isolatedModules' is enabled requires using 'export type'.
src/utils/componentTypeUtils.ts(512,3): error TS2484: Export declaration conflicts with exported declaration of 'AsyncProps'.
src/utils/componentTypeUtils.ts(515,3): error TS1205: Re-exporting a type when 'isolatedModules' is enabled requires using 'export type'.
src/utils/componentTypeUtils.ts(515,3): error TS2484: Export declaration conflicts with exported declaration of 'SubComponentProps'.
src/utils/componentTypeUtils.ts(516,3): error TS1205: Re-exporting a type when 'isolatedModules' is enabled requires using 'export type'.
src/utils/componentTypeUtils.ts(516,3): error TS2484: Export declaration conflicts with exported declaration of 'ComponentWithSubComponents'.
src/utils/componentTypeUtils.ts(517,3): error TS1205: Re-exporting a type when 'isolatedModules' is enabled requires using 'export type'.
src/utils/componentTypeUtils.ts(517,3): error TS2484: Export declaration conflicts with exported declaration of 'SubComponentFactory'.
src/utils/componentTypeUtils.ts(520,3): error TS1205: Re-exporting a type when 'isolatedModules' is enabled requires using 'export type'.
src/utils/componentTypeUtils.ts(520,3): error TS2484: Export declaration conflicts with exported declaration of 'PolymorphicRef'.
src/utils/componentTypeUtils.ts(521,3): error TS1205: Re-exporting a type when 'isolatedModules' is enabled requires using 'export type'.
src/utils/componentTypeUtils.ts(521,3): error TS2484: Export declaration conflicts with exported declaration of 'ForwardRefComponent'.
src/utils/componentTypeUtils.ts(524,3): error TS2323: Cannot redeclare exported variable 'isValidReactNode'.
src/utils/componentTypeUtils.ts(524,3): error TS2484: Export declaration conflicts with exported declaration of 'isValidReactNode'.
src/utils/componentTypeUtils.ts(525,3): error TS2323: Cannot redeclare exported variable 'isValidClassName'.
src/utils/componentTypeUtils.ts(525,3): error TS2484: Export declaration conflicts with exported declaration of 'isValidClassName'.
src/utils/componentTypeUtils.ts(526,3): error TS2323: Cannot redeclare exported variable 'isValidEventHandler'.
src/utils/componentTypeUtils.ts(526,3): error TS2484: Export declaration conflicts with exported declaration of 'isValidEventHandler'.
src/utils/componentTypeUtils.ts(527,3): error TS2323: Cannot redeclare exported variable 'hasRequiredProps'.
src/utils/componentTypeUtils.ts(527,3): error TS2484: Export declaration conflicts with exported declaration of 'hasRequiredProps'.
src/utils/componentTypeUtils.ts(530,3): error TS1205: Re-exporting a type when 'isolatedModules' is enabled requires using 'export type'.
src/utils/componentTypeUtils.ts(530,3): error TS2484: Export declaration conflicts with exported declaration of 'AriaAttributes'.
src/utils/componentTypeUtils.ts(531,3): error TS1205: Re-exporting a type when 'isolatedModules' is enabled requires using 'export type'.
src/utils/componentTypeUtils.ts(531,3): error TS2484: Export declaration conflicts with exported declaration of 'AccessibilityRequirements'.
src/utils/componentTypeUtils.ts(534,3): error TS2323: Cannot redeclare exported variable 'ComponentDebugger'.
src/utils/componentTypeUtils.ts(534,3): error TS2484: Export declaration conflicts with exported declaration of 'ComponentDebugger'.
src/utils/componentTypeUtils.ts(535,3): error TS1205: Re-exporting a type when 'isolatedModules' is enabled requires using 'export type'.
src/utils/componentTypeUtils.ts(535,3): error TS2484: Export declaration conflicts with exported declaration of 'Expect'.
src/utils/componentTypeUtils.ts(536,3): error TS1205: Re-exporting a type when 'isolatedModules' is enabled requires using 'export type'.
src/utils/componentTypeUtils.ts(536,3): error TS2484: Export declaration conflicts with exported declaration of 'Equal'.
src/utils/contentSecurityPolicy.ts(287,51): error TS2774: This condition will always return true since this function is always defined. Did you mean to call it instead?
src/utils/ErrorBoundary.tsx(274,26): error TS2304: Cannot find name 'NetworkError'.
src/utils/ErrorBoundary.tsx(470,9): error TS2353: Object literal may only specify known properties, and 'category' does not exist in type 'Partial<ErrorContext>'.
src/utils/ErrorBoundary.tsx(525,3): error TS4114: This member must have an 'override' modifier because it overrides a member in the base class 'Component<ErrorBoundaryProps, ErrorBoundaryState, any>'.
src/utils/ErrorBoundary.tsx(527,7): error TS2322: Type 'string | null | undefined' is not assignable to type 'string | undefined'.
  Type 'null' is not assignable to type 'string | undefined'.
src/utils/ErrorBoundary.tsx(551,3): error TS4114: This member must have an 'override' modifier because it overrides a member in the base class 'Component<ErrorBoundaryProps, ErrorBoundaryState, any>'.
src/utils/ErrorBoundary.tsx(591,3): error TS4114: This member must have an 'override' modifier because it overrides a member in the base class 'Component<ErrorBoundaryProps, ErrorBoundaryState, any>'.
src/utils/ErrorBoundary.tsx(697,29): error TS2304: Cannot find name 'NetworkError'.
src/utils/event-handler-integration.ts(511,12): error TS2352: Conversion of type '(...args: any[]) => any' to type 'T' may be a mistake because neither type sufficiently overlaps with the other. If this was intentional, convert the expression to 'unknown' first.
  '(...args: any[]) => any' is assignable to the constraint of type 'T', but 'T' could be instantiated with a different subtype of constraint 'Function'.
src/utils/event-handler-integration.ts(536,12): error TS2352: Conversion of type '(...args: any[]) => any' to type 'T' may be a mistake because neither type sufficiently overlaps with the other. If this was intentional, convert the expression to 'unknown' first.
  '(...args: any[]) => any' is assignable to the constraint of type 'T', but 'T' could be instantiated with a different subtype of constraint 'Function'.
src/utils/eventAdapter.ts(293,14): error TS2304: Cannot find name 'FlexibleChangeHandler'.
src/utils/eventAdapter.ts(376,3): error TS2322: Type '(value: string, event: ChangeEvent<HTMLInputElement | HTMLTextAreaElement>) => void' is not assignable to type 'ChangeEventHandler<string>'.
  Type '(value: string, event: ChangeEvent<HTMLInputElement | HTMLTextAreaElement>) => void' is not assignable to type 'LegacyEventHandler<ChangeEvent<HTMLInputElement | HTMLSelectElement | HTMLTextAreaElement>>'.
    Target signature provides too few arguments. Expected 2 or more, but got 1.
src/utils/eventAdapter.ts(408,3): error TS2322: Type '(value: string, event: ChangeEvent<HTMLInputElement>) => void' is not assignable to type 'ChangeEventHandler<string>'.
  Type '(value: string, event: ChangeEvent<HTMLInputElement>) => void' is not assignable to type 'LegacyEventHandler<ChangeEvent<HTMLInputElement | HTMLSelectElement | HTMLTextAreaElement>>'.
    Target signature provides too few arguments. Expected 2 or more, but got 1.
src/utils/eventAdapter.ts(446,3): error TS2322: Type '(value: T, event: ChangeEvent<HTMLSelectElement>) => void' is not assignable to type 'ChangeEventHandler<T>'.
  Type '(value: T, event: ChangeEvent<HTMLSelectElement>) => void' is not assignable to type 'LegacyEventHandler<ChangeEvent<HTMLInputElement | HTMLSelectElement | HTMLTextAreaElement>>'.
    Target signature provides too few arguments. Expected 2 or more, but got 1.
src/utils/eventCompatibilityValidator.ts(167,41): error TS2345: Argument of type 'Function' is not assignable to parameter of type 'FlexibleChangeHandler<string> | undefined'.
src/utils/eventCompatibilityValidator.ts(169,40): error TS2345: Argument of type 'Function' is not assignable to parameter of type '((event: MouseEvent) => void) | ((data: void, event: MouseEvent) => void) | undefined'.
src/utils/eventCompatibilityValidator.ts(171,43): error TS2345: Argument of type 'Function' is not assignable to parameter of type '((event: KeyboardEvent) => void) | ((data: void, event: KeyboardEvent) => void) | undefined'.
src/utils/eventCompatibilityValidator.ts(173,40): error TS2345: Argument of type 'Function' is not assignable to parameter of type '((event: FocusEvent) => void) | ((value: string, event: FocusEvent) => void) | undefined'.
src/utils/eventCompatibilityValidator.ts(175,39): error TS2345: Argument of type 'Function' is not assignable to parameter of type '((event: FormEvent) => void) | ((data: void, event: FormEvent) => void) | undefined'.
src/utils/eventCompatibilityValidator.ts(223,67): error TS2304: Cannot find name 'FormEvent'.
src/utils/eventCompatibilityValidator.ts(223,107): error TS2304: Cannot find name 'FormEvent'.
src/utils/eventCompatibilityValidator.ts(317,47): error TS2345: Argument of type 'Function | undefined' is not assignable to parameter of type 'FlexibleChangeHandler<string> | undefined'.
  Type 'Function' is not assignable to type 'FlexibleChangeHandler<string> | undefined'.
src/utils/eventCompatibilityValidator.ts(320,46): error TS2345: Argument of type 'Function | undefined' is not assignable to parameter of type '((event: MouseEvent) => void) | ((data: void, event: MouseEvent) => void) | undefined'.
  Type 'Function' is not assignable to type '((event: MouseEvent) => void) | ((data: void, event: MouseEvent) => void) | undefined'.
src/utils/eventCompatibilityValidator.ts(323,49): error TS2345: Argument of type 'Function | undefined' is not assignable to parameter of type '((event: KeyboardEvent) => void) | ((data: void, event: KeyboardEvent) => void) | undefined'.
  Type 'Function' is not assignable to type '((event: KeyboardEvent) => void) | ((data: void, event: KeyboardEvent) => void) | undefined'.
src/utils/eventCompatibilityValidator.ts(326,46): error TS2345: Argument of type 'Function | undefined' is not assignable to parameter of type '((event: FocusEvent) => void) | ((value: string, event: FocusEvent) => void) | undefined'.
  Type 'Function' is not assignable to type '((event: FocusEvent) => void) | ((value: string, event: FocusEvent) => void) | undefined'.
src/utils/eventCompatibilityValidator.ts(329,45): error TS2345: Argument of type 'Function | undefined' is not assignable to parameter of type '((event: FormEvent) => void) | ((data: void, event: FormEvent) => void) | undefined'.
  Type 'Function' is not assignable to type '((event: FormEvent) => void) | ((data: void, event: FormEvent) => void) | undefined'.
src/utils/eventCompatibilityValidator.ts(355,42): error TS2304: Cannot find name 'ChangeEvent'.
src/utils/eventCompatibilityValidator.ts(357,27): error TS2304: Cannot find name 'FormEvent'.
src/utils/eventCompatibilityValidator.ts(370,45): error TS2304: Cannot find name 'ChangeEvent'.
src/utils/eventHandlers.unified.ts(260,15): error TS2345: Argument of type 'T' is not assignable to parameter of type 'T & ChangeEvent<HTMLInputElement | HTMLSelectElement | HTMLTextAreaElement>'.
  Type 'T' is not assignable to type 'ChangeEvent<HTMLInputElement | HTMLSelectElement | HTMLTextAreaElement>'.
src/utils/eventHandlers.unified.ts(277,15): error TS2345: Argument of type 'T' is not assignable to parameter of type 'T & ChangeEvent<HTMLInputElement | HTMLSelectElement | HTMLTextAreaElement>'.
  Type 'T' is not assignable to type 'ChangeEvent<HTMLInputElement | HTMLSelectElement | HTMLTextAreaElement>'.
src/utils/eventHandlers.unified.ts(295,15): error TS2345: Argument of type 'T' is not assignable to parameter of type 'T & ChangeEvent<HTMLInputElement | HTMLSelectElement | HTMLTextAreaElement>'.
  Type 'T' is not assignable to type 'ChangeEvent<HTMLInputElement | HTMLSelectElement | HTMLTextAreaElement>'.
src/utils/eventHandlers.unified.ts(308,3): error TS2322: Type '(value: string, event: ChangeEvent<HTMLInputElement | HTMLTextAreaElement>) => void' is not assignable to type 'ChangeEventHandler<string>'.
  Type '(value: string, event: ChangeEvent<HTMLInputElement | HTMLTextAreaElement>) => void' is not assignable to type 'LegacyEventHandler<ChangeEvent<HTMLInputElement | HTMLSelectElement | HTMLTextAreaElement>>'.
    Target signature provides too few arguments. Expected 2 or more, but got 1.
src/utils/eventHandlers.unified.ts(309,13): error TS2345: Argument of type 'string' is not assignable to parameter of type 'string & ChangeEvent<HTMLInputElement | HTMLSelectElement | HTMLTextAreaElement>'.
  Type 'string' is not assignable to type 'ChangeEvent<HTMLInputElement | HTMLSelectElement | HTMLTextAreaElement>'.
src/utils/eventHandlers.unified.ts(317,3): error TS2322: Type '(value: string, event: ChangeEvent<HTMLInputElement>) => void' is not assignable to type 'ChangeEventHandler<string>'.
  Type '(value: string, event: ChangeEvent<HTMLInputElement>) => void' is not assignable to type 'LegacyEventHandler<ChangeEvent<HTMLInputElement | HTMLSelectElement | HTMLTextAreaElement>>'.
    Target signature provides too few arguments. Expected 2 or more, but got 1.
src/utils/eventHandlers.unified.ts(320,15): error TS2345: Argument of type 'number' is not assignable to parameter of type 'number & ChangeEvent<HTMLInputElement | HTMLSelectElement | HTMLTextAreaElement>'.
  Type 'number' is not assignable to type 'ChangeEvent<HTMLInputElement | HTMLSelectElement | HTMLTextAreaElement>'.
src/utils/eventHandlers.unified.ts(331,3): error TS2322: Type '(value: string, event: ChangeEvent<HTMLInputElement>) => void' is not assignable to type 'ChangeEventHandler<string>'.
  Type '(value: string, event: ChangeEvent<HTMLInputElement>) => void' is not assignable to type 'LegacyEventHandler<ChangeEvent<HTMLInputElement | HTMLSelectElement | HTMLTextAreaElement>>'.
    Target signature provides too few arguments. Expected 2 or more, but got 1.
src/utils/eventHandlers.unified.ts(333,15): error TS2345: Argument of type 'string' is not assignable to parameter of type 'string & ChangeEvent<HTMLInputElement | HTMLSelectElement | HTMLTextAreaElement>'.
  Type 'string' is not assignable to type 'ChangeEvent<HTMLInputElement | HTMLSelectElement | HTMLTextAreaElement>'.
src/utils/eventHandlers.unified.ts(344,5): error TS2322: Type '(value: string, event: ChangeEvent<HTMLInputElement>) => void' is not assignable to type 'ChangeEventHandler<string>'.
  Type '(value: string, event: ChangeEvent<HTMLInputElement>) => void' is not assignable to type 'LegacyEventHandler<ChangeEvent<HTMLInputElement | HTMLSelectElement | HTMLTextAreaElement>>'.
    Target signature provides too few arguments. Expected 2 or more, but got 1.
src/utils/eventHandlers.unified.ts(346,17): error TS2345: Argument of type 'string' is not assignable to parameter of type 'string & ChangeEvent<HTMLInputElement | HTMLSelectElement | HTMLTextAreaElement>'.
  Type 'string' is not assignable to type 'ChangeEvent<HTMLInputElement | HTMLSelectElement | HTMLTextAreaElement>'.
src/utils/eventHandlers.unified.ts(360,3): error TS2322: Type '(value: string, event: ChangeEvent<HTMLInputElement>) => void' is not assignable to type 'ChangeEventHandler<string>'.
  Type '(value: string, event: ChangeEvent<HTMLInputElement>) => void' is not assignable to type 'LegacyEventHandler<ChangeEvent<HTMLInputElement | HTMLSelectElement | HTMLTextAreaElement>>'.
    Target signature provides too few arguments. Expected 2 or more, but got 1.
src/utils/eventHandlers.unified.ts(363,15): error TS2345: Argument of type 'string' is not assignable to parameter of type 'string & ChangeEvent<HTMLInputElement | HTMLSelectElement | HTMLTextAreaElement>'.
  Type 'string' is not assignable to type 'ChangeEvent<HTMLInputElement | HTMLSelectElement | HTMLTextAreaElement>'.
src/utils/index.ts(231,12): error TS2347: Untyped function calls may not accept type arguments.
src/utils/performanceOptimizer.ts(358,7): error TS2552: Cannot find name 'container'. Did you mean 'containerRef'?
src/utils/performanceOptimizer.ts(359,20): error TS2552: Cannot find name 'container'. Did you mean 'containerRef'?
src/utils/performanceOptimizer.ts(442,45): error TS2304: Cannot find name 'loadData'.
src/utils/performanceOptimizer.ts(699,31): error TS2683: 'this' implicitly has type 'any' because it does not have a type annotation.
src/utils/performanceOptimizer.ts(700,34): error TS2683: 'this' implicitly has type 'any' because it does not have a type annotation.
src/utils/performanceOptimizer.ts(701,35): error TS2683: 'this' implicitly has type 'any' because it does not have a type annotation.
src/utils/performanceOptimizer.ts(746,3): error TS2304: Cannot find name 'throttleWrapper'.
src/utils/RuntimeTypeValidator.ts(77,20): error TS18046: 'val' is of type 'unknown'.
src/utils/RuntimeTypeValidator.ts(110,50): error TS2345: Argument of type 'unknown' is not assignable to parameter of type 'number'.
src/utils/RuntimeTypeValidator.ts(113,32): error TS18046: 'val' is of type 'unknown'.
src/utils/RuntimeTypeValidator.ts(116,32): error TS18046: 'val' is of type 'unknown'.
src/utils/RuntimeTypeValidator.ts(361,3): error TS2353: Object literal may only specify known properties, and 'description' does not exist in type '{ minLength?: number | undefined; maxLength?: number | undefined; pattern?: RegExp | undefined; allowedValues?: string[] | undefined; trim?: boolean | undefined; }'.
src/utils/RuntimeTypeValidator.ts(369,3): error TS2353: Object literal may only specify known properties, and 'description' does not exist in type '{ minLength?: number | undefined; maxLength?: number | undefined; pattern?: RegExp | undefined; allowedValues?: string[] | undefined; trim?: boolean | undefined; }'.
src/utils/RuntimeTypeValidator.ts(419,31): error TS2353: Object literal may only specify known properties, and 'required' does not exist in type '{ minLength?: number | undefined; maxLength?: number | undefined; pattern?: RegExp | undefined; allowedValues?: string[] | undefined; trim?: boolean | undefined; }'.
src/utils/RuntimeTypeValidator.ts(420,34): error TS2353: Object literal may only specify known properties, and 'required' does not exist in type '{ minLength?: number | undefined; maxLength?: number | undefined; pattern?: RegExp | undefined; allowedValues?: string[] | undefined; trim?: boolean | undefined; }'.
src/utils/RuntimeTypeValidator.ts(529,13): error TS2352: Conversion of type 'any[]' to type 'T' may be a mistake because neither type sufficiently overlaps with the other. If this was intentional, convert the expression to 'unknown' first.
  'any[]' is assignable to the constraint of type 'T', but 'T' could be instantiated with a different subtype of constraint 'readonly any[]'.
src/utils/secureContentSanitizer.ts(82,22): error TS2503: Cannot find namespace 'DOMPurify'.
src/utils/secureContentSanitizer.ts(106,54): error TS7006: Parameter 'node' implicitly has an 'any' type.
src/utils/secureContentSanitizer.ts(106,60): error TS7006: Parameter 'data' implicitly has an 'any' type.
src/utils/secureContentSanitizer.ts(132,52): error TS7006: Parameter 'node' implicitly has an 'any' type.
src/utils/secureContentSanitizer.ts(132,58): error TS7006: Parameter 'data' implicitly has an 'any' type.
src/utils/secureContentSanitizer.ts(346,44): error TS2774: This condition will always return true since this function is always defined. Did you mean to call it instead?
src/utils/securityMonitor.ts(8,34): error TS2459: Module '"./secureContentSanitizer"' declares 'SecurityEvent' locally, but it is not exported.
src/utils/securityMonitor.ts(198,7): error TS2353: Object literal may only specify known properties, and 'type' does not exist in type 'ExtendedSecurityEvent'.
src/utils/securityMonitor.ts(311,85): error TS2339: Property 'type' does not exist on type 'ExtendedSecurityEvent'.
src/utils/securityMonitor.ts(333,44): error TS2774: This condition will always return true since this function is always defined. Did you mean to call it instead?
src/utils/securityMonitor.ts(422,81): error TS2339: Property 'timestamp' does not exist on type 'ExtendedSecurityEvent'.
src/utils/securityMonitor.ts(424,31): error TS2339: Property 'timestamp' does not exist on type 'ExtendedSecurityEvent'.
src/utils/securityMonitor.ts(486,50): error TS2339: Property 'timestamp' does not exist on type 'ExtendedSecurityEvent'.
src/utils/securityMonitor.ts(490,50): error TS2339: Property 'timestamp' does not exist on type 'ExtendedSecurityEvent'.
src/utils/securityMonitor.ts(540,22): error TS2339: Property 'timestamp' does not exist on type 'ExtendedSecurityEvent'.
src/utils/store-type-validator.ts(13,10): error TS2305: Module '"@/store/types"' has no exported member 'BaseStoreState'.
src/utils/store-type-validator.ts(13,26): error TS2305: Module '"@/store/types"' has no exported member 'BaseStoreActions'.
src/utils/store-type-validator.ts(13,44): error TS2305: Module '"@/store/types"' has no exported member 'StoreError'.
src/utils/store-type-validator.ts(13,56): error TS2305: Module '"@/store/types"' has no exported member 'StoreStatus'.
src/utils/store-type-validator.ts(233,36): error TS2556: A spread argument must either have a tuple type or be passed to a rest parameter.
src/utils/store-type-validator.ts(298,33): error TS2344: Type 'T' does not satisfy the constraint 'Record<string, any>'.
src/utils/store-type-validator.ts(343,33): error TS2344: Type 'T' does not satisfy the constraint 'Record<string, any>'.
src/utils/store-type-validator.ts(435,31): error TS2339: Property 'subscribe' does not exist on type '{ getState: () => T; }'.
src/utils/store-type-validator.ts(504,43): error TS2345: Argument of type 'SetFn' is not assignable to parameter of type 'SetFn'.
  Types of parameters 'partial' and 'partial' are incompatible.
    Type 'Partial<T> | ((state: T) => Partial<T>)' is not assignable to type 'Partial<T & A> | ((state: T & A) => Partial<T & A>)'.
      Type 'Partial<T>' is not assignable to type 'Partial<T & A> | ((state: T & A) => Partial<T & A>)'.
        Type 'Partial<T>' is not assignable to type 'Partial<T & A>'.
          Type 'keyof T | keyof A' is not assignable to type 'keyof T'.
            Type 'keyof A' is not assignable to type 'keyof T'.
              Type 'string | number | symbol' is not assignable to type 'keyof T'.
                Type 'number' is not assignable to type 'keyof T'.
                  Type 'number' is not assignable to type 'string'.
                    Type 'keyof A' is not assignable to type 'string'.
                      Type 'string | number | symbol' is not assignable to type 'string'.
                        Type 'number' is not assignable to type 'string'.
src/utils/store-type-validator.ts(506,32): error TS2339: Property 'set' does not exist on type '(args: unknown) => any'.
src/utils/store-type-validator.ts(507,32): error TS2339: Property 'get' does not exist on type '(args: unknown) => any'.
src/utils/type-integration-tools.ts(469,59): error TS2339: Property 'memory' does not exist on type 'Performance'.
src/utils/type-integration-tools.ts(470,26): error TS2339: Property 'memory' does not exist on type 'Performance'.
src/utils/type-validation-tester.ts(36,60): error TS2307: Cannot find module './event-handlers' or its corresponding type declarations.
src/utils/type-validation-tester.ts(416,55): error TS2345: Argument of type '{ code: string; message: string; data: { id: string; name: string; description: string; model: string; status: string; capabilities: string[]; provider: string; }[]; timestamp: string; }' is not assignable to parameter of type 'SyncValidator<any>'.
  Type '{ code: string; message: string; data: { id: string; name: string; description: string; model: string; status: string; capabilities: string[]; provider: string; }[]; timestamp: string; }' provides no match for the signature '(value: unknown): ValidationResult<any>'.
src/utils/type-validation-tester.ts(431,52): error TS2345: Argument of type '{ code: string; message: string; data: { AI: string; HUMAN: string; }; timestamp: string; }' is not assignable to parameter of type 'SyncValidator<any>'.
  Type '{ code: string; message: string; data: { AI: string; HUMAN: string; }; timestamp: string; }' provides no match for the signature '(value: unknown): ValidationResult<any>'.
src/utils/type-validation-tester.ts(456,60): error TS2345: Argument of type '{ code: string; message: string; data: { theme: { mode: string; isAutoMode: boolean; userPreference: string; }; streamingEnabled: boolean; autoThemeSchedule: { enabled: boolean; lightModeStart: string; darkModeStart: string; }; language: string; }; timestamp: string; }' is not assignable to parameter of type 'SyncValidator<any>'.
  Type '{ code: string; message: string; data: { theme: { mode: string; isAutoMode: boolean; userPreference: string; }; streamingEnabled: boolean; autoThemeSchedule: { enabled: boolean; lightModeStart: string; darkModeStart: string; }; language: string; }; timestamp: string; }' provides no match for the signature '(value: unknown): ValidationResult<any>'.
src/utils/type-validation-tester.ts(470,35): error TS2339: Property 'success' does not exist on type 'RuntimeTypeValidator<ApiResponse<{ id: string; name: string; description: string; avatar: string; model: string; status: "error" | "loading" | "active" | "inactive"; capabilities: string[]; provider: string; isActive: boolean; workspaceType: "custom" | ... 2 more ... | "voice-call"; }[]>> | RuntimeTypeValidator<...>...'.
  Property 'success' does not exist on type 'RuntimeTypeValidator<ApiResponse<{ id: string; name: string; description: string; avatar: string; model: string; status: "error" | "loading" | "active" | "inactive"; capabilities: string[]; provider: string; isActive: boolean; workspaceType: "custom" | ... 2 more ... | "voice-call"; }[]>>'.
src/utils/type-validation-tester.ts(471,41): error TS2339: Property 'errors' does not exist on type 'RuntimeTypeValidator<ApiResponse<{ id: string; name: string; description: string; avatar: string; model: string; status: "error" | "loading" | "active" | "inactive"; capabilities: string[]; provider: string; isActive: boolean; workspaceType: "custom" | ... 2 more ... | "voice-call"; }[]>> | RuntimeTypeValidator<...>...'.
  Property 'errors' does not exist on type 'RuntimeTypeValidator<ApiResponse<{ id: string; name: string; description: string; avatar: string; model: string; status: "error" | "loading" | "active" | "inactive"; capabilities: string[]; provider: string; isActive: boolean; workspaceType: "custom" | ... 2 more ... | "voice-call"; }[]>>'.
src/utils/type-validation-tester.ts(472,36): error TS2339: Property 'errors' does not exist on type 'RuntimeTypeValidator<ApiResponse<{ id: string; name: string; description: string; avatar: string; model: string; status: "error" | "loading" | "active" | "inactive"; capabilities: string[]; provider: string; isActive: boolean; workspaceType: "custom" | ... 2 more ... | "voice-call"; }[]>> | RuntimeTypeValidator<...>...'.
  Property 'errors' does not exist on type 'RuntimeTypeValidator<ApiResponse<{ id: string; name: string; description: string; avatar: string; model: string; status: "error" | "loading" | "active" | "inactive"; capabilities: string[]; provider: string; isActive: boolean; workspaceType: "custom" | ... 2 more ... | "voice-call"; }[]>>'.
src/utils/type-validation-tester.ts(696,56): error TS7006: Parameter 'value' implicitly has an 'any' type.
src/utils/type-validation-tester.ts(696,63): error TS7006: Parameter 'event' implicitly has an 'any' type.
src/utils/type-validation-tester.ts(715,55): error TS7006: Parameter 'data' implicitly has an 'any' type.
src/utils/type-validation-tester.ts(715,61): error TS7006: Parameter 'event' implicitly has an 'any' type.
src/utils/typeGuards.ts(223,62): error TS2554: Expected 1 arguments, but got 2.
src/utils/typeGuards.ts(224,78): error TS2554: Expected 1 arguments, but got 2.
src/utils/typeGuards.ts(324,39): error TS2554: Expected 1 arguments, but got 2.
src/utils/typeGuards.ts(387,31): error TS2554: Expected 1 arguments, but got 2.
