
> @llmchat/frontend@1.0.0 type-check F:\ss\aa\sssss\llmchat\frontend
> tsc --noEmit -p tsconfig.json

src/components/monitoring/PerformanceMonitoringExample.tsx(318,56): error TS2339: Property 'getTrendData' does not exist on type 'PerformanceTrendAnalyzer'.
src/components/monitoring/PerformanceMonitoringIndex.ts(46,42): error TS2554: Expected 4 arguments, but got 2.
src/components/product/ProductPreviewWorkspace.tsx(563,19): error TS2322: Type '(event: React.ChangeEvent<HTMLInputElement>) => void' is not assignable to type '(value: string, event: ChangeEvent<HTMLInputElement>) => void'.
  Types of parameters 'event' and 'value' are incompatible.
    Type 'string' is not assignable to type 'ChangeEvent<HTMLInputElement>'.
src/components/ui/Button.tsx(118,15): error TS2339: Property 'onClick' does not exist on type '{ [key: `data-${string}`]: string | undefined; title?: string | undefined; style?: CSSProperties | undefined; id?: string | undefined; "aria-label"?: string | undefined; "aria-describedby"?: string | undefined; ... 266 more ...; visible?: boolean | undefined; }'.
src/components/ui/Button.tsx(179,37): error TS2322: Type 'SizeVariant | undefined' is not assignable to type '"sm" | "md" | "lg" | "xl" | "icon" | "icon-sm" | "icon-lg" | null | undefined'.
  Type '"xs"' is not assignable to type '"sm" | "md" | "lg" | "xl" | "icon" | "icon-sm" | "icon-lg" | null | undefined'.
src/components/ui/Card.tsx(41,8): error TS2322: Type '{ children: ReactNode; style?: CSSProperties | undefined; 'data-testid'?: string | undefined; disabled?: boolean | undefined; visible?: boolean | undefined; ... 5 more ...; className: string; }' is not assignable to type 'SVGProps<SVGSymbolElement>'.
  Types of property 'ref' are incompatible.
    Type 'ForwardedRef<HTMLHeadingElement>' is not assignable to type 'LegacyRef<SVGSymbolElement> | undefined'.
      Type '(instance: HTMLHeadingElement | null) => void' is not assignable to type 'LegacyRef<SVGSymbolElement> | undefined'.
        Type '(instance: HTMLHeadingElement | null) => void' is not assignable to type '(instance: SVGSymbolElement | null) => void'.
          Types of parameters 'instance' and 'instance' are incompatible.
            Type 'SVGSymbolElement | null' is not assignable to type 'HTMLHeadingElement | null'.
              Type 'SVGSymbolElement' is missing the following properties from type 'HTMLHeadingElement': align, accessKey, accessKeyLabel, autocapitalize, and 26 more.
src/components/ui/Card.tsx(42,9): error TS2590: Expression produces a union type that is too complex to represent.
src/components/ui/Card.tsx(96,7): error TS2339: Property 'hoverable' does not exist on type 'CardProps'.
src/components/ui/EventEnhancer.tsx(112,48): error TS2345: Argument of type 'Function' is not assignable to parameter of type '(data?: void | undefined, event?: SyntheticEvent<Element, Event> | undefined) => void'.
  Type 'Function' provides no match for the signature '(data?: void | undefined, event?: SyntheticEvent<Element, Event> | undefined): void'.
src/components/ui/index.ts(31,3): error TS2300: Duplicate identifier 'IconButtonProps'.
src/components/ui/index.ts(59,3): error TS2300: Duplicate identifier 'VirtualScrollProps'.
src/components/ui/index.ts(60,3): error TS2300: Duplicate identifier 'VirtualScrollItem'.
src/components/ui/index.ts(61,3): error TS2300: Duplicate identifier 'VirtualScrollRef'.
src/components/ui/index.ts(84,15): error TS2300: Duplicate identifier 'IconButtonProps'.
src/components/ui/index.ts(84,15): error TS2724: '"./IconButton"' has no exported member named 'IconButtonProps'. Did you mean 'IconButton'?
src/components/ui/index.ts(144,10): error TS2305: Module '"./VirtualScroll"' has no exported member 'default'.
src/components/ui/index.ts(145,15): error TS2300: Duplicate identifier 'VirtualScrollProps'.
src/components/ui/index.ts(145,35): error TS2300: Duplicate identifier 'VirtualScrollItem'.
src/components/ui/index.ts(145,54): error TS2300: Duplicate identifier 'VirtualScrollRef'.
src/components/ui/index.ts(148,25): error TS2724: '"./LazyComponent"' has no exported member named 'SimpleLazyComponent'. Did you mean 'LazyComponent'?
src/components/ui/index.ts(148,46): error TS2724: '"./LazyComponent"' has no exported member named 'EnhancedLazyComponent'. Did you mean 'createLazyComponent'?
src/components/ui/index.ts(163,15): error TS2307: Cannot find module '../utils/type-guards' or its corresponding type declarations.
src/components/ui/Input.tsx(36,18): error TS2320: Interface 'InputProps' cannot simultaneously extend types 'InputProps' and 'VariantProps<(props?: (ConfigVariants<{ size: { sm: string; md: string; lg: string; xl: string; }; state: { default: string; success: string; warning: string; error: string; }; }> & ClassProp) | undefined) => string>'.
  Named property 'size' of types 'InputProps' and 'VariantProps<(props?: (ConfigVariants<{ size: { sm: string; md: string; lg: string; xl: string; }; state: { default: string; success: string; warning: string; error: string; }; }> & ClassProp) | undefined) => string>' are not identical.
src/components/ui/Input.tsx(107,7): error TS2339: Property 'readonly' does not exist on type 'InputProps'.
src/components/ui/Input.tsx(297,12): error TS2322: Type '{ id: string; name: string; type: HTMLInputTypeAttribute; value: string | number | readonly string[]; disabled: boolean; readOnly: any; required: boolean; placeholder: string | undefined; ... 291 more ...; "data-slot": string; }' is not assignable to type 'DetailedHTMLProps<InputHTMLAttributes<HTMLInputElement>, HTMLInputElement>'.
  Type '{ id: string; name: string; type: HTMLInputTypeAttribute; value: string | number | readonly string[]; disabled: boolean; readOnly: any; required: boolean; placeholder: string | undefined; ... 291 more ...; "data-slot": string; }' is not assignable to type 'InputHTMLAttributes<HTMLInputElement>'.
    Types of property '"aria-invalid"' are incompatible.
      Type 'string' is not assignable to type 'boolean | "true" | "false" | "grammar" | "spelling" | undefined'.
src/components/ui/Input.tsx(300,31): error TS2322: Type 'SizeVariant | undefined' is not assignable to type '"sm" | "md" | "lg" | "xl" | null | undefined'.
  Type '"xs"' is not assignable to type '"sm" | "md" | "lg" | "xl" | null | undefined'.
src/components/ui/InputAdapter.tsx(33,14): error TS2352: Conversion of type '(value: string, event: ChangeEvent<HTMLInputElement>) => void | ((event: ChangeEvent<HTMLInputElement>) => void)' to type '(event: ChangeEvent<HTMLInputElement>) => void' may be a mistake because neither type sufficiently overlaps with the other. If this was intentional, convert the expression to 'unknown' first.
  Target signature provides too few arguments. Expected 2 or more, but got 1.
src/components/ui/LazyComponent.tsx(10,15): error TS2305: Module '"./ui.types"' has no exported member 'LazyComponentConfig'.
src/components/ui/LazyComponent.tsx(10,36): error TS2724: '"./ui.types"' has no exported member named 'LazyComponentProps'. Did you mean 'BaseComponentProps'?
src/components/ui/LazyComponent.tsx(209,10): error TS2352: Conversion of type 'MemoExoticComponent<(props: P) => Element>' to type 'ComponentType<P>' may be a mistake because neither type sufficiently overlaps with the other. If this was intentional, convert the expression to 'unknown' first.
  Type 'MemoExoticComponent<(props: P) => Element>' is not comparable to type 'FunctionComponent<P>'.
    Types of parameters 'props' and 'props' are incompatible.
      Type 'P' is not comparable to type 'PropsWithRef<P>'.
        Type 'object' is not comparable to type 'PropsWithRef<P>'.
src/components/ui/Modal.tsx(43,18): error TS2320: Interface 'ModalProps' cannot simultaneously extend types 'ModalProps' and 'VariantProps<(props?: (ConfigVariants<{ size: { sm: string; md: string; lg: string; xl: string; '2xl': string; '3xl': string; '4xl': string; '5xl': string; full: string; }; position: { center: string; top: string; bottom: string; }; }> & ClassProp) | undefined) => string>'.
  Named property 'size' of types 'ModalProps' and 'VariantProps<(props?: (ConfigVariants<{ size: { sm: string; md: string; lg: string; xl: string; '2xl': string; '3xl': string; '4xl': string; '5xl': string; full: string; }; position: { center: string; top: string; bottom: string; }; }> & ClassProp) | undefined) => string>' are not identical.
src/components/ui/Modal.tsx(241,7): error TS2339: Property 'onConfirm' does not exist on type 'ModalProps'.
src/components/ui/Modal.tsx(242,7): error TS2339: Property 'onClose' does not exist on type 'ModalProps'.
src/components/ui/Modal.tsx(444,43): error TS2322: Type 'SizeVariant | undefined' is not assignable to type '"sm" | "md" | "lg" | "xl" | "full" | "2xl" | "3xl" | "4xl" | "5xl" | null | undefined'.
  Type '"xs"' is not assignable to type '"sm" | "md" | "lg" | "xl" | "full" | "2xl" | "3xl" | "4xl" | "5xl" | null | undefined'.
src/components/ui/Modal.tsx(453,28): error TS2322: Type '{ isOpen: boolean | undefined; onClose: () => Promise<void>; onConfirm: () => Promise<void>; loading: boolean; }' is not assignable to type 'ModalContextType'.
  Types of property 'isOpen' are incompatible.
    Type 'boolean | undefined' is not assignable to type 'boolean'.
      Type 'undefined' is not assignable to type 'boolean'.
src/components/ui/Select.tsx(64,18): error TS2320: Interface 'SelectProps' cannot simultaneously extend types 'SelectProps' and 'VariantProps<(props?: (ConfigVariants<{ size: { sm: string; md: string; lg: string; }; state: { default: string; error: string; success: string; warning: string; }; }> & ClassProp) | undefined) => string>'.
  Named property 'size' of types 'SelectProps' and 'VariantProps<(props?: (ConfigVariants<{ size: { sm: string; md: string; lg: string; }; state: { default: string; error: string; success: string; warning: string; }; }> & ClassProp) | undefined) => string>' are not identical.
src/components/ui/Select.tsx(85,18): error TS2320: Interface 'SelectTriggerProps' cannot simultaneously extend types 'SelectTriggerProps' and 'VariantProps<(props?: (ConfigVariants<{ size: { sm: string; md: string; lg: string; }; state: { default: string; error: string; success: string; warning: string; }; }> & ClassProp) | undefined) => string>'.
  Named property 'size' of types 'SelectTriggerProps' and 'VariantProps<(props?: (ConfigVariants<{ size: { sm: string; md: string; lg: string; }; state: { default: string; error: string; success: string; warning: string; }; }> & ClassProp) | undefined) => string>' are not identical.
src/components/ui/Select.tsx(173,7): error TS2339: Property 'readonly' does not exist on type 'SelectTriggerProps'.
src/components/ui/Select.tsx(176,7): error TS2339: Property 'onClick' does not exist on type 'SelectTriggerProps'.
src/components/ui/Select.tsx(200,47): error TS2322: Type 'string | undefined' is not assignable to type '"sm" | "md" | "lg" | null | undefined'.
  Type 'string' is not assignable to type '"sm" | "md" | "lg" | null | undefined'.
src/components/ui/Select.tsx(391,7): error TS2339: Property 'onValueChange' does not exist on type 'SelectProps'.
src/components/ui/Select.tsx(398,7): error TS2339: Property 'readonly' does not exist on type 'SelectProps'.
src/components/ui/Select.tsx(477,31): error TS2322: Type '{ value: string | number | readonly string[]; onValueChange: (newValue: string) => void; isOpen: boolean; setIsOpen: React.Dispatch<React.SetStateAction<boolean>>; selectedValue: string | ... 1 more ... | readonly string[]; ... 4 more ...; onSearchChange: ((value: string) => void) | undefined; }' is not assignable to type 'SelectContextType'.
  Types of property 'value' are incompatible.
    Type 'string | number | readonly string[]' is not assignable to type 'string | undefined'.
      Type 'number' is not assignable to type 'string'.
src/components/ui/Select.tsx(478,10): error TS2322: Type '{ children: ("" | Element | undefined)[]; name?: string | undefined; multiple?: boolean | undefined; title?: string | undefined; style?: CSSProperties | undefined; ... 269 more ...; className: string; }' is not assignable to type 'DetailedHTMLProps<HTMLAttributes<HTMLDivElement>, HTMLDivElement>'.
  Type '{ children: ("" | Element | undefined)[]; name?: string | undefined; multiple?: boolean | undefined; title?: string | undefined; style?: CSSProperties | undefined; ... 269 more ...; className: string; }' is not assignable to type 'HTMLAttributes<HTMLDivElement>'.
    Types of property 'onCopy' are incompatible.
      Type 'ClipboardEventHandler<HTMLSelectElement> | undefined' is not assignable to type 'ClipboardEventHandler<HTMLDivElement> | undefined'.
        Type 'ClipboardEventHandler<HTMLSelectElement>' is not assignable to type 'ClipboardEventHandler<HTMLDivElement>'.
          Property 'align' is missing in type 'HTMLSelectElement' but required in type 'HTMLDivElement'.
src/components/ui/Select.tsx(486,47): error TS2322: Type 'SizeVariant | undefined' is not assignable to type '"sm" | "md" | "lg" | null | undefined'.
  Type '"xs"' is not assignable to type '"sm" | "md" | "lg" | null | undefined'.
src/components/ui/Tabs.tsx(9,3): error TS2305: Module '"./ui.types"' has no exported member 'TabsComponent'.
src/components/ui/Tabs.tsx(84,18): error TS2320: Interface 'TabsProps' cannot simultaneously extend types 'Omit<TabsProps, "orientation">' and 'Omit<VariantProps<(props?: (ConfigVariants<{ variant: { default: string; underline: string; pills: string; enclosed: string; }; orientation: { horizontal: string; vertical: string; }; }> & ClassProp) | undefined) => string>, "orientation">'.
  Named property 'variant' of types 'Omit<TabsProps, "orientation">' and 'Omit<VariantProps<(props?: (ConfigVariants<{ variant: { default: string; underline: string; pills: string; enclosed: string; }; orientation: { horizontal: string; vertical: string; }; }> & ClassProp) | undefined) => string>, "orientation">' are not identical.
src/components/ui/Tabs.tsx(93,18): error TS2320: Interface 'TabsListProps' cannot simultaneously extend types 'TabsListProps' and 'VariantProps<(props?: (ConfigVariants<{ variant: { default: string; underline: string; pills: string; enclosed: string; }; orientation: { horizontal: string; vertical: string; }; }> & ClassProp) | undefined) => string>'.
  Named property 'orientation' of types 'TabsListProps' and 'VariantProps<(props?: (ConfigVariants<{ variant: { default: string; underline: string; pills: string; enclosed: string; }; orientation: { horizontal: string; vertical: string; }; }> & ClassProp) | undefined) => string>' are not identical.
src/components/ui/Tabs.tsx(100,18): error TS2320: Interface 'TabsTriggerProps' cannot simultaneously extend types 'Omit<TabsTriggerProps, "onClick">' and 'VariantProps<(props?: (ConfigVariants<{ variant: { default: string; underline: string; pills: string; enclosed: string; }; orientation: { horizontal: string; vertical: string; }; }> & ClassProp) | undefined) => string>'.
  Named property 'orientation' of types 'Omit<TabsTriggerProps, "onClick">' and 'VariantProps<(props?: (ConfigVariants<{ variant: { default: string; underline: string; pills: string; enclosed: string; }; orientation: { horizontal: string; vertical: string; }; }> & ClassProp) | undefined) => string>' are not identical.
src/components/ui/Tabs.tsx(221,8): error TS2322: Type '{ children: (string | number | ReactElement<any, string | JSXElementConstructor<any>> | Iterable<ReactNode>)[] | null | undefined; ... 21 more ...; "aria-orientation": "horizontal" | ... 1 more ... | undefined; }' is not assignable to type 'DetailedHTMLProps<HTMLAttributes<HTMLDivElement>, HTMLDivElement>'.
  Type '{ children: (string | number | ReactElement<any, string | JSXElementConstructor<any>> | Iterable<ReactNode>)[] | null | undefined; ... 21 more ...; "aria-orientation": "horizontal" | ... 1 more ... | undefined; }' is not assignable to type 'HTMLAttributes<HTMLDivElement>'.
    Types of property 'onFocus' are incompatible.
      Type 'FocusEventHandler<void> | undefined' is not assignable to type 'FocusEventHandler<HTMLDivElement> | undefined'.
        Type 'LegacyEventHandler<FocusEvent<HTMLInputElement | HTMLTextAreaElement | HTMLSelectElement, Element>>' is not assignable to type 'FocusEventHandler<HTMLDivElement>'.
          Types of parameters 'event' and 'event' are incompatible.
            Type 'FocusEvent<HTMLDivElement, Element>' is not assignable to type 'FocusEvent<HTMLInputElement | HTMLTextAreaElement | HTMLSelectElement, Element>'.
              Type 'HTMLDivElement' is not assignable to type 'HTMLInputElement | HTMLTextAreaElement | HTMLSelectElement'.
                Type 'HTMLDivElement' is missing the following properties from type 'HTMLInputElement': accept, alt, autocomplete, capture, and 54 more.
src/components/ui/Tabs.tsx(263,7): error TS2339: Property 'onClick' does not exist on type 'TabsTriggerProps'.
src/components/ui/Tabs.tsx(282,8): error TS2322: Type '{ children: (false | "" | 0 | Element | null | undefined)[]; size?: string | undefined; title?: string | undefined; description?: string | undefined; style?: CSSProperties | undefined; ... 19 more ...; onClick: (e: MouseEvent<...>) => void; }' is not assignable to type 'DetailedHTMLProps<ButtonHTMLAttributes<HTMLButtonElement>, HTMLButtonElement>'.
  Type '{ children: (false | "" | 0 | Element | null | undefined)[]; size?: string | undefined; title?: string | undefined; description?: string | undefined; style?: CSSProperties | undefined; ... 19 more ...; onClick: (e: MouseEvent<...>) => void; }' is not assignable to type 'ButtonHTMLAttributes<HTMLButtonElement>'.
    Types of property 'onFocus' are incompatible.
      Type 'FocusEventHandler<void> | undefined' is not assignable to type 'FocusEventHandler<HTMLButtonElement> | undefined'.
        Type 'LegacyEventHandler<FocusEvent<HTMLInputElement | HTMLTextAreaElement | HTMLSelectElement, Element>>' is not assignable to type 'FocusEventHandler<HTMLButtonElement>'.
          Types of parameters 'event' and 'event' are incompatible.
            Type 'FocusEvent<HTMLButtonElement, Element>' is not assignable to type 'FocusEvent<HTMLInputElement | HTMLTextAreaElement | HTMLSelectElement, Element>'.
              Type 'HTMLButtonElement' is not assignable to type 'HTMLInputElement | HTMLTextAreaElement | HTMLSelectElement'.
                Type 'HTMLButtonElement' is not assignable to type 'HTMLInputElement | HTMLTextAreaElement'.
                  Type 'HTMLButtonElement' is missing the following properties from type 'HTMLInputElement': accept, align, alt, autocomplete, and 36 more.
src/components/ui/Tabs.tsx(289,45): error TS2322: Type 'string' is not assignable to type '"default" | "underline" | "pills" | "enclosed" | null | undefined'.
src/components/ui/Tabs.tsx(351,8): error TS2322: Type '{ children: ReactNode; asChild?: boolean | undefined; title?: string | undefined; description?: string | undefined; style?: CSSProperties | undefined; 'data-testid'?: string | undefined; ... 20 more ...; className: string; }' is not assignable to type 'DetailedHTMLProps<HTMLAttributes<HTMLDivElement>, HTMLDivElement>'.
  Type '{ children: ReactNode; asChild?: boolean | undefined; title?: string | undefined; description?: string | undefined; style?: CSSProperties | undefined; 'data-testid'?: string | undefined; ... 20 more ...; className: string; }' is not assignable to type 'HTMLAttributes<HTMLDivElement>'.
    Types of property 'onFocus' are incompatible.
      Type 'FocusEventHandler<void> | undefined' is not assignable to type 'FocusEventHandler<HTMLDivElement> | undefined'.
        Type 'LegacyEventHandler<FocusEvent<HTMLInputElement | HTMLTextAreaElement | HTMLSelectElement, Element>>' is not assignable to type 'FocusEventHandler<HTMLDivElement>'.
          Types of parameters 'event' and 'event' are incompatible.
            Type 'FocusEvent<HTMLDivElement, Element>' is not assignable to type 'FocusEvent<HTMLInputElement | HTMLTextAreaElement | HTMLSelectElement, Element>'.
              Type 'HTMLDivElement' is not assignable to type 'HTMLInputElement | HTMLTextAreaElement | HTMLSelectElement'.
                Type 'HTMLDivElement' is missing the following properties from type 'HTMLInputElement': accept, alt, autocomplete, capture, and 54 more.
src/components/ui/Tabs.tsx(381,7): error TS2339: Property 'orientation' does not exist on type 'TabsProps'.
src/components/ui/Tabs.tsx(418,29): error TS2322: Type '{ value: string | number | readonly string[]; onValueChange: (newValue: string) => void; orientation: any; variant: "default" | "underline" | "pills" | "enclosed"; activationMode: "automatic" | "manual"; loop: boolean; }' is not assignable to type 'TabsContextType'.
  Types of property 'value' are incompatible.
    Type 'string | number | readonly string[]' is not assignable to type 'string | undefined'.
      Type 'number' is not assignable to type 'string'.
src/components/ui/Toast.tsx(169,34): error TS2345: Argument of type '(state: ToastState) => { toasts: { position: string; id: string; type: ToastType; title?: string | undefined; description?: string | undefined; duration?: number | undefined; ... 5 more ...; isPaused?: boolean | undefined; }[]; }' is not assignable to parameter of type 'ToastState | Partial<ToastState> | ((state: ToastState) => ToastState | Partial<ToastState>)'.
  Type '(state: ToastState) => { toasts: { position: string; id: string; type: ToastType; title?: string | undefined; description?: string | undefined; duration?: number | undefined; ... 5 more ...; isPaused?: boolean | undefined; }[]; }' is not assignable to type '(state: ToastState) => ToastState | Partial<ToastState>'.
    Type '{ toasts: { position: string; id: string; type: ToastType; title?: string; description?: string; duration?: number; closable?: boolean; action?: { label: string; onClick: () => void; variant?: "default" | "destructive"; }; icon?: React.ReactNode; render?: (toast: ToastItem) => React.ReactNode; createdAt: number; isP...' is not assignable to type 'ToastState | Partial<ToastState>'.
      Type '{ toasts: { position: string; id: string; type: ToastType; title?: string; description?: string; duration?: number; closable?: boolean; action?: { label: string; onClick: () => void; variant?: "default" | "destructive"; }; icon?: React.ReactNode; render?: (toast: ToastItem) => React.ReactNode; createdAt: number; isP...' is not assignable to type 'Partial<ToastState>'.
        Types of property 'toasts' are incompatible.
          Type '{ position: string; id: string; type: ToastType; title?: string | undefined; description?: string | undefined; duration?: number | undefined; closable?: boolean | undefined; ... 4 more ...; isPaused?: boolean | undefined; }[]' is not assignable to type 'ToastItem[]'.
            Type '{ position: string; id: string; type: ToastType; title?: string; description?: string; duration?: number; closable?: boolean; action?: { label: string; onClick: () => void; variant?: "default" | "destructive"; }; icon?: React.ReactNode; render?: (toast: ToastItem) => React.ReactNode; createdAt: number; isPaused?: bo...' is not assignable to type 'ToastItem'.
              Types of property 'position' are incompatible.
                Type 'string' is not assignable to type '"top-right" | "top-left" | "top-center" | "bottom-right" | "bottom-left" | "bottom-center" | undefined'.
src/components/ui/Toast.tsx(202,9): error TS18048: 'item.duration' is possibly 'undefined'.
src/components/ui/Toast.tsx(252,11): error TS18048: 'toast.duration' is possibly 'undefined'.
src/components/ui/Toast.tsx(274,48): error TS18048: 'remainingTimeRef.current' is possibly 'undefined'.
src/components/ui/Toast.tsx(280,11): error TS18048: 'remainingTimeRef.current' is possibly 'undefined'.
src/components/ui/Toast.tsx(333,48): error TS2322: Type 'string | undefined' is not assignable to type '"top-right" | "top-left" | "top-center" | "bottom-right" | "bottom-left" | "bottom-center" | null | undefined'.
  Type 'string' is not assignable to type '"top-right" | "top-left" | "top-center" | "bottom-right" | "bottom-left" | "bottom-center" | null | undefined'.
src/components/ui/Toast.tsx(439,26): error TS2339: Property 'Toast' does not exist on type 'FC<ToastProviderProps>'.
src/components/ui/Toast.tsx(452,15): error TS2339: Property 'Toast' does not exist on type 'FC<ToastProviderProps>'.
src/components/ui/Toast.tsx(478,7): error TS18048: 'item.duration' is possibly 'undefined'.
src/components/ui/Toast.tsx(483,5): error TS2322: Type '() => void' is not assignable to type 'string'.
src/components/ui/ui.types.ts(231,18): error TS2320: Interface 'ButtonProps' cannot simultaneously extend types 'Omit<ButtonHTMLAttributes<HTMLButtonElement>, "variant" | "size">' and 'BaseButtonProps'.
  Named property 'onBlur' of types 'Omit<ButtonHTMLAttributes<HTMLButtonElement>, "variant" | "size">' and 'BaseButtonProps' are not identical.
src/components/ui/ui.types.ts(280,18): error TS2320: Interface 'InputProps' cannot simultaneously extend types 'Omit<InputHTMLAttributes<HTMLInputElement>, "size" | "state">' and 'BaseInputProps'.
  Named property 'defaultValue' of types 'Omit<InputHTMLAttributes<HTMLInputElement>, "size" | "state">' and 'BaseInputProps' are not identical.
src/components/ui/ui.types.ts(307,18): error TS2320: Interface 'CardProps' cannot simultaneously extend types 'Omit<HTMLAttributes<HTMLDivElement>, "title">' and 'BaseCardProps'.
  Named property 'onBlur' of types 'Omit<HTMLAttributes<HTMLDivElement>, "title">' and 'BaseCardProps' are not identical.
src/components/ui/ui.types.ts(362,18): error TS2320: Interface 'TabsProps' cannot simultaneously extend types 'Omit<HTMLAttributes<HTMLDivElement>, "orientation">' and 'BaseTabsProps'.
  Named property 'defaultValue' of types 'Omit<HTMLAttributes<HTMLDivElement>, "orientation">' and 'BaseTabsProps' are not identical.
src/components/ui/ui.types.ts(433,18): error TS2320: Interface 'ModalProps' cannot simultaneously extend types 'Omit<HTMLAttributes<HTMLDivElement>, "size">' and 'BaseModalProps'.
  Named property 'onBlur' of types 'Omit<HTMLAttributes<HTMLDivElement>, "size">' and 'BaseModalProps' are not identical.
src/components/ui/ui.types.ts(466,18): error TS2320: Interface 'SelectProps' cannot simultaneously extend types 'Omit<SelectHTMLAttributes<HTMLSelectElement>, "variant" | "size">' and 'BaseSelectProps'.
  Named property 'defaultValue' of types 'Omit<SelectHTMLAttributes<HTMLSelectElement>, "variant" | "size">' and 'BaseSelectProps' are not identical.
src/components/ui/ui.types.ts(879,18): error TS2320: Interface 'DropdownProps' cannot simultaneously extend types 'Omit<HTMLAttributes<HTMLDivElement>, "size">' and 'BaseDropdownProps'.
  Named property 'onBlur' of types 'Omit<HTMLAttributes<HTMLDivElement>, "size">' and 'BaseDropdownProps' are not identical.
src/components/ui/VirtualScroll.tsx(134,86): error TS2345: Argument of type '<T = unknown>({ items, itemKey, itemHeight, height, className, style, renderItem, onScroll, onEndReached, endReachedThreshold, overscan, estimatedItemHeight, emptyComponent, loadingComponent, loading, hasMore }: { items: any; itemKey: any; itemHeight: any; height?: number | undefined; className: any; style: any; ren...' is not assignable to parameter of type 'ForwardRefRenderFunction<HTMLDivElement, VirtualScrollProps>'.
  Types of parameters '__0' and 'props' are incompatible.
    Type 'VirtualScrollProps' is missing the following properties from type '{ items: any; itemKey: any; itemHeight: any; height?: number | undefined; className: any; style: any; renderItem: any; onScroll: any; onEndReached: any; endReachedThreshold?: number | undefined; ... 5 more ...; hasMore?: boolean | undefined; }': className, style
src/components/ui/VirtualScroll.tsx(135,3): error TS7031: Binding element 'items' implicitly has an 'any' type.
src/components/ui/VirtualScroll.tsx(136,3): error TS7031: Binding element 'itemKey' implicitly has an 'any' type.
src/components/ui/VirtualScroll.tsx(137,3): error TS7031: Binding element 'itemHeight' implicitly has an 'any' type.
src/components/ui/VirtualScroll.tsx(139,3): error TS7031: Binding element 'className' implicitly has an 'any' type.
src/components/ui/VirtualScroll.tsx(140,3): error TS7031: Binding element 'style' implicitly has an 'any' type.
src/components/ui/VirtualScroll.tsx(141,3): error TS7031: Binding element 'renderItem' implicitly has an 'any' type.
src/components/ui/VirtualScroll.tsx(142,3): error TS7031: Binding element 'onScroll' implicitly has an 'any' type.
src/components/ui/VirtualScroll.tsx(143,3): error TS7031: Binding element 'onEndReached' implicitly has an 'any' type.
src/components/ui/VirtualScroll.tsx(147,3): error TS7031: Binding element 'emptyComponent' implicitly has an 'any' type.
src/components/ui/VirtualScroll.tsx(148,3): error TS7031: Binding element 'loadingComponent' implicitly has an 'any' type.
src/components/ui/VirtualScroll.tsx(151,4): error TS7006: Parameter 'ref' implicitly has an 'any' type.
src/components/ui/VirtualScroll.tsx(183,5): error TS2304: Cannot find name 'containerRef'.
src/components/ui/VirtualScroll.tsx(184,25): error TS2540: Cannot assign to 'current' because it is a read-only property.
src/components/ui/VirtualScroll.tsx(225,14): error TS2304: Cannot find name 'containerRef'.
src/components/ui/VirtualScroll.tsx(228,25): error TS2304: Cannot find name 'containerRef'.
src/components/ui/VirtualScroll.tsx(229,28): error TS2304: Cannot find name 'containerRef'.
src/components/ui/VirtualScroll.tsx(230,28): error TS2304: Cannot find name 'containerRef'.
src/components/visualization/VisualizationDashboard.tsx(14,10): error TS2614: Module '"@/components/ui/Select"' has no exported member 'Select'. Did you mean to use 'import Select from "@/components/ui/Select"' instead?
src/components/visualization/VisualizationDashboard.tsx(14,18): error TS2614: Module '"@/components/ui/Select"' has no exported member 'SelectContent'. Did you mean to use 'import SelectContent from "@/components/ui/Select"' instead?
src/components/visualization/VisualizationDashboard.tsx(14,33): error TS2614: Module '"@/components/ui/Select"' has no exported member 'SelectItem'. Did you mean to use 'import SelectItem from "@/components/ui/Select"' instead?
src/components/visualization/VisualizationDashboard.tsx(14,45): error TS2614: Module '"@/components/ui/Select"' has no exported member 'SelectTrigger'. Did you mean to use 'import SelectTrigger from "@/components/ui/Select"' instead?
src/components/visualization/VisualizationDashboard.tsx(14,60): error TS2614: Module '"@/components/ui/Select"' has no exported member 'SelectValue'. Did you mean to use 'import SelectValue from "@/components/ui/Select"' instead?
src/components/visualization/VisualizationDashboard.tsx(315,77): error TS2339: Property 'target' does not exist on type 'string'.
src/components/visualization/VisualizationDashboard.tsx(326,75): error TS2339: Property 'target' does not exist on type 'string'.
src/components/visualization/VisualizationDashboard.tsx(341,77): error TS2345: Argument of type '([key, value]: [string, boolean]) => JSX.Element' is not assignable to parameter of type '(value: [string, unknown], index: number, array: [string, unknown][]) => Element'.
  Types of parameters '__0' and 'value' are incompatible.
    Type '[string, unknown]' is not assignable to type '[string, boolean]'.
      Type at position 1 in source is not compatible with type at position 1 in target.
        Type 'unknown' is not assignable to type 'boolean'.
src/components/visualization/VisualizationDashboard.tsx(551,94): error TS2322: Type 'number' is not assignable to type 'string'.
src/components/visualization/VisualizationDashboard.tsx(551,105): error TS2322: Type 'number' is not assignable to type 'string'.
src/components/visualization/VisualizationDashboard.tsx(552,92): error TS2322: Type 'number' is not assignable to type 'string'.
src/components/visualization/VisualizationDashboard.tsx(552,103): error TS2322: Type 'number' is not assignable to type 'string'.
src/components/visualization/VisualizationDashboard.tsx(577,83): error TS2322: Type 'number' is not assignable to type 'string'.
src/components/visualization/VisualizationDashboard.tsx(577,94): error TS2322: Type 'number' is not assignable to type 'string'.
src/components/visualization/VisualizationDashboard.tsx(578,94): error TS2322: Type 'number' is not assignable to type 'string'.
src/components/visualization/VisualizationDashboard.tsx(578,105): error TS2322: Type 'number' is not assignable to type 'string'.
src/examples/TypeSafeComponentExample.tsx(161,35): error TS2345: Argument of type 'FlexibleEventHandler<void, MouseEvent<HTMLButtonElement, MouseEvent>> | undefined' is not assignable to parameter of type 'FlexibleEventHandler<void, MouseEvent<Element, MouseEvent>> | undefined'.
  Type 'UnifiedEventHandler<void, MouseEvent<HTMLButtonElement, MouseEvent>>' is not assignable to type 'FlexibleEventHandler<void, MouseEvent<Element, MouseEvent>> | undefined'.
    Type 'UnifiedEventHandler<void, MouseEvent<HTMLButtonElement, MouseEvent>>' is not assignable to type 'UnifiedEventHandler<void, MouseEvent<Element, MouseEvent>>'.
      Type 'MouseEvent<Element, MouseEvent>' is not assignable to type 'MouseEvent<HTMLButtonElement, MouseEvent>'.
        Type 'Element' is missing the following properties from type 'HTMLButtonElement': disabled, form, formAction, formEnctype, and 146 more.
src/examples/TypeSafeComponentExample.tsx(166,35): error TS2345: Argument of type 'FlexibleEventHandler<void, FocusEvent<HTMLButtonElement, Element>> | undefined' is not assignable to parameter of type 'FlexibleEventHandler<void, FocusEvent<Element, Element>> | undefined'.
  Type 'UnifiedEventHandler<void, FocusEvent<HTMLButtonElement, Element>>' is not assignable to type 'FlexibleEventHandler<void, FocusEvent<Element, Element>> | undefined'.
    Type 'UnifiedEventHandler<void, FocusEvent<HTMLButtonElement, Element>>' is not assignable to type 'UnifiedEventHandler<void, FocusEvent<Element, Element>>'.
      Type 'FocusEvent<Element, Element>' is not assignable to type 'FocusEvent<HTMLButtonElement, Element>'.
        Type 'Element' is missing the following properties from type 'HTMLButtonElement': disabled, form, formAction, formEnctype, and 146 more.
src/examples/TypeSafeComponentExample.tsx(171,34): error TS2345: Argument of type 'FlexibleEventHandler<void, FocusEvent<HTMLButtonElement, Element>> | undefined' is not assignable to parameter of type 'FlexibleEventHandler<void, FocusEvent<Element, Element>> | undefined'.
  Type 'UnifiedEventHandler<void, FocusEvent<HTMLButtonElement, Element>>' is not assignable to type 'FlexibleEventHandler<void, FocusEvent<Element, Element>> | undefined'.
    Type 'UnifiedEventHandler<void, FocusEvent<HTMLButtonElement, Element>>' is not assignable to type 'UnifiedEventHandler<void, FocusEvent<Element, Element>>'.
      Type 'FocusEvent<Element, Element>' is not assignable to type 'FocusEvent<HTMLButtonElement, Element>'.
        Type 'Element' is missing the following properties from type 'HTMLButtonElement': disabled, form, formAction, formEnctype, and 146 more.
src/examples/TypeSafeComponentExample.tsx(224,9): error TS2322: Type 'UnifiedEventHandler<void, MouseEvent<Element, MouseEvent>> | undefined' is not assignable to type 'MouseEventHandler<HTMLButtonElement> | undefined'.
  Type 'UnifiedEventHandler<void, MouseEvent<Element, MouseEvent>>' is not assignable to type 'MouseEventHandler<HTMLButtonElement>'.
    Target signature provides too few arguments. Expected 2 or more, but got 1.
src/examples/TypeSafeComponentExample.tsx(225,9): error TS2322: Type 'UnifiedEventHandler<void, FocusEvent<Element, Element>> | undefined' is not assignable to type 'FocusEventHandler<HTMLButtonElement> | undefined'.
  Type 'UnifiedEventHandler<void, FocusEvent<Element, Element>>' is not assignable to type 'FocusEventHandler<HTMLButtonElement>'.
    Target signature provides too few arguments. Expected 2 or more, but got 1.
src/examples/TypeSafeComponentExample.tsx(226,9): error TS2322: Type 'UnifiedEventHandler<void, FocusEvent<Element, Element>> | undefined' is not assignable to type 'FocusEventHandler<HTMLButtonElement> | undefined'.
  Type 'UnifiedEventHandler<void, FocusEvent<Element, Element>>' is not assignable to type 'FocusEventHandler<HTMLButtonElement>'.
    Target signature provides too few arguments. Expected 2 or more, but got 1.
src/examples/TypeSafeComponentExample.tsx(274,6): error TS2339: Property 'className' does not exist on type 'CardHeaderProps'.
src/examples/TypeSafeComponentExample.tsx(294,6): error TS2339: Property 'className' does not exist on type 'CardContentProps'.
src/examples/TypeSafeComponentExample.tsx(294,33): error TS2339: Property 'children' does not exist on type 'CardContentProps'.
src/examples/TypeSafeComponentExample.tsx(323,6): error TS2339: Property 'className' does not exist on type 'CardFooterProps'.
src/examples/TypeSafeComponentExample.tsx(342,7): error TS2339: Property 'className' does not exist on type 'CardProps'.
src/examples/TypeSafeComponentExample.tsx(343,7): error TS2339: Property 'children' does not exist on type 'CardProps'.
src/examples/TypeSafeComponentExample.tsx(355,35): error TS2345: Argument of type 'FlexibleEventHandler<void, MouseEvent<HTMLDivElement, MouseEvent>> | undefined' is not assignable to parameter of type 'FlexibleEventHandler<void, MouseEvent<Element, MouseEvent>> | undefined'.
  Type 'UnifiedEventHandler<void, MouseEvent<HTMLDivElement, MouseEvent>>' is not assignable to type 'FlexibleEventHandler<void, MouseEvent<Element, MouseEvent>> | undefined'.
    Type 'UnifiedEventHandler<void, MouseEvent<HTMLDivElement, MouseEvent>>' is not assignable to type 'UnifiedEventHandler<void, MouseEvent<Element, MouseEvent>>'.
      Type 'MouseEvent<Element, MouseEvent>' is not assignable to type 'MouseEvent<HTMLDivElement, MouseEvent>'.
        Type 'Element' is missing the following properties from type 'HTMLDivElement': align, accessKey, accessKeyLabel, autocapitalize, and 128 more.
src/examples/TypeSafeComponentExample.tsx(370,9): error TS2322: Type 'UnifiedEventHandler<void, MouseEvent<Element, MouseEvent>> | undefined' is not assignable to type 'MouseEventHandler<HTMLDivElement> | undefined'.
  Type 'UnifiedEventHandler<void, MouseEvent<Element, MouseEvent>>' is not assignable to type 'MouseEventHandler<HTMLDivElement>'.
    Target signature provides too few arguments. Expected 2 or more, but got 1.
src/examples/TypeSafeComponentExample.tsx(486,38): error TS2304: Cannot find name 'ChangeEvent'.
src/examples/TypeSafeComponentExample.tsx(524,58): error TS2304: Cannot find name 'ChangeEvent'.
src/examples/TypeSafeComponentExample.tsx(600,37): error TS2304: Cannot find name 'createPolymorphicComponent'.
src/examples/TypeSafeComponentExample.tsx(665,10): error TS2322: Type '{ children: Element[]; clickable: true; onClick: () => void; }' is not assignable to type 'IntrinsicAttributes & CardProps'.
  Property 'children' does not exist on type 'IntrinsicAttributes & CardProps'.
src/examples/TypeSafeComponentExample.tsx(671,12): error TS2559: Type '{ children: Element; }' has no properties in common with type 'IntrinsicAttributes & CardContentProps'.
src/examples/TypeSafeComponentExample.tsx(695,24): error TS7006: Parameter 'value' implicitly has an 'any' type.
src/examples/TypeSafeComponentExample.tsx(707,24): error TS7006: Parameter 'value' implicitly has an 'any' type.
src/examples/TypeSafeComponentExample.tsx(708,13): error TS2322: Type '{ name: string; label: string; value: string; onChange: (value: any) => void; type: string; required: true; validator: (value: string) => "邮箱不能为空" | "邮箱格式不正确" | null; }' is not assignable to type 'IntrinsicAttributes & FormFieldProps<string>'.
  Property 'type' does not exist on type 'IntrinsicAttributes & FormFieldProps<string>'.
src/examples/TypeSafeComponentExample.tsx(729,11): error TS2322: Type 'Error | null' is not assignable to type 'Error | undefined'.
  Type 'null' is not assignable to type 'Error | undefined'.
src/hooks/hook-type-integration.ts(458,59): error TS2339: Property 'memory' does not exist on type 'Performance'.
src/hooks/hook-type-integration.ts(459,26): error TS2339: Property 'memory' does not exist on type 'Performance'.
src/hooks/hook-type-integration.ts(701,64): error TS2345: Argument of type 'Partial<HookTypeIntegrationConfig> | undefined' is not assignable to parameter of type '{ validateIntegration?: boolean | undefined; strictMode?: boolean | undefined; preserveLegacy?: boolean | undefined; } | undefined'.
  Type 'Partial<HookTypeIntegrationConfig>' has no properties in common with type '{ validateIntegration?: boolean | undefined; strictMode?: boolean | undefined; preserveLegacy?: boolean | undefined; }'.
src/hooks/types.hooks.ts(7,35): error TS2305: Module '"@/types"' has no exported member 'Session'.
src/hooks/types.hooks.ts(443,3): error TS2484: Export declaration conflicts with exported declaration of 'UseVirtualScrollOptions'.
src/hooks/types.hooks.ts(444,3): error TS2484: Export declaration conflicts with exported declaration of 'VirtualScrollResult'.
src/hooks/types.hooks.ts(447,3): error TS2484: Export declaration conflicts with exported declaration of 'UseThemeResult'.
src/hooks/types.hooks.ts(450,3): error TS2484: Export declaration conflicts with exported declaration of 'KeyboardShortcut'.
src/hooks/types.hooks.ts(451,3): error TS2484: Export declaration conflicts with exported declaration of 'UseKeyboardManagerOptions'.
src/hooks/types.hooks.ts(452,3): error TS2484: Export declaration conflicts with exported declaration of 'UseKeyboardManagerResult'.
src/hooks/types.hooks.ts(455,3): error TS2484: Export declaration conflicts with exported declaration of 'UseChatOptions'.
src/hooks/types.hooks.ts(456,3): error TS2484: Export declaration conflicts with exported declaration of 'UseChatResult'.
src/hooks/types.hooks.ts(459,3): error TS2484: Export declaration conflicts with exported declaration of 'UseInputOptions'.
src/hooks/types.hooks.ts(460,3): error TS2484: Export declaration conflicts with exported declaration of 'UseInputResult'.
src/hooks/types.hooks.ts(463,3): error TS2484: Export declaration conflicts with exported declaration of 'UseDebounceOptions'.
src/hooks/types.hooks.ts(464,3): error TS2484: Export declaration conflicts with exported declaration of 'UseDebounceResult'.
src/hooks/types.hooks.ts(467,3): error TS2484: Export declaration conflicts with exported declaration of 'UseThrottleOptions'.
src/hooks/types.hooks.ts(468,3): error TS2484: Export declaration conflicts with exported declaration of 'UseThrottleResult'.
src/hooks/types.hooks.ts(471,3): error TS2484: Export declaration conflicts with exported declaration of 'UseLocalStorageOptions'.
src/hooks/types.hooks.ts(472,3): error TS2484: Export declaration conflicts with exported declaration of 'UseLocalStorageResult'.
src/hooks/types.hooks.ts(475,3): error TS2484: Export declaration conflicts with exported declaration of 'UseAsyncOptions'.
src/hooks/types.hooks.ts(476,3): error TS2484: Export declaration conflicts with exported declaration of 'UseAsyncResult'.
src/hooks/types.hooks.ts(479,3): error TS2484: Export declaration conflicts with exported declaration of 'UseWindowSizeOptions'.
src/hooks/types.hooks.ts(480,3): error TS2484: Export declaration conflicts with exported declaration of 'UseWindowSizeResult'.
src/hooks/types.hooks.ts(483,3): error TS2484: Export declaration conflicts with exported declaration of 'UseMediaQueryOptions'.
src/hooks/types.hooks.ts(486,3): error TS2484: Export declaration conflicts with exported declaration of 'UseDragOptions'.
src/hooks/types.hooks.ts(487,3): error TS2484: Export declaration conflicts with exported declaration of 'UseDragResult'.
src/hooks/types.hooks.ts(490,3): error TS2484: Export declaration conflicts with exported declaration of 'UseClipboardOptions'.
src/hooks/types.hooks.ts(491,3): error TS2484: Export declaration conflicts with exported declaration of 'UseClipboardResult'.
src/hooks/useAgentAutoFetch.ts(2,52): error TS2724: '"@/services/agentsApi"' has no exported member named 'FetchAgentInfoParams'. Did you mean 'fetchAgentInfo'?
src/hooks/useAgentAutoFetch.ts(15,20): error TS2339: Property 'data' does not exist on type 'AgentInfo'.
src/hooks/useAgentAutoFetch.ts(16,25): error TS2339: Property 'data' does not exist on type 'AgentInfo'.
src/lib/fastgpt.ts(76,54): error TS2345: Argument of type '{}' is not assignable to parameter of type 'string | number | Date | undefined'.
src/services/adminApi.ts(5,3): error TS2459: Module '"./types/api-common"' declares 'ApiResult' locally, but it is not exported.
src/services/adminApi.ts(12,3): error TS2724: '"./types/api-common"' has no exported member named 'QueryParams'. Did you mean 'LogQueryParams'?
src/services/adminApi.ts(284,36): error TS2339: Property 'requestId' does not exist on type 'ApiResponse<SystemInfo>'.
src/services/adminApi.ts(285,36): error TS2339: Property 'timestamp' does not exist on type 'ApiResponse<SystemInfo>'.
src/services/adminApi.ts(286,35): error TS2339: Property 'metadata' does not exist on type 'ApiResponse<SystemInfo>'.
src/services/adminApi.ts(314,36): error TS2339: Property 'requestId' does not exist on type 'ApiResponse<SystemStats>'.
src/services/adminApi.ts(315,36): error TS2339: Property 'timestamp' does not exist on type 'ApiResponse<SystemStats>'.
src/services/adminApi.ts(316,35): error TS2339: Property 'metadata' does not exist on type 'ApiResponse<SystemStats>'.
src/services/adminApi.ts(359,36): error TS2339: Property 'requestId' does not exist on type 'ApiResponse<LogsPage>'.
src/services/adminApi.ts(360,36): error TS2339: Property 'timestamp' does not exist on type 'ApiResponse<LogsPage>'.
src/services/adminApi.ts(361,35): error TS2339: Property 'metadata' does not exist on type 'ApiResponse<LogsPage>'.
src/services/adminApi.ts(369,9): error TS2322: Type '{ params: GetLogsParams | undefined; }' is not assignable to type 'JsonValue | undefined'.
  Types of property 'params' are incompatible.
    Type 'GetLogsParams | undefined' is not assignable to type 'JsonValue | undefined'.
      Type 'GetLogsParams' is not assignable to type 'JsonValue | undefined'.
        Type 'GetLogsParams' is missing the following properties from type 'JsonValue[]': length, pop, push, concat, and 29 more.
src/services/adminApi.ts(403,9): error TS2322: Type '{ params: GetLogsParams | undefined; }' is not assignable to type 'JsonValue | undefined'.
  Types of property 'params' are incompatible.
    Type 'GetLogsParams | undefined' is not assignable to type 'JsonValue | undefined'.
      Type 'GetLogsParams' is not assignable to type 'JsonValue | undefined'.
        Type 'GetLogsParams' is missing the following properties from type 'JsonValue[]': length, pop, push, concat, and 29 more.
src/services/adminApi.ts(443,9): error TS2322: Type '{ params: GetLogsParams | undefined; }' is not assignable to type 'JsonValue | undefined'.
  Types of property 'params' are incompatible.
    Type 'GetLogsParams | undefined' is not assignable to type 'JsonValue | undefined'.
      Type 'GetLogsParams' is not assignable to type 'JsonValue | undefined'.
        Type 'GetLogsParams' is missing the following properties from type 'JsonValue[]': length, pop, push, concat, and 29 more.
src/services/adminApi.ts(474,36): error TS2339: Property 'requestId' does not exist on type 'ApiResponse<PaginatedResponse<AdminUser>>'.
src/services/adminApi.ts(475,36): error TS2339: Property 'timestamp' does not exist on type 'ApiResponse<PaginatedResponse<AdminUser>>'.
src/services/adminApi.ts(476,35): error TS2339: Property 'metadata' does not exist on type 'ApiResponse<PaginatedResponse<AdminUser>>'.
src/services/adminApi.ts(484,9): error TS2322: Type '{ params: UserManagementParams | undefined; }' is not assignable to type 'JsonValue | undefined'.
  Types of property 'params' are incompatible.
    Type 'UserManagementParams | undefined' is not assignable to type 'JsonValue | undefined'.
      Type 'UserManagementParams' is not assignable to type 'JsonValue | undefined'.
        Type 'UserManagementParams' is missing the following properties from type 'JsonValue[]': length, pop, push, concat, and 29 more.
src/services/adminApi.ts(505,36): error TS2339: Property 'requestId' does not exist on type 'ApiResponse<UserStats>'.
src/services/adminApi.ts(506,36): error TS2339: Property 'timestamp' does not exist on type 'ApiResponse<UserStats>'.
src/services/adminApi.ts(507,35): error TS2339: Property 'metadata' does not exist on type 'ApiResponse<UserStats>'.
src/services/adminApi.ts(550,36): error TS2339: Property 'requestId' does not exist on type 'ApiResponse<AdminUser>'.
src/services/adminApi.ts(551,36): error TS2339: Property 'timestamp' does not exist on type 'ApiResponse<AdminUser>'.
src/services/adminApi.ts(552,35): error TS2339: Property 'metadata' does not exist on type 'ApiResponse<AdminUser>'.
src/services/adminApi.ts(586,36): error TS2339: Property 'requestId' does not exist on type 'ApiResponse<AdminUser>'.
src/services/adminApi.ts(587,36): error TS2339: Property 'timestamp' does not exist on type 'ApiResponse<AdminUser>'.
src/services/adminApi.ts(588,35): error TS2339: Property 'metadata' does not exist on type 'ApiResponse<AdminUser>'.
src/services/adminApi.ts(623,36): error TS2339: Property 'requestId' does not exist on type '{ ok: boolean; newPassword: string; }'.
src/services/adminApi.ts(677,25): error TS2339: Property 'page' does not exist on type 'AuditLogParams'.
src/services/adminApi.ts(678,29): error TS2339: Property 'pageSize' does not exist on type 'AuditLogParams'.
src/services/adminApi.ts(685,27): error TS2339: Property 'sortBy' does not exist on type 'AuditLogParams'.
src/services/adminApi.ts(686,30): error TS2339: Property 'sortOrder' does not exist on type 'AuditLogParams'.
src/services/adminApi.ts(694,36): error TS2339: Property 'requestId' does not exist on type 'ApiResponse<PaginatedResponse<AuditLogItem>>'.
src/services/adminApi.ts(695,36): error TS2339: Property 'timestamp' does not exist on type 'ApiResponse<PaginatedResponse<AuditLogItem>>'.
src/services/adminApi.ts(696,35): error TS2339: Property 'metadata' does not exist on type 'ApiResponse<PaginatedResponse<AuditLogItem>>'.
src/services/adminApi.ts(704,9): error TS2322: Type '{ params: AuditLogParams | undefined; }' is not assignable to type 'JsonValue | undefined'.
  Types of property 'params' are incompatible.
    Type 'AuditLogParams | undefined' is not assignable to type 'JsonValue | undefined'.
      Type 'AuditLogParams' is not assignable to type 'JsonValue | undefined'.
        Type 'AuditLogParams' is not assignable to type '{ readonly [key: string]: JsonValue; }'.
          Index signature for type 'string' is missing in type 'AuditLogParams'.
src/services/adminApi.ts(727,36): error TS2339: Property 'requestId' does not exist on type 'ApiResponse<SystemConfig[]>'.
src/services/adminApi.ts(728,36): error TS2339: Property 'timestamp' does not exist on type 'ApiResponse<SystemConfig[]>'.
src/services/adminApi.ts(729,35): error TS2339: Property 'metadata' does not exist on type 'ApiResponse<SystemConfig[]>'.
src/services/adminApi.ts(737,9): error TS2322: Type '{ category: string | undefined; }' is not assignable to type 'JsonValue | undefined'.
  Type '{ category: string | undefined; }' is not assignable to type 'undefined'.
src/services/adminApi.ts(760,36): error TS2339: Property 'requestId' does not exist on type 'ApiResponse<SystemConfig>'.
src/services/adminApi.ts(761,36): error TS2339: Property 'timestamp' does not exist on type 'ApiResponse<SystemConfig>'.
src/services/adminApi.ts(762,35): error TS2339: Property 'metadata' does not exist on type 'ApiResponse<SystemConfig>'.
src/services/adminApi.ts(791,36): error TS2339: Property 'requestId' does not exist on type 'ApiResponse<BackupInfo[]>'.
src/services/adminApi.ts(792,36): error TS2339: Property 'timestamp' does not exist on type 'ApiResponse<BackupInfo[]>'.
src/services/adminApi.ts(793,35): error TS2339: Property 'metadata' does not exist on type 'ApiResponse<BackupInfo[]>'.
src/services/adminApi.ts(824,36): error TS2339: Property 'requestId' does not exist on type 'ApiResponse<BackupInfo>'.
src/services/adminApi.ts(825,36): error TS2339: Property 'timestamp' does not exist on type 'ApiResponse<BackupInfo>'.
src/services/adminApi.ts(826,35): error TS2339: Property 'metadata' does not exist on type 'ApiResponse<BackupInfo>'.
src/services/adminApi.ts(834,9): error TS2322: Type '{ type: "full" | "incremental"; description: string | undefined; }' is not assignable to type 'JsonValue | undefined'.
  Type '{ type: "full" | "incremental"; description: string | undefined; }' is not assignable to type 'undefined'.
src/services/adminApi.ts(855,36): error TS2339: Property 'requestId' does not exist on type 'ApiResponse<MaintenanceTask[]>'.
src/services/adminApi.ts(856,36): error TS2339: Property 'timestamp' does not exist on type 'ApiResponse<MaintenanceTask[]>'.
src/services/adminApi.ts(857,35): error TS2339: Property 'metadata' does not exist on type 'ApiResponse<MaintenanceTask[]>'.
src/services/adminApi.ts(885,36): error TS2339: Property 'requestId' does not exist on type 'ApiResponse<MaintenanceTask>'.
src/services/adminApi.ts(886,36): error TS2339: Property 'timestamp' does not exist on type 'ApiResponse<MaintenanceTask>'.
src/services/adminApi.ts(887,35): error TS2339: Property 'metadata' does not exist on type 'ApiResponse<MaintenanceTask>'.
src/services/adminApi.ts(973,5): error TS2353: Object literal may only specify known properties, and 'confirmPassword' does not exist in type 'CreateUserPayload'.
src/services/adminApi.ts(991,51): error TS2345: Argument of type '{ id: number; role?: string | undefined; status?: string | undefined; }' is not assignable to parameter of type '{ id: number; role?: UserRole | undefined; status?: string | undefined; email?: string | undefined; }'.
  Types of property 'role' are incompatible.
    Type 'string | undefined' is not assignable to type 'UserRole | undefined'.
      Type 'string' is not assignable to type 'UserRole | undefined'.
src/services/agentsApi.ts(7,3): error TS2459: Module '"./types/api-common"' declares 'ApiResult' locally, but it is not exported.
src/services/agentsApi.ts(157,27): error TS2339: Property 'requestId' does not exist on type 'ApiResponse<AgentItem[]>'.
src/services/agentsApi.ts(158,27): error TS2339: Property 'timestamp' does not exist on type 'ApiResponse<AgentItem[]>'.
src/services/agentsApi.ts(159,26): error TS2339: Property 'metadata' does not exist on type 'ApiResponse<AgentItem[]>'.
src/services/agentsApi.ts(164,24): error TS1361: 'ApiErrorFactory' cannot be used as a value because it was imported using 'import type'.
src/services/agentsApi.ts(165,7): error TS1361: 'ApiErrorHandler' cannot be used as a value because it was imported using 'import type'.
src/services/agentsApi.ts(168,9): error TS2322: Type '{ params: AgentListParams | undefined; }' is not assignable to type 'JsonValue | undefined'.
  Types of property 'params' are incompatible.
    Type 'AgentListParams | undefined' is not assignable to type 'JsonValue | undefined'.
      Type 'AgentListParams' is not assignable to type 'JsonValue | undefined'.
        Type 'AgentListParams' is missing the following properties from type 'JsonValue[]': length, pop, push, concat, and 29 more.
src/services/agentsApi.ts(189,27): error TS2339: Property 'requestId' does not exist on type 'ApiResponse<AgentItem>'.
src/services/agentsApi.ts(190,27): error TS2339: Property 'timestamp' does not exist on type 'ApiResponse<AgentItem>'.
src/services/agentsApi.ts(191,26): error TS2339: Property 'metadata' does not exist on type 'ApiResponse<AgentItem>'.
src/services/agentsApi.ts(195,24): error TS1361: 'ApiErrorFactory' cannot be used as a value because it was imported using 'import type'.
src/services/agentsApi.ts(196,7): error TS1361: 'ApiErrorHandler' cannot be used as a value because it was imported using 'import type'.
src/services/agentsApi.ts(223,27): error TS2339: Property 'requestId' does not exist on type 'ApiResponse<AgentReloadResult>'.
src/services/agentsApi.ts(224,27): error TS2339: Property 'timestamp' does not exist on type 'ApiResponse<AgentReloadResult>'.
src/services/agentsApi.ts(225,26): error TS2339: Property 'metadata' does not exist on type 'ApiResponse<AgentReloadResult>'.
src/services/agentsApi.ts(229,24): error TS1361: 'ApiErrorFactory' cannot be used as a value because it was imported using 'import type'.
src/services/agentsApi.ts(230,7): error TS1361: 'ApiErrorHandler' cannot be used as a value because it was imported using 'import type'.
src/services/agentsApi.ts(253,27): error TS2339: Property 'requestId' does not exist on type 'ApiResponse<AgentItem>'.
src/services/agentsApi.ts(254,27): error TS2339: Property 'timestamp' does not exist on type 'ApiResponse<AgentItem>'.
src/services/agentsApi.ts(255,26): error TS2339: Property 'metadata' does not exist on type 'ApiResponse<AgentItem>'.
src/services/agentsApi.ts(259,24): error TS1361: 'ApiErrorFactory' cannot be used as a value because it was imported using 'import type'.
src/services/agentsApi.ts(260,7): error TS1361: 'ApiErrorHandler' cannot be used as a value because it was imported using 'import type'.
src/services/agentsApi.ts(284,27): error TS2339: Property 'requestId' does not exist on type 'ApiResponse<AgentItem>'.
src/services/agentsApi.ts(285,27): error TS2339: Property 'timestamp' does not exist on type 'ApiResponse<AgentItem>'.
src/services/agentsApi.ts(286,26): error TS2339: Property 'metadata' does not exist on type 'ApiResponse<AgentItem>'.
src/services/agentsApi.ts(290,24): error TS1361: 'ApiErrorFactory' cannot be used as a value because it was imported using 'import type'.
src/services/agentsApi.ts(291,7): error TS1361: 'ApiErrorHandler' cannot be used as a value because it was imported using 'import type'.
src/services/agentsApi.ts(318,24): error TS1361: 'ApiErrorFactory' cannot be used as a value because it was imported using 'import type'.
src/services/agentsApi.ts(319,7): error TS1361: 'ApiErrorHandler' cannot be used as a value because it was imported using 'import type'.
src/services/agentsApi.ts(341,28): error TS2339: Property 'length' does not exist on type '{ data: AgentItem[]; requestId: string; timestamp: string; metadata?: { duration?: number | undefined; } | undefined; }'.
src/services/agentsApi.ts(342,51): error TS2339: Property 'length' does not exist on type '{ data: AgentItem[]; requestId: string; timestamp: string; metadata?: { duration?: number | undefined; } | undefined; }'.
src/services/agentsApi.ts(343,9): error TS2740: Type '{ data: AgentItem[]; requestId: string; timestamp: string; metadata?: { duration?: number | undefined; } | undefined; }' is missing the following properties from type 'AgentItem[]': length, pop, push, concat, and 29 more.
src/services/agentsApi.ts(350,27): error TS2339: Property 'requestId' does not exist on type 'ApiResponse<AgentItem[]>'.
src/services/agentsApi.ts(351,27): error TS2339: Property 'timestamp' does not exist on type 'ApiResponse<AgentItem[]>'.
src/services/agentsApi.ts(352,26): error TS2339: Property 'metadata' does not exist on type 'ApiResponse<AgentItem[]>'.
src/services/agentsApi.ts(356,24): error TS1361: 'ApiErrorFactory' cannot be used as a value because it was imported using 'import type'.
src/services/agentsApi.ts(357,7): error TS1361: 'ApiErrorHandler' cannot be used as a value because it was imported using 'import type'.
src/services/agentsApi.ts(383,27): error TS2339: Property 'requestId' does not exist on type 'ApiResponse<AgentValidationResult>'.
src/services/agentsApi.ts(384,27): error TS2339: Property 'timestamp' does not exist on type 'ApiResponse<AgentValidationResult>'.
src/services/agentsApi.ts(385,26): error TS2339: Property 'metadata' does not exist on type 'ApiResponse<AgentValidationResult>'.
src/services/agentsApi.ts(389,24): error TS1361: 'ApiErrorFactory' cannot be used as a value because it was imported using 'import type'.
src/services/agentsApi.ts(390,7): error TS1361: 'ApiErrorHandler' cannot be used as a value because it was imported using 'import type'.
src/services/agentsApi.ts(419,27): error TS2339: Property 'requestId' does not exist on type 'ApiResponse<AgentInfo>'.
src/services/agentsApi.ts(420,27): error TS2339: Property 'timestamp' does not exist on type 'ApiResponse<AgentInfo>'.
src/services/agentsApi.ts(421,26): error TS2339: Property 'metadata' does not exist on type 'ApiResponse<AgentInfo>'.
src/services/agentsApi.ts(425,24): error TS1361: 'ApiErrorFactory' cannot be used as a value because it was imported using 'import type'.
src/services/agentsApi.ts(426,7): error TS1361: 'ApiErrorHandler' cannot be used as a value because it was imported using 'import type'.
src/services/agentsApi.ts(456,27): error TS2339: Property 'requestId' does not exist on type 'ApiResponse<{ success: number; failed: number; errors?: string[] | undefined; }>'.
src/services/agentsApi.ts(457,27): error TS2339: Property 'timestamp' does not exist on type 'ApiResponse<{ success: number; failed: number; errors?: string[] | undefined; }>'.
src/services/agentsApi.ts(458,26): error TS2339: Property 'metadata' does not exist on type 'ApiResponse<{ success: number; failed: number; errors?: string[] | undefined; }>'.
src/services/agentsApi.ts(462,24): error TS1361: 'ApiErrorFactory' cannot be used as a value because it was imported using 'import type'.
src/services/agentsApi.ts(463,7): error TS1361: 'ApiErrorHandler' cannot be used as a value because it was imported using 'import type'.
src/services/api-type-integration.ts(136,14): error TS2323: Cannot redeclare exported variable 'ApiTypeValidatorWrapper'.
src/services/api-type-integration.ts(261,9): error TS2322: Type 'unknown' is not assignable to type 'TResponse'.
  'TResponse' could be instantiated with an arbitrary type which could be unrelated to 'unknown'.
src/services/api-type-integration.ts(361,14): error TS2323: Cannot redeclare exported variable 'getPredefinedApiValidationConfigs'.
src/services/api-type-integration.ts(424,14): error TS2323: Cannot redeclare exported variable 'ApiServiceIntegrationTool'.
src/services/api-type-integration.ts(496,14): error TS2554: Expected 1 arguments, but got 0.
src/services/api-type-integration.ts(497,36): error TS2304: Cannot find name 'apiService'.
src/services/api-type-integration.ts(575,14): error TS2323: Cannot redeclare exported variable 'getApiServiceIntegrationTool'.
src/services/api-type-integration.ts(582,14): error TS2323: Cannot redeclare exported variable 'quickIntegrateApiService'.
src/services/api-type-integration.ts(604,3): error TS2323: Cannot redeclare exported variable 'ApiTypeValidatorWrapper'.
src/services/api-type-integration.ts(604,3): error TS2484: Export declaration conflicts with exported declaration of 'ApiTypeValidatorWrapper'.
src/services/api-type-integration.ts(605,3): error TS2323: Cannot redeclare exported variable 'ApiServiceIntegrationTool'.
src/services/api-type-integration.ts(605,3): error TS2484: Export declaration conflicts with exported declaration of 'ApiServiceIntegrationTool'.
src/services/api-type-integration.ts(606,3): error TS2323: Cannot redeclare exported variable 'getPredefinedApiValidationConfigs'.
src/services/api-type-integration.ts(606,3): error TS2484: Export declaration conflicts with exported declaration of 'getPredefinedApiValidationConfigs'.
src/services/api-type-integration.ts(607,3): error TS2323: Cannot redeclare exported variable 'getApiServiceIntegrationTool'.
src/services/api-type-integration.ts(607,3): error TS2484: Export declaration conflicts with exported declaration of 'getApiServiceIntegrationTool'.
src/services/api-type-integration.ts(608,3): error TS2323: Cannot redeclare exported variable 'quickIntegrateApiService'.
src/services/api-type-integration.ts(608,3): error TS2484: Export declaration conflicts with exported declaration of 'quickIntegrateApiService'.
src/services/authApi.ts(6,3): error TS2459: Module '"./types/api-common"' declares 'ApiResult' locally, but it is not exported.
src/services/authApi.ts(146,22): error TS2339: Property 'token' does not exist on type '{ data: LoginResponse; requestId: string; timestamp: string; metadata?: { duration?: number | undefined; } | undefined; }'.
src/services/authApi.ts(146,42): error TS2339: Property 'user' does not exist on type '{ data: LoginResponse; requestId: string; timestamp: string; metadata?: { duration?: number | undefined; } | undefined; }'.
src/services/authApi.ts(147,15): error TS1361: 'ApiErrorFactory' cannot be used as a value because it was imported using 'import type'.
src/services/authApi.ts(154,36): error TS2339: Property 'requestId' does not exist on type 'ApiResponse<LoginResponse>'.
src/services/authApi.ts(155,36): error TS2339: Property 'timestamp' does not exist on type 'ApiResponse<LoginResponse>'.
src/services/authApi.ts(156,35): error TS2339: Property 'metadata' does not exist on type 'ApiResponse<LoginResponse>'.
src/services/authApi.ts(160,24): error TS1361: 'ApiErrorFactory' cannot be used as a value because it was imported using 'import type'.
src/services/authApi.ts(170,9): error TS1361: 'ApiErrorHandler' cannot be used as a value because it was imported using 'import type'.
src/services/authApi.ts(182,7): error TS1361: 'ApiErrorHandler' cannot be used as a value because it was imported using 'import type'.
src/services/authApi.ts(209,36): error TS2339: Property 'requestId' does not exist on type 'ApiResponse<UserInfo>'.
src/services/authApi.ts(210,36): error TS2339: Property 'timestamp' does not exist on type 'ApiResponse<UserInfo>'.
src/services/authApi.ts(211,35): error TS2339: Property 'metadata' does not exist on type 'ApiResponse<UserInfo>'.
src/services/authApi.ts(215,24): error TS1361: 'ApiErrorFactory' cannot be used as a value because it was imported using 'import type'.
src/services/authApi.ts(216,7): error TS1361: 'ApiErrorHandler' cannot be used as a value because it was imported using 'import type'.
src/services/authApi.ts(243,24): error TS1361: 'ApiErrorFactory' cannot be used as a value because it was imported using 'import type'.
src/services/authApi.ts(246,7): error TS1361: 'ApiErrorHandler' cannot be used as a value because it was imported using 'import type'.
src/services/authApi.ts(273,34): error TS2339: Property 'user' does not exist on type '{ data: { user: UserInfo; }; requestId: string; timestamp: string; metadata?: { duration?: number | undefined; } | undefined; }'.
src/services/authApi.ts(275,36): error TS2339: Property 'requestId' does not exist on type 'ApiResponse<{ user: UserInfo; }>'.
src/services/authApi.ts(276,36): error TS2339: Property 'timestamp' does not exist on type 'ApiResponse<{ user: UserInfo; }>'.
src/services/authApi.ts(277,35): error TS2339: Property 'metadata' does not exist on type 'ApiResponse<{ user: UserInfo; }>'.
src/services/authApi.ts(281,24): error TS1361: 'ApiErrorFactory' cannot be used as a value because it was imported using 'import type'.
src/services/authApi.ts(282,7): error TS1361: 'ApiErrorHandler' cannot be used as a value because it was imported using 'import type'.
src/services/authApi.ts(308,36): error TS2339: Property 'requestId' does not exist on type 'ApiResponse<UserInfo>'.
src/services/authApi.ts(309,36): error TS2339: Property 'timestamp' does not exist on type 'ApiResponse<UserInfo>'.
src/services/authApi.ts(310,35): error TS2339: Property 'metadata' does not exist on type 'ApiResponse<UserInfo>'.
src/services/authApi.ts(314,24): error TS1361: 'ApiErrorFactory' cannot be used as a value because it was imported using 'import type'.
src/services/authApi.ts(315,7): error TS1361: 'ApiErrorHandler' cannot be used as a value because it was imported using 'import type'.
src/services/authApi.ts(335,15): error TS1361: 'ApiErrorFactory' cannot be used as a value because it was imported using 'import type'.
src/services/authApi.ts(342,15): error TS1361: 'ApiErrorFactory' cannot be used as a value because it was imported using 'import type'.
src/services/authApi.ts(360,36): error TS2339: Property 'requestId' does not exist on type 'ApiResponse<{ success: boolean; }>'.
src/services/authApi.ts(361,36): error TS2339: Property 'timestamp' does not exist on type 'ApiResponse<{ success: boolean; }>'.
src/services/authApi.ts(362,35): error TS2339: Property 'metadata' does not exist on type 'ApiResponse<{ success: boolean; }>'.
src/services/authApi.ts(366,24): error TS1361: 'ApiErrorFactory' cannot be used as a value because it was imported using 'import type'.
src/services/authApi.ts(367,7): error TS1361: 'ApiErrorHandler' cannot be used as a value because it was imported using 'import type'.
src/services/authApi.ts(393,36): error TS2339: Property 'requestId' does not exist on type 'ApiResponse<RefreshTokenResponse>'.
src/services/authApi.ts(394,36): error TS2339: Property 'timestamp' does not exist on type 'ApiResponse<RefreshTokenResponse>'.
src/services/authApi.ts(395,35): error TS2339: Property 'metadata' does not exist on type 'ApiResponse<RefreshTokenResponse>'.
src/services/authApi.ts(399,24): error TS1361: 'ApiErrorFactory' cannot be used as a value because it was imported using 'import type'.
src/services/authApi.ts(402,11): error TS1361: 'ApiErrorHandler' cannot be used as a value because it was imported using 'import type'.
src/services/authApi.ts(403,15): error TS2322: Type '{ requiresReauth: true; code: "AUTH_ERROR" | "TOKEN_EXPIRED" | "INVALID_TOKEN" | "UNAUTHORIZED"; message: string; details?: JsonValue | undefined; timestamp: string; requestId?: string | undefined; stack?: string | undefined; } | ... 7 more ... | { ...; }' is not assignable to type 'AuthenticationError'.
  Type '{ requiresReauth: true; code: "NETWORK_ERROR"; status?: number; statusText?: string; url?: string; timeout?: boolean; message: string; details?: JsonValue; timestamp: string; requestId?: string; stack?: string; }' is not assignable to type 'AuthenticationError'.
    Types of property 'code' are incompatible.
      Type '"NETWORK_ERROR"' is not assignable to type '"AUTH_ERROR" | "TOKEN_EXPIRED" | "INVALID_TOKEN" | "UNAUTHORIZED"'.
src/services/authApi.ts(414,7): error TS1361: 'ApiErrorHandler' cannot be used as a value because it was imported using 'import type'.
src/services/authApi.ts(440,36): error TS2339: Property 'requestId' does not exist on type 'ApiResponse<{ message: string; }>'.
src/services/authApi.ts(441,36): error TS2339: Property 'timestamp' does not exist on type 'ApiResponse<{ message: string; }>'.
src/services/authApi.ts(442,35): error TS2339: Property 'metadata' does not exist on type 'ApiResponse<{ message: string; }>'.
src/services/authApi.ts(446,24): error TS1361: 'ApiErrorFactory' cannot be used as a value because it was imported using 'import type'.
src/services/authApi.ts(447,7): error TS1361: 'ApiErrorHandler' cannot be used as a value because it was imported using 'import type'.
src/services/authApi.ts(474,36): error TS2339: Property 'requestId' does not exist on type 'ApiResponse<{ success: boolean; }>'.
src/services/authApi.ts(475,36): error TS2339: Property 'timestamp' does not exist on type 'ApiResponse<{ success: boolean; }>'.
src/services/authApi.ts(476,35): error TS2339: Property 'metadata' does not exist on type 'ApiResponse<{ success: boolean; }>'.
src/services/authApi.ts(480,24): error TS1361: 'ApiErrorFactory' cannot be used as a value because it was imported using 'import type'.
src/services/authApi.ts(481,7): error TS1361: 'ApiErrorHandler' cannot be used as a value because it was imported using 'import type'.
src/services/authApi.ts(507,36): error TS2339: Property 'requestId' does not exist on type 'ApiResponse<{ valid: boolean; payload?: any; }>'.
src/services/authApi.ts(508,36): error TS2339: Property 'timestamp' does not exist on type 'ApiResponse<{ valid: boolean; payload?: any; }>'.
src/services/authApi.ts(509,35): error TS2339: Property 'metadata' does not exist on type 'ApiResponse<{ valid: boolean; payload?: any; }>'.
src/services/authApi.ts(513,24): error TS1361: 'ApiErrorFactory' cannot be used as a value because it was imported using 'import type'.
src/services/authApi.ts(514,7): error TS1361: 'ApiErrorHandler' cannot be used as a value because it was imported using 'import type'.
src/services/authApi.ts(539,36): error TS2339: Property 'requestId' does not exist on type 'ApiResponse<SessionInfo[]>'.
src/services/authApi.ts(540,36): error TS2339: Property 'timestamp' does not exist on type 'ApiResponse<SessionInfo[]>'.
src/services/authApi.ts(541,35): error TS2339: Property 'metadata' does not exist on type 'ApiResponse<SessionInfo[]>'.
src/services/authApi.ts(545,24): error TS1361: 'ApiErrorFactory' cannot be used as a value because it was imported using 'import type'.
src/services/authApi.ts(546,7): error TS1361: 'ApiErrorHandler' cannot be used as a value because it was imported using 'import type'.
src/services/authApi.ts(572,24): error TS1361: 'ApiErrorFactory' cannot be used as a value because it was imported using 'import type'.
src/services/authApi.ts(573,7): error TS1361: 'ApiErrorHandler' cannot be used as a value because it was imported using 'import type'.
src/services/authApi.ts(600,36): error TS2339: Property 'requestId' does not exist on type 'ApiResponse<{ revokedCount: number; }>'.
src/services/authApi.ts(601,36): error TS2339: Property 'timestamp' does not exist on type 'ApiResponse<{ revokedCount: number; }>'.
src/services/authApi.ts(602,35): error TS2339: Property 'metadata' does not exist on type 'ApiResponse<{ revokedCount: number; }>'.
src/services/authApi.ts(606,24): error TS1361: 'ApiErrorFactory' cannot be used as a value because it was imported using 'import type'.
src/services/authApi.ts(607,7): error TS1361: 'ApiErrorHandler' cannot be used as a value because it was imported using 'import type'.
src/services/index.ts(55,3): error TS2459: Module '"./api"' declares 'OriginalChatMessage' locally, but it is not exported.
src/services/index.ts(56,3): error TS2305: Module '"./api"' has no exported member 'ChatMessage'.
src/services/index.ts(57,3): error TS2459: Module '"./api"' declares 'ChatOptions' locally, but it is not exported.
src/services/index.ts(58,3): error TS2459: Module '"./api"' declares 'ChatResponse' locally, but it is not exported.
src/services/index.ts(59,3): error TS2459: Module '"./api"' declares 'ChatAttachmentMetadata' locally, but it is not exported.
src/services/index.ts(60,3): error TS2305: Module '"./api"' has no exported member 'VoiceNoteMetadata'.
src/services/index.ts(61,3): error TS2459: Module '"./api"' declares 'ProductPreviewRequest' locally, but it is not exported.
src/services/index.ts(62,3): error TS2459: Module '"./api"' declares 'ProductPreviewResponse' locally, but it is not exported.
src/services/index.ts(71,3): error TS2459: Module '"./types/api-common"' declares 'ApiResult' locally, but it is not exported.
src/services/index.ts(192,28): error TS2304: Cannot find name 'AgentsApiService'.
src/services/index.ts(197,26): error TS2552: Cannot find name 'AuthApiService'. Did you mean 'ApiServices'?
src/services/index.ts(202,27): error TS2304: Cannot find name 'AdminApiService'.
src/services/index.ts(207,28): error TS2304: Cannot find name 'ApiErrorFactory'.
src/services/index.ts(212,34): error TS2304: Cannot find name 'ApiErrorHandler'.
src/services/index.ts(217,33): error TS2304: Cannot find name 'RuntimeTypeChecker'.
src/services/index.ts(222,32): error TS2304: Cannot find name 'CommonValidators'.
src/services/index.ts(230,13): error TS2304: Cannot find name 'AgentsApiService'.
src/services/index.ts(231,11): error TS2304: Cannot find name 'AuthApiService'.
src/services/index.ts(232,12): error TS2304: Cannot find name 'AdminApiService'.
src/services/index.ts(233,13): error TS2304: Cannot find name 'ApiErrorFactory'.
src/services/index.ts(234,19): error TS2304: Cannot find name 'ApiErrorHandler'.
src/services/index.ts(235,18): error TS2304: Cannot find name 'RuntimeTypeChecker'.
src/services/index.ts(236,17): error TS2304: Cannot find name 'CommonValidators'.
src/services/PerformanceBenchmarkService.ts(301,43): error TS2345: Argument of type 'string | undefined' is not assignable to parameter of type 'string'.
  Type 'undefined' is not assignable to type 'string'.
src/services/PerformanceBenchmarkService.ts(565,39): error TS18004: No value exists in scope for the shorthand property 'initial'. Either declare one or provide an initializer.
src/services/PerformanceBenchmarkService.ts(624,21): error TS2339: Property 'memory' does not exist on type 'Performance'.
src/services/PerformanceBenchmarkService.ts(626,26): error TS2339: Property 'memory' does not exist on type 'Performance'.
src/services/PerformanceBenchmarkService.ts(627,32): error TS2339: Property 'memory' does not exist on type 'Performance'.
src/services/PerformanceBenchmarkService.ts(628,31): error TS2339: Property 'memory' does not exist on type 'Performance'.
src/services/PerformanceBenchmarkService.ts(630,35): error TS2339: Property 'memory' does not exist on type 'Performance'.
src/services/PerformanceDataCache.ts(108,15): error TS18046: 'entry' is of type 'unknown'.
src/services/PerformanceDataCache.ts(109,33): error TS2345: Argument of type 'unknown' is not assignable to parameter of type 'CacheEntry<any>'.
src/services/PerformanceDataCache.ts(382,7): error TS2531: Object is possibly 'null'.
src/services/PerformanceDataCache.ts(383,7): error TS2531: Object is possibly 'null'.
src/services/PerformanceDataCache.ts(414,7): error TS2531: Object is possibly 'null'.
src/services/PerformanceDataCache.ts(415,7): error TS2531: Object is possibly 'null'.
src/services/PerformanceDataCache.ts(513,9): error TS7053: Element implicitly has an 'any' type because expression of type 'string' can't be used to index type '{}'.
  No index signature with a parameter of type 'string' was found on type '{}'.
src/services/PerformanceDataCache.ts(544,15): error TS18046: 'entry' is of type 'unknown'.
src/services/PerformanceDataCache.ts(545,33): error TS2345: Argument of type 'unknown' is not assignable to parameter of type 'CacheEntry<any>'.
src/services/PerformanceTrendAnalyzer.ts(164,7): error TS2322: Type 'TrendDataPoint[]' is not assignable to type '{ timestamp: number; value: number; severity: "medium" | "high" | "low"; description: string; }[]'.
  Type 'TrendDataPoint' is missing the following properties from type '{ timestamp: number; value: number; severity: "medium" | "high" | "low"; description: string; }': severity, description
src/services/PerformanceTrendAnalyzer.ts(198,49): error TS2345: Argument of type 'TrendDataPoint[]' is not assignable to parameter of type 'TrendDataPoint'.
  Type 'TrendDataPoint[]' is missing the following properties from type 'TrendDataPoint': timestamp, value
src/services/PerformanceTrendAnalyzer.ts(199,53): error TS2345: Argument of type 'TrendDataPoint[]' is not assignable to parameter of type 'TrendDataPoint'.
  Type 'TrendDataPoint[]' is missing the following properties from type 'TrendDataPoint': timestamp, value
src/services/PerformanceTrendAnalyzer.ts(200,47): error TS2345: Argument of type 'TrendDataPoint[]' is not assignable to parameter of type 'TrendDataPoint'.
  Type 'TrendDataPoint[]' is missing the following properties from type 'TrendDataPoint': timestamp, value
src/services/PerformanceTrendAnalyzer.ts(369,55): error TS2345: Argument of type 'TrendDataPoint' is not assignable to parameter of type 'TrendDataPoint[]'.
  Type 'TrendDataPoint' is missing the following properties from type 'TrendDataPoint[]': length, pop, push, concat, and 29 more.
src/services/PerformanceTrendAnalyzer.ts(377,38): error TS2339: Property 'length' does not exist on type 'TrendDataPoint'.
src/services/PerformanceTrendAnalyzer.ts(394,48): error TS2345: Argument of type 'TrendDataPoint' is not assignable to parameter of type 'TrendDataPoint[]'.
  Type 'TrendDataPoint' is missing the following properties from type 'TrendDataPoint[]': length, pop, push, concat, and 29 more.
src/services/PerformanceTrendAnalyzer.ts(399,55): error TS2345: Argument of type 'TrendDataPoint' is not assignable to parameter of type 'TrendDataPoint[]'.
  Type 'TrendDataPoint' is missing the following properties from type 'TrendDataPoint[]': length, pop, push, concat, and 29 more.
src/services/PerformanceTrendAnalyzer.ts(406,59): error TS2345: Argument of type 'TrendDataPoint' is not assignable to parameter of type 'TrendDataPoint[]'.
  Type 'TrendDataPoint' is missing the following properties from type 'TrendDataPoint[]': length, pop, push, concat, and 29 more.
src/services/PerformanceTrendAnalyzer.ts(410,38): error TS2339: Property 'length' does not exist on type 'TrendDataPoint'.
src/services/PerformanceTrendAnalyzer.ts(457,31): error TS2339: Property 'map' does not exist on type 'TrendDataPoint'.
src/services/PerformanceTrendAnalyzer.ts(457,35): error TS7006: Parameter 'point' implicitly has an 'any' type.
src/services/PerformanceTrendAnalyzer.ts(473,47): error TS7006: Parameter 'a' implicitly has an 'any' type.
src/services/PerformanceTrendAnalyzer.ts(473,50): error TS7006: Parameter 'b' implicitly has an 'any' type.
src/services/sync/SyncManager.ts(658,5): error TS2322: Type '{}' is not assignable to type 'number'.
src/services/types/api-common.ts(369,58): error TS2344: Type 'T' does not satisfy the constraint 'JsonValue'.
  Type 'T' is not assignable to type '{ readonly [key: string]: JsonValue; }'.
src/services/types/api-common.ts(376,63): error TS2344: Type 'PaginatedResponse<T>' does not satisfy the constraint 'JsonValue'.
  Type 'PaginatedResponse<T>' is not assignable to type '{ readonly [key: string]: JsonValue; }'.
    Index signature for type 'string' is missing in type 'PaginatedResponse<T>'.
src/services/types/api-errors.ts(435,22): error TS2339: Property 'retryable' does not exist on type 'NetworkError | ServerError | TimeoutError'.
  Property 'retryable' does not exist on type 'NetworkError'.
src/services/types/api-errors.ts(447,5): error TS2322: Type 'boolean | undefined' is not assignable to type 'boolean'.
  Type 'undefined' is not assignable to type 'boolean'.
src/services/utils/type-validator.ts(322,30): error TS2536: Type 'keyof T' cannot be used to index type 'Record<string, unknown>'.
src/store/index.ts(30,3): error TS2305: Module '"./types"' has no exported member 'BaseStore'.
src/store/index.ts(31,3): error TS2305: Module '"./types"' has no exported member 'SetState'.
src/store/index.ts(32,3): error TS2724: '"./types"' has no exported member named 'GetState'. Did you mean 'AgentState'?
src/store/index.ts(33,3): error TS2305: Module '"./types"' has no exported member 'StoreCreator'.
src/store/index.ts(34,3): error TS2305: Module '"./types"' has no exported member 'PersistConfig'.
src/store/index.ts(35,3): error TS2305: Module '"./types"' has no exported member 'PersistedStore'.
src/store/index.ts(38,3): error TS2305: Module '"./types"' has no exported member 'ExtractState'.
src/store/index.ts(39,3): error TS2305: Module '"./types"' has no exported member 'ExtractActions'.
src/store/index.ts(40,3): error TS2305: Module '"./types"' has no exported member 'CreateStoreType'.
src/store/index.ts(41,3): error TS2305: Module '"./types"' has no exported member 'CreatePersistedStoreType'.
src/store/index.ts(42,3): error TS2305: Module '"./types"' has no exported member 'StoreFactoryConfig'.
src/store/index.ts(43,3): error TS2305: Module '"./types"' has no exported member 'StoreFactory'.
src/store/index.ts(44,3): error TS2305: Module '"./types"' has no exported member 'AsyncState'.
src/store/index.ts(45,3): error TS2305: Module '"./types"' has no exported member 'AsyncActions'.
src/store/index.ts(46,3): error TS2305: Module '"./types"' has no exported member 'AsyncStore'.
src/store/index.ts(47,3): error TS2305: Module '"./types"' has no exported member 'StoreMiddleware'.
src/store/index.ts(48,3): error TS2305: Module '"./types"' has no exported member 'DevtoolsOptions'.
src/store/index.ts(49,3): error TS2305: Module '"./types"' has no exported member 'DEFAULT_PERSIST_CONFIG'.
src/store/index.ts(50,3): error TS2305: Module '"./types"' has no exported member 'DEFAULT_DEVTOOLS_CONFIG'.
src/store/index.ts(57,10): error TS2305: Module '"./types"' has no exported member 'isStore'.
src/store/index.ts(57,19): error TS2305: Module '"./types"' has no exported member 'isPersistedStore'.
src/test/types/QualityGateSystem.ts(234,36): error TS18046: 'error' is of type 'unknown'.
src/test/types/QualityGateSystem.ts(239,36): error TS18046: 'error' is of type 'unknown'.
src/test/types/QualityGateSystem.ts(297,29): error TS18046: 'error' is of type 'unknown'.
src/test/types/QualityGateSystem.ts(297,45): error TS18046: 'error' is of type 'unknown'.
src/test/types/QualityGateSystem.ts(387,21): error TS2339: Property 'enabled' does not exist on type 'QualityStandard'.
src/test/types/QualityGateSystem.ts(727,17): error TS2339: Property 'compilationErrors' does not exist on type 'Promise<QualityMetrics>'.
src/test/types/QualityGateSystem.ts(728,24): error TS2339: Property 'compilationErrors' does not exist on type 'Promise<QualityMetrics>'.
src/test/types/QualityGateSystem.ts(731,17): error TS2339: Property 'anyTypeUsage' does not exist on type 'Promise<QualityMetrics>'.
src/test/types/QualityGateSystem.ts(732,24): error TS2339: Property 'anyTypeUsage' does not exist on type 'Promise<QualityMetrics>'.
src/test/types/QualityGateSystem.ts(752,9): error TS2353: Object literal may only specify known properties, and 'enabled' does not exist in type 'QualityStandard'.
src/test/types/QualityGateSystem.ts(763,9): error TS2353: Object literal may only specify known properties, and 'enabled' does not exist in type 'QualityStandard'.
src/test/types/QualityGateSystem.ts(774,9): error TS2353: Object literal may only specify known properties, and 'enabled' does not exist in type 'QualityStandard'.
src/test/types/QualityGateSystem.ts(785,9): error TS2353: Object literal may only specify known properties, and 'enabled' does not exist in type 'QualityStandard'.
src/test/types/QualityGateSystem.ts(796,9): error TS2353: Object literal may only specify known properties, and 'enabled' does not exist in type 'QualityStandard'.
src/test/types/TypeRegressionGuard.ts(9,29): error TS7016: Could not find a declaration file for module 'folder-hash'. 'F:/ss/aa/sssss/llmchat/node_modules/.pnpm/folder-hash@4.1.1/node_modules/folder-hash/index.js' implicitly has an 'any' type.
  Try `npm i --save-dev @types/folder-hash` if it exists or add a new declaration (.d.ts) file containing `declare module 'folder-hash';`
src/test/types/TypeSafetyDashboard.tsx(273,13): error TS7030: Not all code paths return a value.
src/test/types/TypeSafetyDashboard.tsx(562,17): error TS2322: Type 'ViolationData[]' is not assignable to type 'ChartDataInput[]'.
  Type 'ViolationData' is not assignable to type 'ChartDataInput'.
    Index signature for type 'string' is missing in type 'ViolationData'.
src/types/event-handlers.ts(289,15): error TS2345: Argument of type 'T' is not assignable to parameter of type 'T & ChangeEvent<HTMLInputElement | HTMLTextAreaElement | HTMLSelectElement>'.
  Type 'T' is not assignable to type 'ChangeEvent<HTMLInputElement | HTMLTextAreaElement | HTMLSelectElement>'.
src/types/event-handlers.ts(306,15): error TS2345: Argument of type 'T' is not assignable to parameter of type 'T & ChangeEvent<HTMLInputElement | HTMLTextAreaElement | HTMLSelectElement>'.
  Type 'T' is not assignable to type 'ChangeEvent<HTMLInputElement | HTMLTextAreaElement | HTMLSelectElement>'.
src/types/event-handlers.ts(317,3): error TS2322: Type '(value: string, event: ChangeEvent<HTMLInputElement | HTMLTextAreaElement>) => void' is not assignable to type 'ChangeEventHandler<string>'.
  Type '(value: string, event: ChangeEvent<HTMLInputElement | HTMLTextAreaElement>) => void' is not assignable to type 'LegacyEventHandler<ChangeEvent<HTMLInputElement | HTMLTextAreaElement | HTMLSelectElement>>'.
    Target signature provides too few arguments. Expected 2 or more, but got 1.
src/types/event-handlers.ts(318,13): error TS2345: Argument of type 'string' is not assignable to parameter of type 'string & ChangeEvent<HTMLInputElement | HTMLTextAreaElement | HTMLSelectElement>'.
  Type 'string' is not assignable to type 'ChangeEvent<HTMLInputElement | HTMLTextAreaElement | HTMLSelectElement>'.
src/types/event-handlers.ts(326,3): error TS2322: Type '(value: string, event: ChangeEvent<HTMLInputElement>) => void' is not assignable to type 'ChangeEventHandler<string>'.
  Type '(value: string, event: ChangeEvent<HTMLInputElement>) => void' is not assignable to type 'LegacyEventHandler<ChangeEvent<HTMLInputElement | HTMLTextAreaElement | HTMLSelectElement>>'.
    Target signature provides too few arguments. Expected 2 or more, but got 1.
src/types/event-handlers.ts(329,15): error TS2345: Argument of type 'number' is not assignable to parameter of type 'number & ChangeEvent<HTMLInputElement | HTMLTextAreaElement | HTMLSelectElement>'.
  Type 'number' is not assignable to type 'ChangeEvent<HTMLInputElement | HTMLTextAreaElement | HTMLSelectElement>'.
src/types/event-handlers.ts(340,3): error TS2322: Type '(value: string, event: ChangeEvent<HTMLInputElement>) => void' is not assignable to type 'ChangeEventHandler<string>'.
  Type '(value: string, event: ChangeEvent<HTMLInputElement>) => void' is not assignable to type 'LegacyEventHandler<ChangeEvent<HTMLInputElement | HTMLTextAreaElement | HTMLSelectElement>>'.
    Target signature provides too few arguments. Expected 2 or more, but got 1.
src/types/event-handlers.ts(342,15): error TS2345: Argument of type 'string' is not assignable to parameter of type 'string & ChangeEvent<HTMLInputElement | HTMLTextAreaElement | HTMLSelectElement>'.
  Type 'string' is not assignable to type 'ChangeEvent<HTMLInputElement | HTMLTextAreaElement | HTMLSelectElement>'.
src/types/index.ts(123,3): error TS2484: Export declaration conflicts with exported declaration of 'BaseComponentProps'.
src/types/integration-strategy.ts(79,5): error TS2322: Type 'string' is not assignable to type 'ValidationTest'.
src/types/integration-strategy.ts(80,5): error TS2322: Type 'string' is not assignable to type 'ValidationTest'.
src/types/integration-strategy.ts(81,5): error TS2322: Type 'string' is not assignable to type 'ValidationTest'.
src/types/integration-strategy.ts(104,5): error TS2322: Type 'string' is not assignable to type 'ValidationTest'.
src/types/integration-strategy.ts(105,5): error TS2322: Type 'string' is not assignable to type 'ValidationTest'.
src/types/integration-strategy.ts(106,5): error TS2322: Type 'string' is not assignable to type 'ValidationTest'.
src/types/integration-strategy.ts(130,5): error TS2322: Type 'string' is not assignable to type 'ValidationTest'.
src/types/integration-strategy.ts(131,5): error TS2322: Type 'string' is not assignable to type 'ValidationTest'.
src/types/integration-strategy.ts(132,5): error TS2322: Type 'string' is not assignable to type 'ValidationTest'.
src/types/integration-strategy.ts(133,5): error TS2322: Type 'string' is not assignable to type 'ValidationTest'.
src/types/integration-strategy.ts(160,5): error TS2322: Type 'string' is not assignable to type 'ValidationTest'.
src/types/integration-strategy.ts(161,5): error TS2322: Type 'string' is not assignable to type 'ValidationTest'.
src/types/integration-strategy.ts(162,5): error TS2322: Type 'string' is not assignable to type 'ValidationTest'.
src/types/integration-strategy.ts(163,5): error TS2322: Type 'string' is not assignable to type 'ValidationTest'.
src/types/integration-strategy.ts(189,5): error TS2322: Type 'string' is not assignable to type 'ValidationTest'.
src/types/integration-strategy.ts(190,5): error TS2322: Type 'string' is not assignable to type 'ValidationTest'.
src/types/integration-strategy.ts(191,5): error TS2322: Type 'string' is not assignable to type 'ValidationTest'.
src/types/integration-strategy.ts(192,5): error TS2322: Type 'string' is not assignable to type 'ValidationTest'.
src/types/integration-strategy.ts(216,5): error TS2322: Type 'string' is not assignable to type 'ValidationTest'.
src/types/integration-strategy.ts(217,5): error TS2322: Type 'string' is not assignable to type 'ValidationTest'.
src/types/integration-strategy.ts(218,5): error TS2322: Type 'string' is not assignable to type 'ValidationTest'.
src/types/integration-strategy.ts(219,5): error TS2322: Type 'string' is not assignable to type 'ValidationTest'.
src/types/integration-strategy.ts(238,5): error TS2322: Type 'string' is not assignable to type 'ValidationTest'.
src/types/integration-strategy.ts(239,5): error TS2322: Type 'string' is not assignable to type 'ValidationTest'.
src/types/integration-strategy.ts(240,5): error TS2322: Type 'string' is not assignable to type 'ValidationTest'.
src/types/integration-strategy.ts(241,5): error TS2322: Type 'string' is not assignable to type 'ValidationTest'.
src/types/integration-strategy.ts(390,3): error TS1205: Re-exporting a type when 'isolatedModules' is enabled requires using 'export type'.
src/types/integration-strategy.ts(390,3): error TS2484: Export declaration conflicts with exported declaration of 'TypeIntegrationStrategy'.
src/types/integration-strategy.ts(391,3): error TS1205: Re-exporting a type when 'isolatedModules' is enabled requires using 'export type'.
src/types/integration-strategy.ts(391,3): error TS2484: Export declaration conflicts with exported declaration of 'ValidationTest'.
src/types/integration-strategy.ts(392,3): error TS1205: Re-exporting a type when 'isolatedModules' is enabled requires using 'export type'.
src/types/integration-strategy.ts(392,3): error TS2484: Export declaration conflicts with exported declaration of 'MigrationTool'.
src/types/ui-enhanced-props.ts(41,18): error TS2430: Interface 'EnhancedButtonProps' incorrectly extends interface 'Omit<ButtonHTMLAttributes<HTMLButtonElement>, "size">'.
  Types of property 'onClick' are incompatible.
    Type 'ClickEventHandler<void> | undefined' is not assignable to type 'MouseEventHandler<HTMLButtonElement> | undefined'.
      Type 'UnifiedEventHandler<void, MouseEvent<HTMLButtonElement | HTMLDivElement, MouseEvent>>' is not assignable to type 'MouseEventHandler<HTMLButtonElement>'.
        Target signature provides too few arguments. Expected 2 or more, but got 1.
src/types/ui-enhanced-props.ts(57,18): error TS2430: Interface 'EnhancedInputProps' incorrectly extends interface 'Omit<InputHTMLAttributes<HTMLInputElement>, "size">'.
  Types of property 'onFocus' are incompatible.
    Type 'FocusEventHandler<string> | undefined' is not assignable to type 'FocusEventHandler<HTMLInputElement> | undefined'.
      Type 'SimplifiedEventHandler<string>' is not assignable to type 'FocusEventHandler<HTMLInputElement>'.
        Types of parameters 'data' and 'event' are incompatible.
          Type 'FocusEvent<HTMLInputElement, Element>' is not assignable to type 'string'.
src/types/ui-enhanced-props.ts(75,18): error TS2430: Interface 'EnhancedFormProps' incorrectly extends interface 'FormHTMLAttributes<HTMLFormElement>'.
  Types of property 'onSubmit' are incompatible.
    Type 'FormSubmitHandler<void> | undefined' is not assignable to type 'FormEventHandler<HTMLFormElement> | undefined'.
      Type 'SimplifiedEventHandler<void>' is not assignable to type 'FormEventHandler<HTMLFormElement>'.
        Types of parameters 'data' and 'event' are incompatible.
          Type 'FormEvent<HTMLFormElement>' is not assignable to type 'void'.
src/types/ui-enhanced-props.ts(110,44): error TS1016: A required parameter cannot follow an optional parameter.
src/types/ui-props.ts(150,17): error TS2323: Cannot redeclare exported variable 'createSubComponent'.
src/types/ui-props.ts(160,17): error TS2323: Cannot redeclare exported variable 'attachSubComponents'.
src/types/ui-props.ts(170,5): error TS2862: Type 'ComponentWithSubComponents<TMainProps, TSubComponents>' is generic and can only be indexed for reading.
src/types/ui-props.ts(323,3): error TS2484: Export declaration conflicts with exported declaration of 'BaseUIProps'.
src/types/ui-props.ts(324,3): error TS2484: Export declaration conflicts with exported declaration of 'BaseButtonProps'.
src/types/ui-props.ts(325,3): error TS2484: Export declaration conflicts with exported declaration of 'BaseInputProps'.
src/types/ui-props.ts(326,3): error TS2484: Export declaration conflicts with exported declaration of 'BaseCardProps'.
src/types/ui-props.ts(329,3): error TS2484: Export declaration conflicts with exported declaration of 'SubComponentProps'.
src/types/ui-props.ts(330,3): error TS2484: Export declaration conflicts with exported declaration of 'ComponentWithSubComponents'.
src/types/ui-props.ts(331,3): error TS2484: Export declaration conflicts with exported declaration of 'SubComponentFactory'.
src/types/ui-props.ts(334,3): error TS2484: Export declaration conflicts with exported declaration of 'CardHeaderProps'.
src/types/ui-props.ts(335,3): error TS2484: Export declaration conflicts with exported declaration of 'CardTitleProps'.
src/types/ui-props.ts(336,3): error TS2484: Export declaration conflicts with exported declaration of 'CardContentProps'.
src/types/ui-props.ts(337,3): error TS2484: Export declaration conflicts with exported declaration of 'CardFooterProps'.
src/types/ui-props.ts(338,3): error TS2484: Export declaration conflicts with exported declaration of 'CardComponent'.
src/types/ui-props.ts(341,3): error TS2484: Export declaration conflicts with exported declaration of 'SelectTriggerProps'.
src/types/ui-props.ts(342,3): error TS2484: Export declaration conflicts with exported declaration of 'SelectValueProps'.
src/types/ui-props.ts(343,3): error TS2484: Export declaration conflicts with exported declaration of 'SelectContentProps'.
src/types/ui-props.ts(344,3): error TS2484: Export declaration conflicts with exported declaration of 'SelectItemProps'.
src/types/ui-props.ts(345,3): error TS2484: Export declaration conflicts with exported declaration of 'SelectComponent'.
src/types/ui-props.ts(348,3): error TS2484: Export declaration conflicts with exported declaration of 'TabsListProps'.
src/types/ui-props.ts(349,3): error TS2484: Export declaration conflicts with exported declaration of 'TabsTriggerProps'.
src/types/ui-props.ts(350,3): error TS2484: Export declaration conflicts with exported declaration of 'TabsContentProps'.
src/types/ui-props.ts(351,3): error TS2484: Export declaration conflicts with exported declaration of 'TabsComponent'.
src/types/ui-props.ts(354,3): error TS2484: Export declaration conflicts with exported declaration of 'ToastType'.
src/types/ui-props.ts(355,3): error TS2484: Export declaration conflicts with exported declaration of 'ToastOptions'.
src/types/ui-props.ts(356,3): error TS2484: Export declaration conflicts with exported declaration of 'ToastState'.
src/types/ui-props.ts(357,3): error TS2484: Export declaration conflicts with exported declaration of 'ToastComponent'.
src/types/ui-props.ts(361,10): error TS2323: Cannot redeclare exported variable 'createSubComponent'.
src/types/ui-props.ts(361,10): error TS2484: Export declaration conflicts with exported declaration of 'createSubComponent'.
src/types/ui-props.ts(361,30): error TS2323: Cannot redeclare exported variable 'attachSubComponents'.
src/types/ui-props.ts(361,30): error TS2484: Export declaration conflicts with exported declaration of 'attachSubComponents'.
src/utils/advanced-type-guards.ts(642,3): error TS2484: Export declaration conflicts with exported declaration of 'ValidationResult'.
src/utils/advanced-type-guards.ts(643,3): error TS2484: Export declaration conflicts with exported declaration of 'TypeValidator'.
src/utils/advanced-type-guards.ts(644,3): error TS2484: Export declaration conflicts with exported declaration of 'SyncValidator'.
src/utils/advanced-type-guards.ts(645,3): error TS2484: Export declaration conflicts with exported declaration of 'AsyncValidator'.
src/utils/advanced-type-guards.ts(646,3): error TS2484: Export declaration conflicts with exported declaration of 'PropertyValidation'.
src/utils/advanced-type-guards.ts(647,3): error TS2484: Export declaration conflicts with exported declaration of 'ObjectValidationConfig'.
src/utils/api-type-validators.ts(24,3): error TS2322: Type 'RuntimeTypeValidator<{ code: string; message: string; data: T; timestamp: unknown; }>' is not assignable to type 'RuntimeTypeValidator<ApiResponse<T>>'.
  Type '{ code: string; message: string; data: T; timestamp: unknown; }' is not assignable to type 'ApiResponse<T>'.
    Types of property 'timestamp' are incompatible.
      Type 'unknown' is not assignable to type 'string'.
src/utils/api-type-validators.ts(28,16): error TS2304: Cannot find name 'stringValidator'.
src/utils/api-type-validators.ts(39,14): error TS2304: Cannot find name 'stringValidator'.
src/utils/api-type-validators.ts(90,14): error TS2323: Cannot redeclare exported variable 'agentValidator'.
src/utils/api-type-validators.ts(106,14): error TS2323: Cannot redeclare exported variable 'agentConfigValidator'.
src/utils/api-type-validators.ts(137,14): error TS2304: Cannot find name 'stringValidator'.
src/utils/api-type-validators.ts(138,14): error TS2304: Cannot find name 'stringValidator'.
src/utils/api-type-validators.ts(144,14): error TS2323: Cannot redeclare exported variable 'agentsListResponseValidator'.
src/utils/api-type-validators.ts(151,14): error TS2323: Cannot redeclare exported variable 'agentDetailResponseValidator'.
src/utils/api-type-validators.ts(205,14): error TS2323: Cannot redeclare exported variable 'chatMessageValidator'.
src/utils/api-type-validators.ts(221,14): error TS2323: Cannot redeclare exported variable 'chatSessionValidator'.
src/utils/api-type-validators.ts(307,14): error TS2323: Cannot redeclare exported variable 'chatApiResponseValidator'.
src/utils/api-type-validators.ts(314,14): error TS2323: Cannot redeclare exported variable 'chatHistoryResponseValidator'.
src/utils/api-type-validators.ts(321,14): error TS2323: Cannot redeclare exported variable 'chatSessionResponseValidator'.
src/utils/api-type-validators.ts(346,14): error TS2323: Cannot redeclare exported variable 'userPreferencesValidator'.
src/utils/api-type-validators.ts(361,14): error TS2323: Cannot redeclare exported variable 'userPreferencesResponseValidator'.
src/utils/api-type-validators.ts(382,14): error TS2304: Cannot find name 'stringValidator'.
src/utils/api-type-validators.ts(391,14): error TS2323: Cannot redeclare exported variable 'statsResponseValidator'.
src/utils/api-type-validators.ts(398,14): error TS2323: Cannot redeclare exported variable 'auditLogsResponseValidator'.
src/utils/api-type-validators.ts(411,14): error TS2304: Cannot find name 'stringValidator'.
src/utils/api-type-validators.ts(424,16): error TS2304: Cannot find name 'stringValidator'.
src/utils/api-type-validators.ts(431,14): error TS2323: Cannot redeclare exported variable 'healthCheckResponseValidator'.
src/utils/api-type-validators.ts(438,14): error TS2323: Cannot redeclare exported variable 'agentHealthStatusResponseValidator'.
src/utils/api-type-validators.ts(449,14): error TS2323: Cannot redeclare exported variable 'ApiResponseValidator'.
src/utils/api-type-validators.ts(464,31): error TS2322: Type 'ApiResponse<T>' is not assignable to type 'T'.
  'T' could be instantiated with an arbitrary type which could be unrelated to 'ApiResponse<T>'.
src/utils/api-type-validators.ts(500,14): error TS2323: Cannot redeclare exported variable 'createApiClientWrapper'.
src/utils/api-type-validators.ts(535,3): error TS2323: Cannot redeclare exported variable 'agentValidator'.
src/utils/api-type-validators.ts(535,3): error TS2484: Export declaration conflicts with exported declaration of 'agentValidator'.
src/utils/api-type-validators.ts(536,3): error TS2323: Cannot redeclare exported variable 'agentConfigValidator'.
src/utils/api-type-validators.ts(536,3): error TS2484: Export declaration conflicts with exported declaration of 'agentConfigValidator'.
src/utils/api-type-validators.ts(537,3): error TS2323: Cannot redeclare exported variable 'chatMessageValidator'.
src/utils/api-type-validators.ts(537,3): error TS2484: Export declaration conflicts with exported declaration of 'chatMessageValidator'.
src/utils/api-type-validators.ts(538,3): error TS2323: Cannot redeclare exported variable 'chatSessionValidator'.
src/utils/api-type-validators.ts(538,3): error TS2484: Export declaration conflicts with exported declaration of 'chatSessionValidator'.
src/utils/api-type-validators.ts(539,3): error TS2323: Cannot redeclare exported variable 'userPreferencesValidator'.
src/utils/api-type-validators.ts(539,3): error TS2484: Export declaration conflicts with exported declaration of 'userPreferencesValidator'.
src/utils/api-type-validators.ts(542,3): error TS2323: Cannot redeclare exported variable 'agentsListResponseValidator'.
src/utils/api-type-validators.ts(542,3): error TS2484: Export declaration conflicts with exported declaration of 'agentsListResponseValidator'.
src/utils/api-type-validators.ts(543,3): error TS2323: Cannot redeclare exported variable 'agentDetailResponseValidator'.
src/utils/api-type-validators.ts(543,3): error TS2484: Export declaration conflicts with exported declaration of 'agentDetailResponseValidator'.
src/utils/api-type-validators.ts(544,3): error TS2323: Cannot redeclare exported variable 'chatApiResponseValidator'.
src/utils/api-type-validators.ts(544,3): error TS2484: Export declaration conflicts with exported declaration of 'chatApiResponseValidator'.
src/utils/api-type-validators.ts(545,3): error TS2323: Cannot redeclare exported variable 'chatHistoryResponseValidator'.
src/utils/api-type-validators.ts(545,3): error TS2484: Export declaration conflicts with exported declaration of 'chatHistoryResponseValidator'.
src/utils/api-type-validators.ts(546,3): error TS2323: Cannot redeclare exported variable 'chatSessionResponseValidator'.
src/utils/api-type-validators.ts(546,3): error TS2484: Export declaration conflicts with exported declaration of 'chatSessionResponseValidator'.
src/utils/api-type-validators.ts(547,3): error TS2323: Cannot redeclare exported variable 'userPreferencesResponseValidator'.
src/utils/api-type-validators.ts(547,3): error TS2484: Export declaration conflicts with exported declaration of 'userPreferencesResponseValidator'.
src/utils/api-type-validators.ts(548,3): error TS2323: Cannot redeclare exported variable 'statsResponseValidator'.
src/utils/api-type-validators.ts(548,3): error TS2484: Export declaration conflicts with exported declaration of 'statsResponseValidator'.
src/utils/api-type-validators.ts(549,3): error TS2323: Cannot redeclare exported variable 'auditLogsResponseValidator'.
src/utils/api-type-validators.ts(549,3): error TS2484: Export declaration conflicts with exported declaration of 'auditLogsResponseValidator'.
src/utils/api-type-validators.ts(550,3): error TS2323: Cannot redeclare exported variable 'healthCheckResponseValidator'.
src/utils/api-type-validators.ts(550,3): error TS2484: Export declaration conflicts with exported declaration of 'healthCheckResponseValidator'.
src/utils/api-type-validators.ts(551,3): error TS2323: Cannot redeclare exported variable 'agentHealthStatusResponseValidator'.
src/utils/api-type-validators.ts(551,3): error TS2484: Export declaration conflicts with exported declaration of 'agentHealthStatusResponseValidator'.
src/utils/api-type-validators.ts(554,3): error TS2323: Cannot redeclare exported variable 'ApiResponseValidator'.
src/utils/api-type-validators.ts(554,3): error TS2484: Export declaration conflicts with exported declaration of 'ApiResponseValidator'.
src/utils/api-type-validators.ts(555,3): error TS2323: Cannot redeclare exported variable 'createApiClientWrapper'.
src/utils/api-type-validators.ts(555,3): error TS2484: Export declaration conflicts with exported declaration of 'createApiClientWrapper'.
src/utils/componentRegistry.ts(153,51): error TS2345: Argument of type '(() => Promise<typeof import("F:/ss/aa/sssss/llmchat/frontend/src/components/ui/ImageGallery")>) | (() => Promise<typeof import("F:/ss/aa/sssss/llmchat/frontend/src/components/ui/VirtualScroll")>)' is not assignable to parameter of type '() => Promise<{ default: ComponentType<any>; }>'.
  Type '() => Promise<typeof import("F:/ss/aa/sssss/llmchat/frontend/src/components/ui/VirtualScroll")>' is not assignable to type '() => Promise<{ default: ComponentType<any>; }>'.
    Type 'Promise<typeof import("F:/ss/aa/sssss/llmchat/frontend/src/components/ui/VirtualScroll")>' is not assignable to type 'Promise<{ default: ComponentType<any>; }>'.
      Property 'default' is missing in type 'typeof import("F:/ss/aa/sssss/llmchat/frontend/src/components/ui/VirtualScroll")' but required in type '{ default: ComponentType<any>; }'.
src/utils/componentTypeUtils.ts(34,27): error TS1338: 'infer' declarations are only permitted in the 'extends' clause of a conditional type.
src/utils/componentTypeUtils.ts(35,9): error TS2304: Cannot find name 'R'.
src/utils/componentTypeUtils.ts(112,14): error TS2323: Cannot redeclare exported variable 'EventHandlers'.
src/utils/componentTypeUtils.ts(155,39): error TS2344: Type 'keyof D' does not satisfy the constraint 'keyof T'.
  Type 'string | number | symbol' is not assignable to type 'keyof T'.
    Type 'string' is not assignable to type 'keyof T'.
src/utils/componentTypeUtils.ts(227,5): error TS2862: Type 'ComponentWithSubComponents<TMainProps, TSubComponents>' is generic and can only be indexed for reading.
src/utils/componentTypeUtils.ts(254,44): error TS2345: Argument of type '(props: P, ref: Ref<T>) => ReactElement<any, string | JSXElementConstructor<any>> | null' is not assignable to parameter of type 'ForwardRefRenderFunction<T, PropsWithoutRef<P>>'.
  Types of parameters 'props' and 'props' are incompatible.
    Type 'PropsWithoutRef<P>' is not assignable to type 'P'.
      'P' could be instantiated with an arbitrary type which could be unrelated to 'PropsWithoutRef<P>'.
src/utils/componentTypeUtils.ts(256,3): error TS2322: Type 'ForwardRefExoticComponent<PropsWithoutRef<P> & RefAttributes<T>>' is not assignable to type 'ForwardRefComponent<T, P>'.
  Types of property 'defaultProps' are incompatible.
    Type 'Partial<PropsWithoutRef<P> & RefAttributes<T>> | undefined' is not assignable to type 'Partial<P & RefAttributes<T>> | undefined'.
      Type 'Partial<PropsWithoutRef<P> & RefAttributes<T>>' is not assignable to type 'Partial<P & RefAttributes<T>>'.
        Type 'keyof P | keyof RefAttributes<T>' is not assignable to type 'keyof RefAttributes<T> | keyof PropsWithoutRef<P>'.
          Type 'keyof P' is not assignable to type 'keyof RefAttributes<T> | keyof PropsWithoutRef<P>'.
            Type 'string | number | symbol' is not assignable to type 'keyof RefAttributes<T> | keyof PropsWithoutRef<P>'.
              Type 'string' is not assignable to type 'keyof RefAttributes<T> | keyof PropsWithoutRef<P>'.
src/utils/componentTypeUtils.ts(281,17): error TS2323: Cannot redeclare exported variable 'isValidReactNode'.
src/utils/componentTypeUtils.ts(296,17): error TS2323: Cannot redeclare exported variable 'isValidClassName'.
src/utils/componentTypeUtils.ts(303,17): error TS2323: Cannot redeclare exported variable 'isValidEventHandler'.
src/utils/componentTypeUtils.ts(312,17): error TS2323: Cannot redeclare exported variable 'hasRequiredProps'.
src/utils/componentTypeUtils.ts(437,14): error TS2323: Cannot redeclare exported variable 'ComponentDebugger'.
src/utils/componentTypeUtils.ts(478,38): error TS2345: Argument of type 'Record<string, { from: any; to: any; }> | undefined' is not assignable to parameter of type 'Partial<T> | undefined'.
  Type 'Record<string, { from: any; to: any; }>' is not assignable to type 'Partial<T>'.
src/utils/componentTypeUtils.ts(495,3): error TS1205: Re-exporting a type when 'isolatedModules' is enabled requires using 'export type'.
src/utils/componentTypeUtils.ts(495,3): error TS2484: Export declaration conflicts with exported declaration of 'ComponentPropsType'.
src/utils/componentTypeUtils.ts(496,3): error TS1205: Re-exporting a type when 'isolatedModules' is enabled requires using 'export type'.
src/utils/componentTypeUtils.ts(496,3): error TS2484: Export declaration conflicts with exported declaration of 'ComponentRefType'.
src/utils/componentTypeUtils.ts(497,3): error TS1205: Re-exporting a type when 'isolatedModules' is enabled requires using 'export type'.
src/utils/componentTypeUtils.ts(497,3): error TS2484: Export declaration conflicts with exported declaration of 'StrictProps'.
src/utils/componentTypeUtils.ts(498,3): error TS1205: Re-exporting a type when 'isolatedModules' is enabled requires using 'export type'.
src/utils/componentTypeUtils.ts(498,3): error TS2484: Export declaration conflicts with exported declaration of 'ConditionalRequired'.
src/utils/componentTypeUtils.ts(501,3): error TS1205: Re-exporting a type when 'isolatedModules' is enabled requires using 'export type'.
src/utils/componentTypeUtils.ts(501,3): error TS2484: Export declaration conflicts with exported declaration of 'UnifiedEventHandler'.
src/utils/componentTypeUtils.ts(502,3): error TS1205: Re-exporting a type when 'isolatedModules' is enabled requires using 'export type'.
src/utils/componentTypeUtils.ts(502,3): error TS2484: Export declaration conflicts with exported declaration of 'SimplifiedEventHandler'.
src/utils/componentTypeUtils.ts(503,3): error TS1205: Re-exporting a type when 'isolatedModules' is enabled requires using 'export type'.
src/utils/componentTypeUtils.ts(503,3): error TS2484: Export declaration conflicts with exported declaration of 'LegacyEventHandler'.
src/utils/componentTypeUtils.ts(504,3): error TS1205: Re-exporting a type when 'isolatedModules' is enabled requires using 'export type'.
src/utils/componentTypeUtils.ts(504,3): error TS2484: Export declaration conflicts with exported declaration of 'FlexibleEventHandler'.
src/utils/componentTypeUtils.ts(505,3): error TS2323: Cannot redeclare exported variable 'EventHandlers'.
src/utils/componentTypeUtils.ts(505,3): error TS2484: Export declaration conflicts with exported declaration of 'EventHandlers'.
src/utils/componentTypeUtils.ts(508,3): error TS1205: Re-exporting a type when 'isolatedModules' is enabled requires using 'export type'.
src/utils/componentTypeUtils.ts(508,3): error TS2484: Export declaration conflicts with exported declaration of 'PropsWithoutConflicts'.
src/utils/componentTypeUtils.ts(509,3): error TS1205: Re-exporting a type when 'isolatedModules' is enabled requires using 'export type'.
src/utils/componentTypeUtils.ts(509,3): error TS2484: Export declaration conflicts with exported declaration of 'MergeProps'.
src/utils/componentTypeUtils.ts(510,3): error TS1205: Re-exporting a type when 'isolatedModules' is enabled requires using 'export type'.
src/utils/componentTypeUtils.ts(510,3): error TS2484: Export declaration conflicts with exported declaration of 'WithDefaults'.
src/utils/componentTypeUtils.ts(511,3): error TS1205: Re-exporting a type when 'isolatedModules' is enabled requires using 'export type'.
src/utils/componentTypeUtils.ts(511,3): error TS2484: Export declaration conflicts with exported declaration of 'ValidatedProps'.
src/utils/componentTypeUtils.ts(512,3): error TS1205: Re-exporting a type when 'isolatedModules' is enabled requires using 'export type'.
src/utils/componentTypeUtils.ts(512,3): error TS2484: Export declaration conflicts with exported declaration of 'AsyncProps'.
src/utils/componentTypeUtils.ts(515,3): error TS1205: Re-exporting a type when 'isolatedModules' is enabled requires using 'export type'.
src/utils/componentTypeUtils.ts(515,3): error TS2484: Export declaration conflicts with exported declaration of 'SubComponentProps'.
src/utils/componentTypeUtils.ts(516,3): error TS1205: Re-exporting a type when 'isolatedModules' is enabled requires using 'export type'.
src/utils/componentTypeUtils.ts(516,3): error TS2484: Export declaration conflicts with exported declaration of 'ComponentWithSubComponents'.
src/utils/componentTypeUtils.ts(517,3): error TS1205: Re-exporting a type when 'isolatedModules' is enabled requires using 'export type'.
src/utils/componentTypeUtils.ts(517,3): error TS2484: Export declaration conflicts with exported declaration of 'SubComponentFactory'.
src/utils/componentTypeUtils.ts(520,3): error TS1205: Re-exporting a type when 'isolatedModules' is enabled requires using 'export type'.
src/utils/componentTypeUtils.ts(520,3): error TS2484: Export declaration conflicts with exported declaration of 'PolymorphicRef'.
src/utils/componentTypeUtils.ts(521,3): error TS1205: Re-exporting a type when 'isolatedModules' is enabled requires using 'export type'.
src/utils/componentTypeUtils.ts(521,3): error TS2484: Export declaration conflicts with exported declaration of 'ForwardRefComponent'.
src/utils/componentTypeUtils.ts(524,3): error TS2323: Cannot redeclare exported variable 'isValidReactNode'.
src/utils/componentTypeUtils.ts(524,3): error TS2484: Export declaration conflicts with exported declaration of 'isValidReactNode'.
src/utils/componentTypeUtils.ts(525,3): error TS2323: Cannot redeclare exported variable 'isValidClassName'.
src/utils/componentTypeUtils.ts(525,3): error TS2484: Export declaration conflicts with exported declaration of 'isValidClassName'.
src/utils/componentTypeUtils.ts(526,3): error TS2323: Cannot redeclare exported variable 'isValidEventHandler'.
src/utils/componentTypeUtils.ts(526,3): error TS2484: Export declaration conflicts with exported declaration of 'isValidEventHandler'.
src/utils/componentTypeUtils.ts(527,3): error TS2323: Cannot redeclare exported variable 'hasRequiredProps'.
src/utils/componentTypeUtils.ts(527,3): error TS2484: Export declaration conflicts with exported declaration of 'hasRequiredProps'.
src/utils/componentTypeUtils.ts(530,3): error TS1205: Re-exporting a type when 'isolatedModules' is enabled requires using 'export type'.
src/utils/componentTypeUtils.ts(530,3): error TS2484: Export declaration conflicts with exported declaration of 'AriaAttributes'.
src/utils/componentTypeUtils.ts(531,3): error TS1205: Re-exporting a type when 'isolatedModules' is enabled requires using 'export type'.
src/utils/componentTypeUtils.ts(531,3): error TS2484: Export declaration conflicts with exported declaration of 'AccessibilityRequirements'.
src/utils/componentTypeUtils.ts(534,3): error TS2323: Cannot redeclare exported variable 'ComponentDebugger'.
src/utils/componentTypeUtils.ts(534,3): error TS2484: Export declaration conflicts with exported declaration of 'ComponentDebugger'.
src/utils/componentTypeUtils.ts(535,3): error TS1205: Re-exporting a type when 'isolatedModules' is enabled requires using 'export type'.
src/utils/componentTypeUtils.ts(535,3): error TS2484: Export declaration conflicts with exported declaration of 'Expect'.
src/utils/componentTypeUtils.ts(536,3): error TS1205: Re-exporting a type when 'isolatedModules' is enabled requires using 'export type'.
src/utils/componentTypeUtils.ts(536,3): error TS2484: Export declaration conflicts with exported declaration of 'Equal'.
src/utils/contentSecurityPolicy.ts(287,51): error TS2774: This condition will always return true since this function is always defined. Did you mean to call it instead?
src/utils/ErrorBoundary.tsx(274,26): error TS2304: Cannot find name 'NetworkError'.
src/utils/ErrorBoundary.tsx(470,9): error TS2353: Object literal may only specify known properties, and 'category' does not exist in type 'Partial<ErrorContext>'.
src/utils/ErrorBoundary.tsx(525,3): error TS4114: This member must have an 'override' modifier because it overrides a member in the base class 'Component<ErrorBoundaryProps, ErrorBoundaryState, any>'.
src/utils/ErrorBoundary.tsx(527,7): error TS2322: Type 'string | null | undefined' is not assignable to type 'string | undefined'.
  Type 'null' is not assignable to type 'string | undefined'.
src/utils/ErrorBoundary.tsx(551,3): error TS4114: This member must have an 'override' modifier because it overrides a member in the base class 'Component<ErrorBoundaryProps, ErrorBoundaryState, any>'.
src/utils/ErrorBoundary.tsx(591,3): error TS4114: This member must have an 'override' modifier because it overrides a member in the base class 'Component<ErrorBoundaryProps, ErrorBoundaryState, any>'.
src/utils/ErrorBoundary.tsx(697,29): error TS2304: Cannot find name 'NetworkError'.
src/utils/event-handler-integration.ts(511,12): error TS2352: Conversion of type '(...args: any[]) => any' to type 'T' may be a mistake because neither type sufficiently overlaps with the other. If this was intentional, convert the expression to 'unknown' first.
  '(...args: any[]) => any' is assignable to the constraint of type 'T', but 'T' could be instantiated with a different subtype of constraint 'Function'.
src/utils/event-handler-integration.ts(536,12): error TS2352: Conversion of type '(...args: any[]) => any' to type 'T' may be a mistake because neither type sufficiently overlaps with the other. If this was intentional, convert the expression to 'unknown' first.
  '(...args: any[]) => any' is assignable to the constraint of type 'T', but 'T' could be instantiated with a different subtype of constraint 'Function'.
src/utils/eventAdapter.ts(7,3): error TS2459: Module '"../components/ui/ui.types"' declares 'ChangeEventHandler' locally, but it is not exported.
src/utils/eventAdapter.ts(8,3): error TS2305: Module '"../components/ui/ui.types"' has no exported member 'UnifiedEventHandler'.
src/utils/eventAdapter.ts(9,3): error TS2305: Module '"../components/ui/ui.types"' has no exported member 'SimplifiedEventHandler'.
src/utils/eventAdapter.ts(10,3): error TS2305: Module '"../components/ui/ui.types"' has no exported member 'LegacyEventHandler'.
src/utils/eventAdapter.ts(11,3): error TS2459: Module '"../components/ui/ui.types"' declares 'KeyboardEventHandler' locally, but it is not exported.
src/utils/eventAdapter.ts(12,3): error TS2459: Module '"../components/ui/ui.types"' declares 'ClickEventHandler' locally, but it is not exported.
src/utils/eventAdapter.ts(13,3): error TS2459: Module '"../components/ui/ui.types"' declares 'FocusEventHandler' locally, but it is not exported.
src/utils/eventAdapter.ts(14,3): error TS2459: Module '"../components/ui/ui.types"' declares 'FormSubmitHandler' locally, but it is not exported.
src/utils/eventAdapter.ts(15,3): error TS2459: Module '"../components/ui/ui.types"' declares 'CustomEventHandler' locally, but it is not exported.
src/utils/eventAdapter.ts(293,14): error TS2304: Cannot find name 'FlexibleChangeHandler'.
src/utils/eventCompatibilityValidator.ts(167,41): error TS2345: Argument of type 'Function' is not assignable to parameter of type 'FlexibleChangeHandler<string> | undefined'.
src/utils/eventCompatibilityValidator.ts(169,40): error TS2345: Argument of type 'Function' is not assignable to parameter of type '((event: MouseEvent) => void) | ((data: void, event: MouseEvent) => void) | undefined'.
src/utils/eventCompatibilityValidator.ts(171,43): error TS2345: Argument of type 'Function' is not assignable to parameter of type '((event: KeyboardEvent) => void) | ((data: void, event: KeyboardEvent) => void) | undefined'.
src/utils/eventCompatibilityValidator.ts(173,40): error TS2345: Argument of type 'Function' is not assignable to parameter of type '((event: FocusEvent) => void) | ((value: string, event: FocusEvent) => void) | undefined'.
src/utils/eventCompatibilityValidator.ts(175,39): error TS2345: Argument of type 'Function' is not assignable to parameter of type '((event: FormEvent) => void) | ((data: void, event: FormEvent) => void) | undefined'.
src/utils/eventCompatibilityValidator.ts(223,67): error TS2304: Cannot find name 'FormEvent'.
src/utils/eventCompatibilityValidator.ts(223,107): error TS2304: Cannot find name 'FormEvent'.
src/utils/eventCompatibilityValidator.ts(317,47): error TS2345: Argument of type 'Function | undefined' is not assignable to parameter of type 'FlexibleChangeHandler<string> | undefined'.
  Type 'Function' is not assignable to type 'FlexibleChangeHandler<string> | undefined'.
src/utils/eventCompatibilityValidator.ts(320,46): error TS2345: Argument of type 'Function | undefined' is not assignable to parameter of type '((event: MouseEvent) => void) | ((data: void, event: MouseEvent) => void) | undefined'.
  Type 'Function' is not assignable to type '((event: MouseEvent) => void) | ((data: void, event: MouseEvent) => void) | undefined'.
src/utils/eventCompatibilityValidator.ts(323,49): error TS2345: Argument of type 'Function | undefined' is not assignable to parameter of type '((event: KeyboardEvent) => void) | ((data: void, event: KeyboardEvent) => void) | undefined'.
  Type 'Function' is not assignable to type '((event: KeyboardEvent) => void) | ((data: void, event: KeyboardEvent) => void) | undefined'.
src/utils/eventCompatibilityValidator.ts(326,46): error TS2345: Argument of type 'Function | undefined' is not assignable to parameter of type '((event: FocusEvent) => void) | ((value: string, event: FocusEvent) => void) | undefined'.
  Type 'Function' is not assignable to type '((event: FocusEvent) => void) | ((value: string, event: FocusEvent) => void) | undefined'.
src/utils/eventCompatibilityValidator.ts(329,45): error TS2345: Argument of type 'Function | undefined' is not assignable to parameter of type '((event: FormEvent) => void) | ((data: void, event: FormEvent) => void) | undefined'.
  Type 'Function' is not assignable to type '((event: FormEvent) => void) | ((data: void, event: FormEvent) => void) | undefined'.
src/utils/eventCompatibilityValidator.ts(355,42): error TS2304: Cannot find name 'ChangeEvent'.
src/utils/eventCompatibilityValidator.ts(357,27): error TS2304: Cannot find name 'FormEvent'.
src/utils/eventCompatibilityValidator.ts(370,45): error TS2304: Cannot find name 'ChangeEvent'.
src/utils/eventHandlers.unified.ts(263,15): error TS2345: Argument of type 'T' is not assignable to parameter of type 'T & ChangeEvent<HTMLInputElement | HTMLSelectElement | HTMLTextAreaElement>'.
  Type 'T' is not assignable to type 'ChangeEvent<HTMLInputElement | HTMLSelectElement | HTMLTextAreaElement>'.
src/utils/eventHandlers.unified.ts(280,15): error TS2345: Argument of type 'T' is not assignable to parameter of type 'T & ChangeEvent<HTMLInputElement | HTMLSelectElement | HTMLTextAreaElement>'.
  Type 'T' is not assignable to type 'ChangeEvent<HTMLInputElement | HTMLSelectElement | HTMLTextAreaElement>'.
src/utils/eventHandlers.unified.ts(298,15): error TS2345: Argument of type 'T' is not assignable to parameter of type 'T & ChangeEvent<HTMLInputElement | HTMLSelectElement | HTMLTextAreaElement>'.
  Type 'T' is not assignable to type 'ChangeEvent<HTMLInputElement | HTMLSelectElement | HTMLTextAreaElement>'.
src/utils/eventHandlers.unified.ts(311,3): error TS2322: Type '(value: string, event: ChangeEvent<HTMLInputElement | HTMLTextAreaElement>) => void' is not assignable to type 'ChangeEventHandler<string>'.
  Type '(value: string, event: ChangeEvent<HTMLInputElement | HTMLTextAreaElement>) => void' is not assignable to type 'LegacyEventHandler<ChangeEvent<HTMLInputElement | HTMLSelectElement | HTMLTextAreaElement>>'.
    Target signature provides too few arguments. Expected 2 or more, but got 1.
src/utils/eventHandlers.unified.ts(312,13): error TS2345: Argument of type 'string' is not assignable to parameter of type 'string & ChangeEvent<HTMLInputElement | HTMLSelectElement | HTMLTextAreaElement>'.
  Type 'string' is not assignable to type 'ChangeEvent<HTMLInputElement | HTMLSelectElement | HTMLTextAreaElement>'.
src/utils/eventHandlers.unified.ts(320,3): error TS2322: Type '(value: string, event: ChangeEvent<HTMLInputElement>) => void' is not assignable to type 'ChangeEventHandler<string>'.
  Type '(value: string, event: ChangeEvent<HTMLInputElement>) => void' is not assignable to type 'LegacyEventHandler<ChangeEvent<HTMLInputElement | HTMLSelectElement | HTMLTextAreaElement>>'.
    Target signature provides too few arguments. Expected 2 or more, but got 1.
src/utils/eventHandlers.unified.ts(323,15): error TS2345: Argument of type 'number' is not assignable to parameter of type 'number & ChangeEvent<HTMLInputElement | HTMLSelectElement | HTMLTextAreaElement>'.
  Type 'number' is not assignable to type 'ChangeEvent<HTMLInputElement | HTMLSelectElement | HTMLTextAreaElement>'.
src/utils/eventHandlers.unified.ts(334,3): error TS2322: Type '(value: string, event: ChangeEvent<HTMLInputElement>) => void' is not assignable to type 'ChangeEventHandler<string>'.
  Type '(value: string, event: ChangeEvent<HTMLInputElement>) => void' is not assignable to type 'LegacyEventHandler<ChangeEvent<HTMLInputElement | HTMLSelectElement | HTMLTextAreaElement>>'.
    Target signature provides too few arguments. Expected 2 or more, but got 1.
src/utils/eventHandlers.unified.ts(336,15): error TS2345: Argument of type 'string' is not assignable to parameter of type 'string & ChangeEvent<HTMLInputElement | HTMLSelectElement | HTMLTextAreaElement>'.
  Type 'string' is not assignable to type 'ChangeEvent<HTMLInputElement | HTMLSelectElement | HTMLTextAreaElement>'.
src/utils/eventHandlers.unified.ts(347,5): error TS2322: Type '(value: string, event: ChangeEvent<HTMLInputElement>) => void' is not assignable to type 'ChangeEventHandler<string>'.
  Type '(value: string, event: ChangeEvent<HTMLInputElement>) => void' is not assignable to type 'LegacyEventHandler<ChangeEvent<HTMLInputElement | HTMLSelectElement | HTMLTextAreaElement>>'.
    Target signature provides too few arguments. Expected 2 or more, but got 1.
src/utils/eventHandlers.unified.ts(349,17): error TS2345: Argument of type 'string' is not assignable to parameter of type 'string & ChangeEvent<HTMLInputElement | HTMLSelectElement | HTMLTextAreaElement>'.
  Type 'string' is not assignable to type 'ChangeEvent<HTMLInputElement | HTMLSelectElement | HTMLTextAreaElement>'.
src/utils/eventHandlers.unified.ts(363,3): error TS2322: Type '(value: string, event: ChangeEvent<HTMLInputElement>) => void' is not assignable to type 'ChangeEventHandler<string>'.
  Type '(value: string, event: ChangeEvent<HTMLInputElement>) => void' is not assignable to type 'LegacyEventHandler<ChangeEvent<HTMLInputElement | HTMLSelectElement | HTMLTextAreaElement>>'.
    Target signature provides too few arguments. Expected 2 or more, but got 1.
src/utils/eventHandlers.unified.ts(366,15): error TS2345: Argument of type 'string' is not assignable to parameter of type 'string & ChangeEvent<HTMLInputElement | HTMLSelectElement | HTMLTextAreaElement>'.
  Type 'string' is not assignable to type 'ChangeEvent<HTMLInputElement | HTMLSelectElement | HTMLTextAreaElement>'.
src/utils/index.ts(231,12): error TS2347: Untyped function calls may not accept type arguments.
src/utils/performanceOptimizer.ts(358,7): error TS2552: Cannot find name 'container'. Did you mean 'containerRef'?
src/utils/performanceOptimizer.ts(359,20): error TS2552: Cannot find name 'container'. Did you mean 'containerRef'?
src/utils/performanceOptimizer.ts(442,45): error TS2304: Cannot find name 'loadData'.
src/utils/performanceOptimizer.ts(699,31): error TS2683: 'this' implicitly has type 'any' because it does not have a type annotation.
src/utils/performanceOptimizer.ts(700,34): error TS2683: 'this' implicitly has type 'any' because it does not have a type annotation.
src/utils/performanceOptimizer.ts(701,35): error TS2683: 'this' implicitly has type 'any' because it does not have a type annotation.
src/utils/performanceOptimizer.ts(746,3): error TS2304: Cannot find name 'throttleWrapper'.
src/utils/RuntimeTypeValidator.ts(77,20): error TS18046: 'val' is of type 'unknown'.
src/utils/RuntimeTypeValidator.ts(110,50): error TS2345: Argument of type 'unknown' is not assignable to parameter of type 'number'.
src/utils/RuntimeTypeValidator.ts(113,32): error TS18046: 'val' is of type 'unknown'.
src/utils/RuntimeTypeValidator.ts(116,32): error TS18046: 'val' is of type 'unknown'.
src/utils/RuntimeTypeValidator.ts(361,3): error TS2353: Object literal may only specify known properties, and 'description' does not exist in type '{ minLength?: number | undefined; maxLength?: number | undefined; pattern?: RegExp | undefined; allowedValues?: string[] | undefined; trim?: boolean | undefined; }'.
src/utils/RuntimeTypeValidator.ts(369,3): error TS2353: Object literal may only specify known properties, and 'description' does not exist in type '{ minLength?: number | undefined; maxLength?: number | undefined; pattern?: RegExp | undefined; allowedValues?: string[] | undefined; trim?: boolean | undefined; }'.
src/utils/RuntimeTypeValidator.ts(419,31): error TS2353: Object literal may only specify known properties, and 'required' does not exist in type '{ minLength?: number | undefined; maxLength?: number | undefined; pattern?: RegExp | undefined; allowedValues?: string[] | undefined; trim?: boolean | undefined; }'.
src/utils/RuntimeTypeValidator.ts(420,34): error TS2353: Object literal may only specify known properties, and 'required' does not exist in type '{ minLength?: number | undefined; maxLength?: number | undefined; pattern?: RegExp | undefined; allowedValues?: string[] | undefined; trim?: boolean | undefined; }'.
src/utils/RuntimeTypeValidator.ts(529,13): error TS2352: Conversion of type 'any[]' to type 'T' may be a mistake because neither type sufficiently overlaps with the other. If this was intentional, convert the expression to 'unknown' first.
  'any[]' is assignable to the constraint of type 'T', but 'T' could be instantiated with a different subtype of constraint 'readonly any[]'.
src/utils/secureContentSanitizer.ts(82,22): error TS2503: Cannot find namespace 'DOMPurify'.
src/utils/secureContentSanitizer.ts(106,54): error TS7006: Parameter 'node' implicitly has an 'any' type.
src/utils/secureContentSanitizer.ts(106,60): error TS7006: Parameter 'data' implicitly has an 'any' type.
src/utils/secureContentSanitizer.ts(132,52): error TS7006: Parameter 'node' implicitly has an 'any' type.
src/utils/secureContentSanitizer.ts(132,58): error TS7006: Parameter 'data' implicitly has an 'any' type.
src/utils/secureContentSanitizer.ts(346,44): error TS2774: This condition will always return true since this function is always defined. Did you mean to call it instead?
src/utils/securityMonitor.ts(8,34): error TS2459: Module '"./secureContentSanitizer"' declares 'SecurityEvent' locally, but it is not exported.
src/utils/securityMonitor.ts(198,7): error TS2353: Object literal may only specify known properties, and 'type' does not exist in type 'ExtendedSecurityEvent'.
src/utils/securityMonitor.ts(311,85): error TS2339: Property 'type' does not exist on type 'ExtendedSecurityEvent'.
src/utils/securityMonitor.ts(333,44): error TS2774: This condition will always return true since this function is always defined. Did you mean to call it instead?
src/utils/securityMonitor.ts(422,81): error TS2339: Property 'timestamp' does not exist on type 'ExtendedSecurityEvent'.
src/utils/securityMonitor.ts(424,31): error TS2339: Property 'timestamp' does not exist on type 'ExtendedSecurityEvent'.
src/utils/securityMonitor.ts(486,50): error TS2339: Property 'timestamp' does not exist on type 'ExtendedSecurityEvent'.
src/utils/securityMonitor.ts(490,50): error TS2339: Property 'timestamp' does not exist on type 'ExtendedSecurityEvent'.
src/utils/securityMonitor.ts(540,22): error TS2339: Property 'timestamp' does not exist on type 'ExtendedSecurityEvent'.
src/utils/store-type-validator.ts(234,36): error TS2556: A spread argument must either have a tuple type or be passed to a rest parameter.
src/utils/store-type-validator.ts(299,33): error TS2344: Type 'T' does not satisfy the constraint 'Record<string, any>'.
src/utils/store-type-validator.ts(344,33): error TS2344: Type 'T' does not satisfy the constraint 'Record<string, any>'.
src/utils/store-type-validator.ts(436,31): error TS2339: Property 'subscribe' does not exist on type '{ getState: () => T; }'.
src/utils/store-type-validator.ts(505,43): error TS2345: Argument of type 'SetFn' is not assignable to parameter of type 'SetFn'.
  Types of parameters 'partial' and 'partial' are incompatible.
    Type 'Partial<T> | ((state: T) => Partial<T>)' is not assignable to type 'Partial<T & A> | ((state: T & A) => Partial<T & A>)'.
      Type 'Partial<T>' is not assignable to type 'Partial<T & A> | ((state: T & A) => Partial<T & A>)'.
        Type 'Partial<T>' is not assignable to type 'Partial<T & A>'.
          Type 'keyof T | keyof A' is not assignable to type 'keyof T'.
            Type 'keyof A' is not assignable to type 'keyof T'.
              Type 'string | number | symbol' is not assignable to type 'keyof T'.
                Type 'number' is not assignable to type 'keyof T'.
                  Type 'number' is not assignable to type 'string'.
                    Type 'keyof A' is not assignable to type 'string'.
                      Type 'string | number | symbol' is not assignable to type 'string'.
                        Type 'number' is not assignable to type 'string'.
src/utils/store-type-validator.ts(507,32): error TS2339: Property 'set' does not exist on type '(args: unknown) => any'.
src/utils/store-type-validator.ts(508,32): error TS2339: Property 'get' does not exist on type '(args: unknown) => any'.
src/utils/type-integration-tools.ts(469,59): error TS2339: Property 'memory' does not exist on type 'Performance'.
src/utils/type-integration-tools.ts(470,26): error TS2339: Property 'memory' does not exist on type 'Performance'.
 ELIFECYCLE  Command failed with exit code 2.
