
src/components/monitoring/PerformanceMonitoringExample.tsx(318,56): error TS233
9: Property 'getTrendData' does not exist on type 'PerformanceTrendAnalyzer'.
src/components/monitoring/PerformanceMonitoringIndex.ts(46,42): error TS2554: E
xpected 4 arguments, but got 2.
src/components/product/ProductPreviewWorkspace.tsx(563,19): error TS2322: Type 
'(event: React.ChangeEvent<HTMLInputElement>) => void' is not assignable to typ
e '(value: string, event: ChangeEvent<HTMLInputElement>) => void'.
src/components/ui/Button.tsx(118,15): error TS2339: Property 'onClick' does not
 exist on type '{ [key: `data-${string}`]: string | undefined; title?: string |
 undefined; style?: CSSProperties | undefined; id?: string | undefined; "aria-l
abel"?: string | undefined; "aria-describedby"?: string | undefined; ... 266 mo
re ...; visible?: boolean | undefined; }'.
src/components/ui/Button.tsx(179,37): error TS2322: Type 'SizeVariant | undefin
ed' is not assignable to type '"sm" | "md" | "lg" | "xl" | "icon" | "icon-sm" |
 "icon-lg" | null | undefined'.
src/components/ui/Card.tsx(41,8): error TS2322: Type '{ children: ReactNode; st
yle?: CSSProperties | undefined; 'data-testid'?: string | undefined; disabled?:
 boolean | undefined; visible?: boolean | undefined; ... 5 more ...; className:
 string; }' is not assignable to type 'SVGProps<SVGSymbolElement>'.
src/components/ui/Card.tsx(42,9): error TS2590: Expression produces a union typ
e that is too complex to represent.
src/components/ui/Card.tsx(96,7): error TS2339: Property 'hoverable' does not e
xist on type 'CardProps'.
src/components/ui/EventEnhancer.tsx(112,48): error TS2345: Argument of type 'Fu
nction' is not assignable to parameter of type '(data?: void | undefined, event
?: SyntheticEvent<Element, Event> | undefined) => void'.
src/components/ui/index.ts(31,3): error TS2300: Duplicate identifier 'IconButto
nProps'.
src/components/ui/index.ts(59,3): error TS2300: Duplicate identifier 'VirtualSc
rollProps'.
src/components/ui/index.ts(60,3): error TS2300: Duplicate identifier 'VirtualSc
rollItem'.
src/components/ui/index.ts(61,3): error TS2300: Duplicate identifier 'VirtualSc
rollRef'.
src/components/ui/index.ts(84,15): error TS2300: Duplicate identifier 'IconButt
onProps'.
src/components/ui/index.ts(84,15): error TS2724: '"./IconButton"' has no export
ed member named 'IconButtonProps'. Did you mean 'IconButton'?
src/components/ui/index.ts(144,10): error TS2305: Module '"./VirtualScroll"' ha
s no exported member 'default'.
src/components/ui/index.ts(145,15): error TS2300: Duplicate identifier 'Virtual
ScrollProps'.
src/components/ui/index.ts(145,35): error TS2300: Duplicate identifier 'Virtual
ScrollItem'.
src/components/ui/index.ts(145,54): error TS2300: Duplicate identifier 'Virtual
ScrollRef'.
src/components/ui/index.ts(148,25): error TS2724: '"./LazyComponent"' has no ex
ported member named 'SimpleLazyComponent'. Did you mean 'LazyComponent'?
src/components/ui/index.ts(148,46): error TS2724: '"./LazyComponent"' has no ex
ported member named 'EnhancedLazyComponent'. Did you mean 'createLazyComponent'
?
src/components/ui/index.ts(163,15): error TS2307: Cannot find module '../utils/
type-guards' or its corresponding type declarations.
src/components/ui/Input.tsx(36,18): error TS2320: Interface 'InputProps' cannot
 simultaneously extend types 'InputProps' and 'VariantProps<(props?: (ConfigVar
iants<{ size: { sm: string; md: string; lg: string; xl: string; }; state: { def
ault: string; success: string; warning: string; error: string; }; }> & ClassPro
p) | undefined) => string>'.
src/components/ui/Input.tsx(107,7): error TS2339: Property 'readonly' does not 
exist on type 'InputProps'.
src/components/ui/Input.tsx(297,12): error TS2322: Type '{ id: string; name: st
ring; type: HTMLInputTypeAttribute; value: string | number | readonly string[];
 disabled: boolean; readOnly: any; required: boolean; placeholder: string | und
efined; ... 291 more ...; "data-slot": string; }' is not assignable to type 'De
tailedHTMLProps<InputHTMLAttributes<HTMLInputElement>, HTMLInputElement>'.
src/components/ui/Input.tsx(300,31): error TS2322: Type 'SizeVariant | undefine
d' is not assignable to type '"sm" | "md" | "lg" | "xl" | null | undefined'.
src/components/ui/InputAdapter.tsx(33,14): error TS2352: Conversion of type '(v
alue: string, event: ChangeEvent<HTMLInputElement>) => void | ((event: ChangeEv
ent<HTMLInputElement>) => void)' to type '(event: ChangeEvent<HTMLInputElement>
) => void' may be a mistake because neither type sufficiently overlaps with the
 other. If this was intentional, convert the expression to 'unknown' first.
src/components/ui/LazyComponent.tsx(10,15): error TS2305: Module '"./ui.types"'
 has no exported member 'LazyComponentConfig'.
src/components/ui/LazyComponent.tsx(10,36): error TS2724: '"./ui.types"' has no
 exported member named 'LazyComponentProps'. Did you mean 'BaseComponentProps'?
src/components/ui/LazyComponent.tsx(209,10): error TS2352: Conversion of type '
MemoExoticComponent<(props: P) => Element>' to type 'ComponentType<P>' may be a
 mistake because neither type sufficiently overlaps with the other. If this was
 intentional, convert the expression to 'unknown' first.
src/components/ui/Modal.tsx(43,18): error TS2320: Interface 'ModalProps' cannot
 simultaneously extend types 'ModalProps' and 'VariantProps<(props?: (ConfigVar
iants<{ size: { sm: string; md: string; lg: string; xl: string; '2xl': string; 
'3xl': string; '4xl': string; '5xl': string; full: string; }; position: { cente
r: string; top: string; bottom: string; }; }> & ClassProp) | undefined) => stri
ng>'.
src/components/ui/Modal.tsx(241,7): error TS2339: Property 'onConfirm' does not
 exist on type 'ModalProps'.
src/components/ui/Modal.tsx(242,7): error TS2339: Property 'onClose' does not e
xist on type 'ModalProps'.
src/components/ui/Modal.tsx(444,43): error TS2322: Type 'SizeVariant | undefine
d' is not assignable to type '"sm" | "md" | "lg" | "xl" | "full" | "2xl" | "3xl
" | "4xl" | "5xl" | null | undefined'.
src/components/ui/Modal.tsx(453,28): error TS2322: Type '{ isOpen: boolean | un
defined; onClose: () => Promise<void>; onConfirm: () => Promise<void>; loading:
 boolean; }' is not assignable to type 'ModalContextType'.
src/components/ui/Select.tsx(64,18): error TS2320: Interface 'SelectProps' cann
ot simultaneously extend types 'SelectProps' and 'VariantProps<(props?: (Config
Variants<{ size: { sm: string; md: string; lg: string; }; state: { default: str
ing; error: string; success: string; warning: string; }; }> & ClassProp) | unde
fined) => string>'.
src/components/ui/Select.tsx(85,18): error TS2320: Interface 'SelectTriggerProp
s' cannot simultaneously extend types 'SelectTriggerProps' and 'VariantProps<(p
rops?: (ConfigVariants<{ size: { sm: string; md: string; lg: string; }; state: 
{ default: string; error: string; success: string; warning: string; }; }> & Cla
ssProp) | undefined) => string>'.
src/components/ui/Select.tsx(173,7): error TS2339: Property 'readonly' does not
 exist on type 'SelectTriggerProps'.
src/components/ui/Select.tsx(176,7): error TS2339: Property 'onClick' does not 
exist on type 'SelectTriggerProps'.
src/components/ui/Select.tsx(200,47): error TS2322: Type 'string | undefined' i
s not assignable to type '"sm" | "md" | "lg" | null | undefined'.
src/components/ui/Select.tsx(391,7): error TS2339: Property 'onValueChange' doe
s not exist on type 'SelectProps'.
src/components/ui/Select.tsx(398,7): error TS2339: Property 'readonly' does not
 exist on type 'SelectProps'.
src/components/ui/Select.tsx(477,31): error TS2322: Type '{ value: string | num
ber | readonly string[]; onValueChange: (newValue: string) => void; isOpen: boo
lean; setIsOpen: React.Dispatch<React.SetStateAction<boolean>>; selectedValue: 
string | ... 1 more ... | readonly string[]; ... 4 more ...; onSearchChange: ((
value: string) => void) | undefined; }' is not assignable to type 'SelectContex
tType'.
src/components/ui/Select.tsx(478,10): error TS2322: Type '{ children: ("" | Ele
ment | undefined)[]; name?: string | undefined; multiple?: boolean | undefined;
 title?: string | undefined; style?: CSSProperties | undefined; ... 269 more ..
.; className: string; }' is not assignable to type 'DetailedHTMLProps<HTMLAttri
butes<HTMLDivElement>, HTMLDivElement>'.
src/components/ui/Select.tsx(486,47): error TS2322: Type 'SizeVariant | undefin
ed' is not assignable to type '"sm" | "md" | "lg" | null | undefined'.
src/components/ui/Tabs.tsx(9,3): error TS2305: Module '"./ui.types"' has no exp
orted member 'TabsComponent'.
src/components/ui/Tabs.tsx(84,18): error TS2320: Interface 'TabsProps' cannot s
imultaneously extend types 'Omit<TabsProps, "orientation">' and 'Omit<VariantPr
ops<(props?: (ConfigVariants<{ variant: { default: string; underline: string; p
ills: string; enclosed: string; }; orientation: { horizontal: string; vertical:
 string; }; }> & ClassProp) | undefined) => string>, "orientation">'.
src/components/ui/Tabs.tsx(93,18): error TS2320: Interface 'TabsListProps' cann
ot simultaneously extend types 'TabsListProps' and 'VariantProps<(props?: (Conf
igVariants<{ variant: { default: string; underline: string; pills: string; encl
osed: string; }; orientation: { horizontal: string; vertical: string; }; }> & C
lassProp) | undefined) => string>'.
src/components/ui/Tabs.tsx(100,18): error TS2320: Interface 'TabsTriggerProps' 
cannot simultaneously extend types 'Omit<TabsTriggerProps, "onClick">' and 'Var
iantProps<(props?: (ConfigVariants<{ variant: { default: string; underline: str
ing; pills: string; enclosed: string; }; orientation: { horizontal: string; ver
tical: string; }; }> & ClassProp) | undefined) => string>'.
src/components/ui/Tabs.tsx(221,8): error TS2322: Type '{ children: (string | nu
mber | ReactElement<any, string | JSXElementConstructor<any>> | Iterable<ReactN
ode>)[] | null | undefined; ... 21 more ...; "aria-orientation": "horizontal" |
 ... 1 more ... | undefined; }' is not assignable to type 'DetailedHTMLProps<HT
MLAttributes<HTMLDivElement>, HTMLDivElement>'.



